{"/Users/macbookpro/Desktop/verichain/verichain-v2/backend/src/api/versionRouter.js": {"path":"/Users/macbookpro/Desktop/verichain/verichain-v2/backend/src/api/versionRouter.js","statementMap":{"0":{"start":{"line":1,"column":16},"end":{"line":1,"column":34}},"1":{"start":{"line":2,"column":15},"end":{"line":2,"column":31}},"2":{"start":{"line":3,"column":15},"end":{"line":3,"column":41}},"3":{"start":{"line":11,"column":26},"end":{"line":32,"column":1}},"4":{"start":{"line":12,"column":2},"end":{"line":31,"column":4}},"5":{"start":{"line":14,"column":4},"end":{"line":14,"column":42}},"6":{"start":{"line":15,"column":4},"end":{"line":15,"column":44}},"7":{"start":{"line":18,"column":4},"end":{"line":25,"column":5}},"8":{"start":{"line":19,"column":6},"end":{"line":19,"column":66}},"9":{"start":{"line":20,"column":6},"end":{"line":20,"column":43}},"10":{"start":{"line":21,"column":6},"end":{"line":21,"column":92}},"11":{"start":{"line":24,"column":6},"end":{"line":24,"column":89}},"12":{"start":{"line":28,"column":4},"end":{"line":28,"column":29}},"13":{"start":{"line":30,"column":4},"end":{"line":30,"column":11}},"14":{"start":{"line":35,"column":17},"end":{"line":35,"column":39}},"15":{"start":{"line":36,"column":17},"end":{"line":36,"column":39}},"16":{"start":{"line":39,"column":0},"end":{"line":42,"column":14}},"17":{"start":{"line":45,"column":0},"end":{"line":47,"column":14}},"18":{"start":{"line":50,"column":0},"end":{"line":53,"column":14}},"19":{"start":{"line":105,"column":0},"end":{"line":117,"column":3}},"20":{"start":{"line":106,"column":2},"end":{"line":116,"column":5}},"21":{"start":{"line":119,"column":0},"end":{"line":119,"column":24}}},"fnMap":{"0":{"name":"(anonymous_0)","decl":{"start":{"line":11,"column":26},"end":{"line":11,"column":27}},"loc":{"start":{"line":11,"column":53},"end":{"line":32,"column":1}},"line":11},"1":{"name":"(anonymous_1)","decl":{"start":{"line":12,"column":9},"end":{"line":12,"column":10}},"loc":{"start":{"line":12,"column":29},"end":{"line":31,"column":3}},"line":12},"2":{"name":"(anonymous_2)","decl":{"start":{"line":105,"column":24},"end":{"line":105,"column":25}},"loc":{"start":{"line":105,"column":38},"end":{"line":117,"column":1}},"line":105}},"branchMap":{"0":{"loc":{"start":{"line":11,"column":36},"end":{"line":11,"column":48}},"type":"default-arg","locations":[{"start":{"line":11,"column":46},"end":{"line":11,"column":48}}],"line":11},"1":{"loc":{"start":{"line":18,"column":4},"end":{"line":25,"column":5}},"type":"if","locations":[{"start":{"line":18,"column":4},"end":{"line":25,"column":5}},{"start":{},"end":{}}],"line":18},"2":{"loc":{"start":{"line":19,"column":30},"end":{"line":19,"column":64}},"type":"binary-expr","locations":[{"start":{"line":19,"column":30},"end":{"line":19,"column":48}},{"start":{"line":19,"column":52},"end":{"line":19,"column":64}}],"line":19}},"s":{"0":3,"1":3,"2":3,"3":3,"4":9,"5":26,"6":26,"7":26,"8":0,"9":0,"10":0,"11":0,"12":26,"13":26,"14":3,"15":3,"16":3,"17":3,"18":3,"19":3,"20":0,"21":3},"f":{"0":9,"1":26,"2":0},"b":{"0":[0],"1":[0,26],"2":[0,0]},"_coverageSchema":"1a1c01bbd47fc00a2c39e90264f33305004495a9","hash":"68b2b443c93ebdcf347f35fb0bb36922fa4a6b3e"}
,"/Users/macbookpro/Desktop/verichain/verichain-v2/backend/src/api/v1/routes/auth.routes.js": {"path":"/Users/macbookpro/Desktop/verichain/verichain-v2/backend/src/api/v1/routes/auth.routes.js","statementMap":{"0":{"start":{"line":1,"column":16},"end":{"line":1,"column":34}},"1":{"start":{"line":2,"column":15},"end":{"line":2,"column":31}},"2":{"start":{"line":3,"column":23},"end":{"line":3,"column":69}},"3":{"start":{"line":4,"column":20},"end":{"line":4,"column":55}},"4":{"start":{"line":5,"column":29},"end":{"line":5,"column":80}},"5":{"start":{"line":6,"column":20},"end":{"line":6,"column":81}},"6":{"start":{"line":7,"column":24},"end":{"line":7,"column":66}},"7":{"start":{"line":11,"column":0},"end":{"line":11,"column":44}},"8":{"start":{"line":55,"column":0},"end":{"line":59,"column":2}},"9":{"start":{"line":103,"column":0},"end":{"line":107,"column":2}},"10":{"start":{"line":130,"column":0},"end":{"line":133,"column":2}},"11":{"start":{"line":147,"column":0},"end":{"line":147,"column":55}},"12":{"start":{"line":171,"column":0},"end":{"line":175,"column":2}},"13":{"start":{"line":201,"column":0},"end":{"line":204,"column":2}},"14":{"start":{"line":222,"column":0},"end":{"line":222,"column":56}},"15":{"start":{"line":224,"column":0},"end":{"line":224,"column":24}}},"fnMap":{},"branchMap":{},"s":{"0":3,"1":3,"2":3,"3":3,"4":3,"5":3,"6":3,"7":3,"8":3,"9":3,"10":3,"11":3,"12":3,"13":3,"14":3,"15":3},"f":{},"b":{},"_coverageSchema":"1a1c01bbd47fc00a2c39e90264f33305004495a9","hash":"8704e2f4197a374ae64a7f099c4ace37a00325dd"}
,"/Users/macbookpro/Desktop/verichain/verichain-v2/backend/src/api/v1/routes/cache.routes.js": {"path":"/Users/macbookpro/Desktop/verichain/verichain-v2/backend/src/api/v1/routes/cache.routes.js","statementMap":{"0":{"start":{"line":2,"column":15},"end":{"line":2,"column":42}},"1":{"start":{"line":3,"column":20},"end":{"line":3,"column":55}},"2":{"start":{"line":4,"column":21},"end":{"line":4,"column":62}},"3":{"start":{"line":5,"column":26},"end":{"line":5,"column":74}},"4":{"start":{"line":56,"column":0},"end":{"line":70,"column":3}},"5":{"start":{"line":57,"column":2},"end":{"line":69,"column":3}},"6":{"start":{"line":58,"column":4},"end":{"line":63,"column":5}},"7":{"start":{"line":59,"column":6},"end":{"line":62,"column":9}},"8":{"start":{"line":65,"column":18},"end":{"line":65,"column":47}},"9":{"start":{"line":66,"column":4},"end":{"line":66,"column":42}},"10":{"start":{"line":68,"column":4},"end":{"line":68,"column":16}},"11":{"start":{"line":81,"column":0},"end":{"line":97,"column":3}},"12":{"start":{"line":82,"column":2},"end":{"line":96,"column":3}},"13":{"start":{"line":83,"column":4},"end":{"line":88,"column":5}},"14":{"start":{"line":84,"column":6},"end":{"line":87,"column":9}},"15":{"start":{"line":90,"column":18},"end":{"line":90,"column":44}},"16":{"start":{"line":91,"column":4},"end":{"line":93,"column":7}},"17":{"start":{"line":95,"column":4},"end":{"line":95,"column":16}},"18":{"start":{"line":106,"column":0},"end":{"line":130,"column":3}},"19":{"start":{"line":107,"column":2},"end":{"line":129,"column":3}},"20":{"start":{"line":108,"column":4},"end":{"line":113,"column":5}},"21":{"start":{"line":109,"column":6},"end":{"line":112,"column":9}},"22":{"start":{"line":115,"column":24},"end":{"line":115,"column":32}},"23":{"start":{"line":116,"column":4},"end":{"line":121,"column":5}},"24":{"start":{"line":117,"column":6},"end":{"line":120,"column":9}},"25":{"start":{"line":123,"column":18},"end":{"line":123,"column":56}},"26":{"start":{"line":124,"column":4},"end":{"line":126,"column":7}},"27":{"start":{"line":128,"column":4},"end":{"line":128,"column":16}},"28":{"start":{"line":132,"column":0},"end":{"line":132,"column":24}}},"fnMap":{"0":{"name":"(anonymous_0)","decl":{"start":{"line":56,"column":30},"end":{"line":56,"column":31}},"loc":{"start":{"line":56,"column":56},"end":{"line":70,"column":1}},"line":56},"1":{"name":"(anonymous_1)","decl":{"start":{"line":81,"column":31},"end":{"line":81,"column":32}},"loc":{"start":{"line":81,"column":57},"end":{"line":97,"column":1}},"line":81},"2":{"name":"(anonymous_2)","decl":{"start":{"line":106,"column":36},"end":{"line":106,"column":37}},"loc":{"start":{"line":106,"column":62},"end":{"line":130,"column":1}},"line":106}},"branchMap":{"0":{"loc":{"start":{"line":58,"column":4},"end":{"line":63,"column":5}},"type":"if","locations":[{"start":{"line":58,"column":4},"end":{"line":63,"column":5}},{"start":{},"end":{}}],"line":58},"1":{"loc":{"start":{"line":83,"column":4},"end":{"line":88,"column":5}},"type":"if","locations":[{"start":{"line":83,"column":4},"end":{"line":88,"column":5}},{"start":{},"end":{}}],"line":83},"2":{"loc":{"start":{"line":108,"column":4},"end":{"line":113,"column":5}},"type":"if","locations":[{"start":{"line":108,"column":4},"end":{"line":113,"column":5}},{"start":{},"end":{}}],"line":108},"3":{"loc":{"start":{"line":116,"column":4},"end":{"line":121,"column":5}},"type":"if","locations":[{"start":{"line":116,"column":4},"end":{"line":121,"column":5}},{"start":{},"end":{}}],"line":116}},"s":{"0":3,"1":3,"2":3,"3":3,"4":3,"5":0,"6":0,"7":0,"8":0,"9":0,"10":0,"11":3,"12":0,"13":0,"14":0,"15":0,"16":0,"17":0,"18":3,"19":0,"20":0,"21":0,"22":0,"23":0,"24":0,"25":0,"26":0,"27":0,"28":3},"f":{"0":0,"1":0,"2":0},"b":{"0":[0,0],"1":[0,0],"2":[0,0],"3":[0,0]},"_coverageSchema":"1a1c01bbd47fc00a2c39e90264f33305004495a9","hash":"07270b560aeb319fc52d4137d27c1601ee011bd7"}
,"/Users/macbookpro/Desktop/verichain/verichain-v2/backend/src/api/v1/routes/certificates.js": {"path":"/Users/macbookpro/Desktop/verichain/verichain-v2/backend/src/api/v1/routes/certificates.js","statementMap":{"0":{"start":{"line":2,"column":15},"end":{"line":2,"column":42}},"1":{"start":{"line":3,"column":29},"end":{"line":3,"column":80}},"2":{"start":{"line":4,"column":27},"end":{"line":4,"column":96}},"3":{"start":{"line":5,"column":21},"end":{"line":5,"column":73}},"4":{"start":{"line":6,"column":24},"end":{"line":6,"column":68}},"5":{"start":{"line":7,"column":22},"end":{"line":7,"column":64}},"6":{"start":{"line":8,"column":20},"end":{"line":8,"column":55}},"7":{"start":{"line":9,"column":15},"end":{"line":9,"column":32}},"8":{"start":{"line":10,"column":45},"end":{"line":10,"column":87}},"9":{"start":{"line":11,"column":28},"end":{"line":11,"column":75}},"10":{"start":{"line":12,"column":31},"end":{"line":12,"column":57}},"11":{"start":{"line":13,"column":15},"end":{"line":13,"column":47}},"12":{"start":{"line":14,"column":30},"end":{"line":14,"column":72}},"13":{"start":{"line":15,"column":26},"end":{"line":15,"column":74}},"14":{"start":{"line":16,"column":30},"end":{"line":16,"column":75}},"15":{"start":{"line":17,"column":21},"end":{"line":17,"column":62}},"16":{"start":{"line":18,"column":23},"end":{"line":18,"column":66}},"17":{"start":{"line":88,"column":0},"end":{"line":88,"column":44}},"18":{"start":{"line":91,"column":28},"end":{"line":121,"column":1}},"19":{"start":{"line":92,"column":40},"end":{"line":92,"column":48}},"20":{"start":{"line":94,"column":2},"end":{"line":99,"column":3}},"21":{"start":{"line":95,"column":4},"end":{"line":98,"column":7}},"22":{"start":{"line":102,"column":2},"end":{"line":110,"column":3}},"23":{"start":{"line":103,"column":23},"end":{"line":103,"column":51}},"24":{"start":{"line":104,"column":4},"end":{"line":109,"column":5}},"25":{"start":{"line":105,"column":6},"end":{"line":108,"column":9}},"26":{"start":{"line":113,"column":2},"end":{"line":118,"column":3}},"27":{"start":{"line":114,"column":4},"end":{"line":117,"column":7}},"28":{"start":{"line":120,"column":2},"end":{"line":120,"column":9}},"29":{"start":{"line":125,"column":15},"end":{"line":125,"column":21}},"30":{"start":{"line":127,"column":2},"end":{"line":143,"column":3}},"31":{"start":{"line":128,"column":26},"end":{"line":132,"column":15}},"32":{"start":{"line":134,"column":4},"end":{"line":142,"column":5}},"33":{"start":{"line":135,"column":6},"end":{"line":135,"column":38}},"34":{"start":{"line":136,"column":11},"end":{"line":142,"column":5}},"35":{"start":{"line":138,"column":24},"end":{"line":138,"column":72}},"36":{"start":{"line":139,"column":6},"end":{"line":141,"column":7}},"37":{"start":{"line":140,"column":8},"end":{"line":140,"column":43}},"38":{"start":{"line":146,"column":20},"end":{"line":146,"column":57}},"39":{"start":{"line":147,"column":17},"end":{"line":147,"column":68}},"40":{"start":{"line":150,"column":20},"end":{"line":150,"column":22}},"41":{"start":{"line":151,"column":21},"end":{"line":151,"column":22}},"42":{"start":{"line":152,"column":26},"end":{"line":152,"column":64}},"43":{"start":{"line":155,"column":26},"end":{"line":155,"column":87}},"44":{"start":{"line":156,"column":23},"end":{"line":156,"column":81}},"45":{"start":{"line":158,"column":13},"end":{"line":158,"column":103}},"46":{"start":{"line":160,"column":2},"end":{"line":160,"column":29}},"47":{"start":{"line":222,"column":0},"end":{"line":348,"column":2}},"48":{"start":{"line":229,"column":24},"end":{"line":229,"column":69}},"49":{"start":{"line":231,"column":4},"end":{"line":346,"column":5}},"50":{"start":{"line":243,"column":10},"end":{"line":243,"column":18}},"51":{"start":{"line":245,"column":24},"end":{"line":245,"column":48}},"52":{"start":{"line":246,"column":21},"end":{"line":246,"column":32}},"53":{"start":{"line":249,"column":6},"end":{"line":251,"column":7}},"54":{"start":{"line":250,"column":8},"end":{"line":250,"column":98}},"55":{"start":{"line":253,"column":27},"end":{"line":253,"column":65}},"56":{"start":{"line":254,"column":6},"end":{"line":256,"column":7}},"57":{"start":{"line":255,"column":8},"end":{"line":255,"column":87}},"58":{"start":{"line":259,"column":17},"end":{"line":259,"column":55}},"59":{"start":{"line":262,"column":33},"end":{"line":266,"column":17}},"60":{"start":{"line":268,"column":6},"end":{"line":270,"column":7}},"61":{"start":{"line":269,"column":8},"end":{"line":269,"column":92}},"62":{"start":{"line":273,"column":30},"end":{"line":292,"column":7}},"63":{"start":{"line":295,"column":6},"end":{"line":309,"column":11}},"64":{"start":{"line":312,"column":21},"end":{"line":312,"column":48}},"65":{"start":{"line":315,"column":36},"end":{"line":325,"column":17}},"66":{"start":{"line":327,"column":6},"end":{"line":327,"column":65}},"67":{"start":{"line":330,"column":6},"end":{"line":335,"column":7}},"68":{"start":{"line":331,"column":8},"end":{"line":334,"column":11}},"69":{"start":{"line":332,"column":10},"end":{"line":333,"column":88}},"70":{"start":{"line":333,"column":26},"end":{"line":333,"column":86}},"71":{"start":{"line":337,"column":6},"end":{"line":341,"column":8}},"72":{"start":{"line":345,"column":6},"end":{"line":345,"column":18}},"73":{"start":{"line":455,"column":0},"end":{"line":574,"column":3}},"74":{"start":{"line":459,"column":4},"end":{"line":573,"column":3}},"75":{"start":{"line":461,"column":29},"end":{"line":461,"column":60}},"76":{"start":{"line":472,"column":10},"end":{"line":472,"column":24}},"77":{"start":{"line":474,"column":21},"end":{"line":474,"column":39}},"78":{"start":{"line":477,"column":18},"end":{"line":491,"column":30}},"79":{"start":{"line":494,"column":4},"end":{"line":504,"column":5}},"80":{"start":{"line":496,"column":6},"end":{"line":496,"column":56}},"81":{"start":{"line":497,"column":11},"end":{"line":504,"column":5}},"82":{"start":{"line":499,"column":6},"end":{"line":503,"column":7}},"83":{"start":{"line":500,"column":8},"end":{"line":500,"column":70}},"84":{"start":{"line":502,"column":8},"end":{"line":502,"column":52}},"85":{"start":{"line":507,"column":4},"end":{"line":509,"column":5}},"86":{"start":{"line":508,"column":6},"end":{"line":508,"column":52}},"87":{"start":{"line":511,"column":4},"end":{"line":513,"column":5}},"88":{"start":{"line":512,"column":6},"end":{"line":512,"column":59}},"89":{"start":{"line":515,"column":4},"end":{"line":524,"column":5}},"90":{"start":{"line":516,"column":25},"end":{"line":516,"column":38}},"91":{"start":{"line":517,"column":6},"end":{"line":523,"column":8}},"92":{"start":{"line":526,"column":4},"end":{"line":528,"column":5}},"93":{"start":{"line":527,"column":6},"end":{"line":527,"column":49}},"94":{"start":{"line":530,"column":4},"end":{"line":532,"column":5}},"95":{"start":{"line":531,"column":6},"end":{"line":531,"column":47}},"96":{"start":{"line":535,"column":30},"end":{"line":535,"column":110}},"97":{"start":{"line":536,"column":22},"end":{"line":536,"column":82}},"98":{"start":{"line":537,"column":26},"end":{"line":537,"column":46}},"99":{"start":{"line":540,"column":35},"end":{"line":542,"column":53}},"100":{"start":{"line":544,"column":4},"end":{"line":544,"column":27}},"101":{"start":{"line":544,"column":15},"end":{"line":544,"column":27}},"102":{"start":{"line":547,"column":18},"end":{"line":552,"column":5}},"103":{"start":{"line":549,"column":35},"end":{"line":549,"column":70}},"104":{"start":{"line":550,"column":33},"end":{"line":550,"column":66}},"105":{"start":{"line":551,"column":32},"end":{"line":551,"column":64}},"106":{"start":{"line":554,"column":4},"end":{"line":566,"column":7}},"107":{"start":{"line":568,"column":4},"end":{"line":568,"column":53}},"108":{"start":{"line":569,"column":4},"end":{"line":572,"column":7}},"109":{"start":{"line":608,"column":0},"end":{"line":661,"column":3}},"110":{"start":{"line":609,"column":2},"end":{"line":660,"column":3}},"111":{"start":{"line":611,"column":19},"end":{"line":611,"column":67}},"112":{"start":{"line":612,"column":4},"end":{"line":618,"column":5}},"113":{"start":{"line":613,"column":6},"end":{"line":613,"column":38}},"114":{"start":{"line":614,"column":6},"end":{"line":617,"column":9}},"115":{"start":{"line":621,"column":28},"end":{"line":634,"column":15}},"116":{"start":{"line":636,"column":4},"end":{"line":644,"column":5}},"117":{"start":{"line":637,"column":6},"end":{"line":642,"column":7}},"118":{"start":{"line":638,"column":8},"end":{"line":641,"column":11}},"119":{"start":{"line":643,"column":6},"end":{"line":643,"column":18}},"120":{"start":{"line":647,"column":4},"end":{"line":647,"column":59}},"121":{"start":{"line":649,"column":4},"end":{"line":649,"column":37}},"122":{"start":{"line":650,"column":4},"end":{"line":653,"column":7}},"123":{"start":{"line":655,"column":4},"end":{"line":655,"column":51}},"124":{"start":{"line":656,"column":4},"end":{"line":659,"column":7}},"125":{"start":{"line":714,"column":0},"end":{"line":887,"column":3}},"126":{"start":{"line":718,"column":2},"end":{"line":886,"column":3}},"127":{"start":{"line":720,"column":25},"end":{"line":720,"column":63}},"128":{"start":{"line":721,"column":4},"end":{"line":726,"column":5}},"129":{"start":{"line":722,"column":6},"end":{"line":725,"column":9}},"130":{"start":{"line":729,"column":34},"end":{"line":739,"column":15}},"131":{"start":{"line":741,"column":4},"end":{"line":746,"column":5}},"132":{"start":{"line":742,"column":6},"end":{"line":745,"column":9}},"133":{"start":{"line":749,"column":4},"end":{"line":754,"column":5}},"134":{"start":{"line":750,"column":6},"end":{"line":753,"column":9}},"135":{"start":{"line":757,"column":4},"end":{"line":767,"column":5}},"136":{"start":{"line":758,"column":6},"end":{"line":766,"column":9}},"137":{"start":{"line":770,"column":31},"end":{"line":782,"column":5}},"138":{"start":{"line":784,"column":28},"end":{"line":787,"column":20}},"139":{"start":{"line":790,"column":27},"end":{"line":798,"column":5}},"140":{"start":{"line":801,"column":4},"end":{"line":801,"column":67}},"141":{"start":{"line":802,"column":29},"end":{"line":802,"column":83}},"142":{"start":{"line":804,"column":4},"end":{"line":806,"column":5}},"143":{"start":{"line":805,"column":6},"end":{"line":805,"column":87}},"144":{"start":{"line":809,"column":35},"end":{"line":822,"column":30}},"145":{"start":{"line":824,"column":4},"end":{"line":827,"column":5}},"146":{"start":{"line":825,"column":6},"end":{"line":825,"column":96}},"147":{"start":{"line":830,"column":4},"end":{"line":842,"column":9}},"148":{"start":{"line":845,"column":6},"end":{"line":853,"column":7}},"149":{"start":{"line":846,"column":8},"end":{"line":852,"column":11}},"150":{"start":{"line":847,"column":10},"end":{"line":851,"column":92}},"151":{"start":{"line":851,"column":26},"end":{"line":851,"column":90}},"152":{"start":{"line":855,"column":6},"end":{"line":865,"column":7}},"153":{"start":{"line":867,"column":4},"end":{"line":867,"column":59}},"154":{"start":{"line":870,"column":4},"end":{"line":880,"column":31}},"155":{"start":{"line":882,"column":4},"end":{"line":885,"column":7}},"156":{"start":{"line":950,"column":0},"end":{"line":1088,"column":3}},"157":{"start":{"line":951,"column":2},"end":{"line":1087,"column":3}},"158":{"start":{"line":952,"column":34},"end":{"line":964,"column":15}},"159":{"start":{"line":966,"column":4},"end":{"line":972,"column":5}},"160":{"start":{"line":967,"column":6},"end":{"line":971,"column":9}},"161":{"start":{"line":975,"column":4},"end":{"line":980,"column":31}},"162":{"start":{"line":983,"column":31},"end":{"line":989,"column":5}},"163":{"start":{"line":991,"column":4},"end":{"line":993,"column":34}},"164":{"start":{"line":996,"column":31},"end":{"line":1008,"column":5}},"165":{"start":{"line":1010,"column":24},"end":{"line":1013,"column":20}},"166":{"start":{"line":1016,"column":33},"end":{"line":1016,"column":37}},"167":{"start":{"line":1017,"column":4},"end":{"line":1032,"column":5}},"168":{"start":{"line":1018,"column":6},"end":{"line":1031,"column":7}},"169":{"start":{"line":1019,"column":8},"end":{"line":1024,"column":10}},"170":{"start":{"line":1026,"column":8},"end":{"line":1026,"column":63}},"171":{"start":{"line":1027,"column":8},"end":{"line":1030,"column":10}},"172":{"start":{"line":1035,"column":4},"end":{"line":1043,"column":5}},"173":{"start":{"line":1036,"column":6},"end":{"line":1042,"column":9}},"174":{"start":{"line":1037,"column":8},"end":{"line":1041,"column":79}},"175":{"start":{"line":1041,"column":24},"end":{"line":1041,"column":77}},"176":{"start":{"line":1045,"column":4},"end":{"line":1080,"column":7}},"177":{"start":{"line":1082,"column":4},"end":{"line":1082,"column":54}},"178":{"start":{"line":1083,"column":4},"end":{"line":1086,"column":7}},"179":{"start":{"line":1136,"column":0},"end":{"line":1249,"column":3}},"180":{"start":{"line":1141,"column":2},"end":{"line":1248,"column":3}},"181":{"start":{"line":1142,"column":19},"end":{"line":1142,"column":29}},"182":{"start":{"line":1143,"column":20},"end":{"line":1143,"column":28}},"183":{"start":{"line":1146,"column":28},"end":{"line":1149,"column":5}},"184":{"start":{"line":1151,"column":4},"end":{"line":1151,"column":60}},"185":{"start":{"line":1151,"column":37},"end":{"line":1151,"column":58}},"186":{"start":{"line":1154,"column":27},"end":{"line":1158,"column":15}},"187":{"start":{"line":1160,"column":4},"end":{"line":1165,"column":5}},"188":{"start":{"line":1161,"column":6},"end":{"line":1164,"column":9}},"189":{"start":{"line":1168,"column":4},"end":{"line":1173,"column":5}},"190":{"start":{"line":1169,"column":6},"end":{"line":1172,"column":9}},"191":{"start":{"line":1176,"column":4},"end":{"line":1183,"column":5}},"192":{"start":{"line":1177,"column":6},"end":{"line":1182,"column":7}},"193":{"start":{"line":1178,"column":8},"end":{"line":1181,"column":11}},"194":{"start":{"line":1186,"column":4},"end":{"line":1188,"column":5}},"195":{"start":{"line":1187,"column":6},"end":{"line":1187,"column":73}},"196":{"start":{"line":1189,"column":4},"end":{"line":1191,"column":5}},"197":{"start":{"line":1190,"column":6},"end":{"line":1190,"column":50}},"198":{"start":{"line":1192,"column":4},"end":{"line":1194,"column":5}},"199":{"start":{"line":1193,"column":6},"end":{"line":1193,"column":50}},"200":{"start":{"line":1197,"column":28},"end":{"line":1210,"column":15}},"201":{"start":{"line":1212,"column":4},"end":{"line":1212,"column":27}},"202":{"start":{"line":1212,"column":15},"end":{"line":1212,"column":27}},"203":{"start":{"line":1215,"column":4},"end":{"line":1224,"column":9}},"204":{"start":{"line":1227,"column":6},"end":{"line":1227,"column":51}},"205":{"start":{"line":1230,"column":6},"end":{"line":1235,"column":7}},"206":{"start":{"line":1231,"column":8},"end":{"line":1234,"column":11}},"207":{"start":{"line":1232,"column":10},"end":{"line":1233,"column":75}},"208":{"start":{"line":1233,"column":26},"end":{"line":1233,"column":73}},"209":{"start":{"line":1237,"column":6},"end":{"line":1241,"column":7}},"210":{"start":{"line":1243,"column":4},"end":{"line":1243,"column":54}},"211":{"start":{"line":1244,"column":4},"end":{"line":1247,"column":7}},"212":{"start":{"line":1278,"column":0},"end":{"line":1349,"column":3}},"213":{"start":{"line":1279,"column":2},"end":{"line":1348,"column":3}},"214":{"start":{"line":1280,"column":19},"end":{"line":1280,"column":29}},"215":{"start":{"line":1283,"column":4},"end":{"line":1288,"column":5}},"216":{"start":{"line":1284,"column":6},"end":{"line":1287,"column":9}},"217":{"start":{"line":1291,"column":27},"end":{"line":1295,"column":15}},"218":{"start":{"line":1297,"column":4},"end":{"line":1302,"column":5}},"219":{"start":{"line":1298,"column":6},"end":{"line":1301,"column":9}},"220":{"start":{"line":1305,"column":4},"end":{"line":1310,"column":5}},"221":{"start":{"line":1306,"column":6},"end":{"line":1309,"column":9}},"222":{"start":{"line":1313,"column":4},"end":{"line":1316,"column":32}},"223":{"start":{"line":1319,"column":22},"end":{"line":1322,"column":19}},"224":{"start":{"line":1324,"column":4},"end":{"line":1324,"column":27}},"225":{"start":{"line":1324,"column":15},"end":{"line":1324,"column":27}},"226":{"start":{"line":1327,"column":4},"end":{"line":1336,"column":9}},"227":{"start":{"line":1338,"column":4},"end":{"line":1341,"column":7}},"228":{"start":{"line":1343,"column":4},"end":{"line":1343,"column":54}},"229":{"start":{"line":1344,"column":4},"end":{"line":1347,"column":7}},"230":{"start":{"line":1415,"column":0},"end":{"line":1492,"column":3}},"231":{"start":{"line":1416,"column":2},"end":{"line":1491,"column":3}},"232":{"start":{"line":1418,"column":4},"end":{"line":1423,"column":5}},"233":{"start":{"line":1419,"column":6},"end":{"line":1422,"column":9}},"234":{"start":{"line":1425,"column":32},"end":{"line":1425,"column":40}},"235":{"start":{"line":1427,"column":4},"end":{"line":1432,"column":5}},"236":{"start":{"line":1428,"column":6},"end":{"line":1431,"column":9}},"237":{"start":{"line":1434,"column":4},"end":{"line":1439,"column":5}},"238":{"start":{"line":1435,"column":6},"end":{"line":1438,"column":9}},"239":{"start":{"line":1441,"column":20},"end":{"line":1441,"column":22}},"240":{"start":{"line":1442,"column":19},"end":{"line":1442,"column":21}},"241":{"start":{"line":1444,"column":4},"end":{"line":1477,"column":5}},"242":{"start":{"line":1445,"column":6},"end":{"line":1476,"column":7}},"243":{"start":{"line":1447,"column":25},"end":{"line":1453,"column":10}},"244":{"start":{"line":1455,"column":23},"end":{"line":1455,"column":44}},"245":{"start":{"line":1457,"column":8},"end":{"line":1469,"column":9}},"246":{"start":{"line":1458,"column":10},"end":{"line":1462,"column":13}},"247":{"start":{"line":1464,"column":10},"end":{"line":1468,"column":13}},"248":{"start":{"line":1471,"column":8},"end":{"line":1475,"column":11}},"249":{"start":{"line":1479,"column":4},"end":{"line":1484,"column":7}},"250":{"start":{"line":1486,"column":4},"end":{"line":1486,"column":54}},"251":{"start":{"line":1487,"column":4},"end":{"line":1490,"column":7}},"252":{"start":{"line":1494,"column":0},"end":{"line":1494,"column":24}}},"fnMap":{"0":{"name":"(anonymous_0)","decl":{"start":{"line":91,"column":28},"end":{"line":91,"column":29}},"loc":{"start":{"line":91,"column":48},"end":{"line":121,"column":1}},"line":91},"1":{"name":"generateCertificateId","decl":{"start":{"line":124,"column":15},"end":{"line":124,"column":36}},"loc":{"start":{"line":124,"column":53},"end":{"line":161,"column":1}},"line":124},"2":{"name":"(anonymous_2)","decl":{"start":{"line":228,"column":2},"end":{"line":228,"column":3}},"loc":{"start":{"line":228,"column":28},"end":{"line":347,"column":3}},"line":228},"3":{"name":"(anonymous_3)","decl":{"start":{"line":331,"column":21},"end":{"line":331,"column":22}},"loc":{"start":{"line":331,"column":27},"end":{"line":334,"column":9}},"line":331},"4":{"name":"(anonymous_4)","decl":{"start":{"line":333,"column":19},"end":{"line":333,"column":20}},"loc":{"start":{"line":333,"column":26},"end":{"line":333,"column":86}},"line":333},"5":{"name":"(anonymous_5)","decl":{"start":{"line":458,"column":2},"end":{"line":458,"column":3}},"loc":{"start":{"line":458,"column":22},"end":{"line":574,"column":1}},"line":458},"6":{"name":"(anonymous_6)","decl":{"start":{"line":549,"column":30},"end":{"line":549,"column":31}},"loc":{"start":{"line":549,"column":35},"end":{"line":549,"column":70}},"line":549},"7":{"name":"(anonymous_7)","decl":{"start":{"line":550,"column":28},"end":{"line":550,"column":29}},"loc":{"start":{"line":550,"column":33},"end":{"line":550,"column":66}},"line":550},"8":{"name":"(anonymous_8)","decl":{"start":{"line":551,"column":27},"end":{"line":551,"column":28}},"loc":{"start":{"line":551,"column":32},"end":{"line":551,"column":64}},"line":551},"9":{"name":"(anonymous_9)","decl":{"start":{"line":608,"column":19},"end":{"line":608,"column":20}},"loc":{"start":{"line":608,"column":39},"end":{"line":661,"column":1}},"line":608},"10":{"name":"(anonymous_10)","decl":{"start":{"line":717,"column":2},"end":{"line":717,"column":3}},"loc":{"start":{"line":717,"column":22},"end":{"line":887,"column":1}},"line":717},"11":{"name":"(anonymous_11)","decl":{"start":{"line":846,"column":21},"end":{"line":846,"column":22}},"loc":{"start":{"line":846,"column":27},"end":{"line":852,"column":9}},"line":846},"12":{"name":"(anonymous_12)","decl":{"start":{"line":851,"column":19},"end":{"line":851,"column":20}},"loc":{"start":{"line":851,"column":26},"end":{"line":851,"column":90}},"line":851},"13":{"name":"(anonymous_13)","decl":{"start":{"line":950,"column":26},"end":{"line":950,"column":27}},"loc":{"start":{"line":950,"column":46},"end":{"line":1088,"column":1}},"line":950},"14":{"name":"(anonymous_14)","decl":{"start":{"line":1036,"column":19},"end":{"line":1036,"column":20}},"loc":{"start":{"line":1036,"column":25},"end":{"line":1042,"column":7}},"line":1036},"15":{"name":"(anonymous_15)","decl":{"start":{"line":1041,"column":17},"end":{"line":1041,"column":18}},"loc":{"start":{"line":1041,"column":24},"end":{"line":1041,"column":77}},"line":1041},"16":{"name":"(anonymous_16)","decl":{"start":{"line":1140,"column":2},"end":{"line":1140,"column":3}},"loc":{"start":{"line":1140,"column":22},"end":{"line":1249,"column":1}},"line":1140},"17":{"name":"(anonymous_17)","decl":{"start":{"line":1151,"column":28},"end":{"line":1151,"column":29}},"loc":{"start":{"line":1151,"column":37},"end":{"line":1151,"column":58}},"line":1151},"18":{"name":"(anonymous_18)","decl":{"start":{"line":1231,"column":21},"end":{"line":1231,"column":22}},"loc":{"start":{"line":1231,"column":27},"end":{"line":1234,"column":9}},"line":1231},"19":{"name":"(anonymous_19)","decl":{"start":{"line":1233,"column":19},"end":{"line":1233,"column":20}},"loc":{"start":{"line":1233,"column":26},"end":{"line":1233,"column":73}},"line":1233},"20":{"name":"(anonymous_20)","decl":{"start":{"line":1278,"column":31},"end":{"line":1278,"column":32}},"loc":{"start":{"line":1278,"column":51},"end":{"line":1349,"column":1}},"line":1278},"21":{"name":"(anonymous_21)","decl":{"start":{"line":1415,"column":51},"end":{"line":1415,"column":52}},"loc":{"start":{"line":1415,"column":71},"end":{"line":1492,"column":1}},"line":1415}},"branchMap":{"0":{"loc":{"start":{"line":94,"column":2},"end":{"line":99,"column":3}},"type":"if","locations":[{"start":{"line":94,"column":2},"end":{"line":99,"column":3}},{"start":{},"end":{}}],"line":94},"1":{"loc":{"start":{"line":94,"column":6},"end":{"line":94,"column":35}},"type":"binary-expr","locations":[{"start":{"line":94,"column":6},"end":{"line":94,"column":19}},{"start":{"line":94,"column":23},"end":{"line":94,"column":35}}],"line":94},"2":{"loc":{"start":{"line":102,"column":2},"end":{"line":110,"column":3}},"type":"if","locations":[{"start":{"line":102,"column":2},"end":{"line":110,"column":3}},{"start":{},"end":{}}],"line":102},"3":{"loc":{"start":{"line":104,"column":4},"end":{"line":109,"column":5}},"type":"if","locations":[{"start":{"line":104,"column":4},"end":{"line":109,"column":5}},{"start":{},"end":{}}],"line":104},"4":{"loc":{"start":{"line":113,"column":2},"end":{"line":118,"column":3}},"type":"if","locations":[{"start":{"line":113,"column":2},"end":{"line":118,"column":3}},{"start":{},"end":{}}],"line":113},"5":{"loc":{"start":{"line":113,"column":6},"end":{"line":113,"column":75}},"type":"binary-expr","locations":[{"start":{"line":113,"column":6},"end":{"line":113,"column":22}},{"start":{"line":113,"column":27},"end":{"line":113,"column":50}},{"start":{"line":113,"column":54},"end":{"line":113,"column":74}}],"line":113},"6":{"loc":{"start":{"line":127,"column":2},"end":{"line":143,"column":3}},"type":"if","locations":[{"start":{"line":127,"column":2},"end":{"line":143,"column":3}},{"start":{},"end":{}}],"line":127},"7":{"loc":{"start":{"line":134,"column":4},"end":{"line":142,"column":5}},"type":"if","locations":[{"start":{"line":134,"column":4},"end":{"line":142,"column":5}},{"start":{"line":136,"column":11},"end":{"line":142,"column":5}}],"line":134},"8":{"loc":{"start":{"line":134,"column":8},"end":{"line":134,"column":37}},"type":"binary-expr","locations":[{"start":{"line":134,"column":8},"end":{"line":134,"column":11}},{"start":{"line":134,"column":15},"end":{"line":134,"column":37}}],"line":134},"9":{"loc":{"start":{"line":136,"column":11},"end":{"line":142,"column":5}},"type":"if","locations":[{"start":{"line":136,"column":11},"end":{"line":142,"column":5}},{"start":{},"end":{}}],"line":136},"10":{"loc":{"start":{"line":136,"column":15},"end":{"line":136,"column":30}},"type":"binary-expr","locations":[{"start":{"line":136,"column":15},"end":{"line":136,"column":18}},{"start":{"line":136,"column":22},"end":{"line":136,"column":30}}],"line":136},"11":{"loc":{"start":{"line":139,"column":6},"end":{"line":141,"column":7}},"type":"if","locations":[{"start":{"line":139,"column":6},"end":{"line":141,"column":7}},{"start":{},"end":{}}],"line":139},"12":{"loc":{"start":{"line":249,"column":6},"end":{"line":251,"column":7}},"type":"if","locations":[{"start":{"line":249,"column":6},"end":{"line":251,"column":7}},{"start":{},"end":{}}],"line":249},"13":{"loc":{"start":{"line":249,"column":10},"end":{"line":249,"column":55}},"type":"binary-expr","locations":[{"start":{"line":249,"column":10},"end":{"line":249,"column":20}},{"start":{"line":249,"column":24},"end":{"line":249,"column":55}}],"line":249},"14":{"loc":{"start":{"line":254,"column":6},"end":{"line":256,"column":7}},"type":"if","locations":[{"start":{"line":254,"column":6},"end":{"line":256,"column":7}},{"start":{},"end":{}}],"line":254},"15":{"loc":{"start":{"line":268,"column":6},"end":{"line":270,"column":7}},"type":"if","locations":[{"start":{"line":268,"column":6},"end":{"line":270,"column":7}},{"start":{},"end":{}}],"line":268},"16":{"loc":{"start":{"line":275,"column":25},"end":{"line":275,"column":42}},"type":"binary-expr","locations":[{"start":{"line":275,"column":25},"end":{"line":275,"column":34}},{"start":{"line":275,"column":38},"end":{"line":275,"column":42}}],"line":275},"17":{"loc":{"start":{"line":277,"column":23},"end":{"line":277,"column":80}},"type":"cond-expr","locations":[{"start":{"line":277,"column":39},"end":{"line":277,"column":73}},{"start":{"line":277,"column":76},"end":{"line":277,"column":80}}],"line":277},"18":{"loc":{"start":{"line":278,"column":20},"end":{"line":278,"column":57}},"type":"cond-expr","locations":[{"start":{"line":278,"column":33},"end":{"line":278,"column":50}},{"start":{"line":278,"column":53},"end":{"line":278,"column":57}}],"line":278},"19":{"loc":{"start":{"line":280,"column":21},"end":{"line":280,"column":74}},"type":"cond-expr","locations":[{"start":{"line":280,"column":35},"end":{"line":280,"column":67}},{"start":{"line":280,"column":70},"end":{"line":280,"column":74}}],"line":280},"20":{"loc":{"start":{"line":281,"column":25},"end":{"line":281,"column":72}},"type":"cond-expr","locations":[{"start":{"line":281,"column":43},"end":{"line":281,"column":65}},{"start":{"line":281,"column":68},"end":{"line":281,"column":72}}],"line":281},"21":{"loc":{"start":{"line":283,"column":25},"end":{"line":283,"column":48}},"type":"binary-expr","locations":[{"start":{"line":283,"column":25},"end":{"line":283,"column":40}},{"start":{"line":283,"column":44},"end":{"line":283,"column":48}}],"line":283},"22":{"loc":{"start":{"line":284,"column":15},"end":{"line":284,"column":49}},"type":"cond-expr","locations":[{"start":{"line":284,"column":23},"end":{"line":284,"column":42}},{"start":{"line":284,"column":45},"end":{"line":284,"column":49}}],"line":284},"23":{"loc":{"start":{"line":285,"column":17},"end":{"line":285,"column":51}},"type":"cond-expr","locations":[{"start":{"line":285,"column":27},"end":{"line":285,"column":44}},{"start":{"line":285,"column":47},"end":{"line":285,"column":51}}],"line":285},"24":{"loc":{"start":{"line":287,"column":32},"end":{"line":287,"column":108}},"type":"binary-expr","locations":[{"start":{"line":287,"column":32},"end":{"line":287,"column":60}},{"start":{"line":287,"column":64},"end":{"line":287,"column":108}}],"line":287},"25":{"loc":{"start":{"line":290,"column":18},"end":{"line":290,"column":32}},"type":"binary-expr","locations":[{"start":{"line":290,"column":18},"end":{"line":290,"column":26}},{"start":{"line":290,"column":30},"end":{"line":290,"column":32}}],"line":290},"26":{"loc":{"start":{"line":330,"column":6},"end":{"line":335,"column":7}},"type":"if","locations":[{"start":{"line":330,"column":6},"end":{"line":335,"column":7}},{"start":{},"end":{}}],"line":330},"27":{"loc":{"start":{"line":330,"column":10},"end":{"line":330,"column":66}},"type":"binary-expr","locations":[{"start":{"line":330,"column":10},"end":{"line":330,"column":24}},{"start":{"line":330,"column":28},"end":{"line":330,"column":66}}],"line":330},"28":{"loc":{"start":{"line":332,"column":72},"end":{"line":332,"column":101}},"type":"binary-expr","locations":[{"start":{"line":332,"column":72},"end":{"line":332,"column":83}},{"start":{"line":332,"column":87},"end":{"line":332,"column":101}}],"line":332},"29":{"loc":{"start":{"line":339,"column":8},"end":{"line":339,"column":37}},"type":"binary-expr","locations":[{"start":{"line":339,"column":8},"end":{"line":339,"column":19}},{"start":{"line":339,"column":23},"end":{"line":339,"column":37}}],"line":339},"30":{"loc":{"start":{"line":461,"column":29},"end":{"line":461,"column":60}},"type":"binary-expr","locations":[{"start":{"line":461,"column":29},"end":{"line":461,"column":47}},{"start":{"line":461,"column":51},"end":{"line":461,"column":60}}],"line":461},"31":{"loc":{"start":{"line":463,"column":8},"end":{"line":463,"column":16}},"type":"default-arg","locations":[{"start":{"line":463,"column":15},"end":{"line":463,"column":16}}],"line":463},"32":{"loc":{"start":{"line":464,"column":8},"end":{"line":464,"column":18}},"type":"default-arg","locations":[{"start":{"line":464,"column":16},"end":{"line":464,"column":18}}],"line":464},"33":{"loc":{"start":{"line":470,"column":8},"end":{"line":470,"column":30}},"type":"default-arg","locations":[{"start":{"line":470,"column":18},"end":{"line":470,"column":30}}],"line":470},"34":{"loc":{"start":{"line":471,"column":8},"end":{"line":471,"column":27}},"type":"default-arg","locations":[{"start":{"line":471,"column":21},"end":{"line":471,"column":27}}],"line":471},"35":{"loc":{"start":{"line":494,"column":4},"end":{"line":504,"column":5}},"type":"if","locations":[{"start":{"line":494,"column":4},"end":{"line":504,"column":5}},{"start":{"line":497,"column":11},"end":{"line":504,"column":5}}],"line":494},"36":{"loc":{"start":{"line":497,"column":11},"end":{"line":504,"column":5}},"type":"if","locations":[{"start":{"line":497,"column":11},"end":{"line":504,"column":5}},{"start":{},"end":{}}],"line":497},"37":{"loc":{"start":{"line":499,"column":6},"end":{"line":503,"column":7}},"type":"if","locations":[{"start":{"line":499,"column":6},"end":{"line":503,"column":7}},{"start":{"line":501,"column":13},"end":{"line":503,"column":7}}],"line":499},"38":{"loc":{"start":{"line":507,"column":4},"end":{"line":509,"column":5}},"type":"if","locations":[{"start":{"line":507,"column":4},"end":{"line":509,"column":5}},{"start":{},"end":{}}],"line":507},"39":{"loc":{"start":{"line":511,"column":4},"end":{"line":513,"column":5}},"type":"if","locations":[{"start":{"line":511,"column":4},"end":{"line":513,"column":5}},{"start":{},"end":{}}],"line":511},"40":{"loc":{"start":{"line":511,"column":8},"end":{"line":511,"column":58}},"type":"binary-expr","locations":[{"start":{"line":511,"column":8},"end":{"line":511,"column":23}},{"start":{"line":511,"column":27},"end":{"line":511,"column":58}}],"line":511},"41":{"loc":{"start":{"line":515,"column":4},"end":{"line":524,"column":5}},"type":"if","locations":[{"start":{"line":515,"column":4},"end":{"line":524,"column":5}},{"start":{},"end":{}}],"line":515},"42":{"loc":{"start":{"line":526,"column":4},"end":{"line":528,"column":5}},"type":"if","locations":[{"start":{"line":526,"column":4},"end":{"line":528,"column":5}},{"start":{},"end":{}}],"line":526},"43":{"loc":{"start":{"line":530,"column":4},"end":{"line":532,"column":5}},"type":"if","locations":[{"start":{"line":530,"column":4},"end":{"line":532,"column":5}},{"start":{},"end":{}}],"line":530},"44":{"loc":{"start":{"line":536,"column":22},"end":{"line":536,"column":82}},"type":"cond-expr","locations":[{"start":{"line":536,"column":60},"end":{"line":536,"column":67}},{"start":{"line":536,"column":70},"end":{"line":536,"column":82}}],"line":536},"45":{"loc":{"start":{"line":544,"column":4},"end":{"line":544,"column":27}},"type":"if","locations":[{"start":{"line":544,"column":4},"end":{"line":544,"column":27}},{"start":{},"end":{}}],"line":544},"46":{"loc":{"start":{"line":549,"column":17},"end":{"line":549,"column":83}},"type":"binary-expr","locations":[{"start":{"line":549,"column":17},"end":{"line":549,"column":78}},{"start":{"line":549,"column":82},"end":{"line":549,"column":83}}],"line":549},"47":{"loc":{"start":{"line":550,"column":15},"end":{"line":550,"column":79}},"type":"binary-expr","locations":[{"start":{"line":550,"column":15},"end":{"line":550,"column":74}},{"start":{"line":550,"column":78},"end":{"line":550,"column":79}}],"line":550},"48":{"loc":{"start":{"line":551,"column":14},"end":{"line":551,"column":77}},"type":"binary-expr","locations":[{"start":{"line":551,"column":14},"end":{"line":551,"column":72}},{"start":{"line":551,"column":76},"end":{"line":551,"column":77}}],"line":551},"49":{"loc":{"start":{"line":571,"column":13},"end":{"line":571,"column":63}},"type":"binary-expr","locations":[{"start":{"line":571,"column":13},"end":{"line":571,"column":26}},{"start":{"line":571,"column":30},"end":{"line":571,"column":63}}],"line":571},"50":{"loc":{"start":{"line":612,"column":4},"end":{"line":618,"column":5}},"type":"if","locations":[{"start":{"line":612,"column":4},"end":{"line":618,"column":5}},{"start":{},"end":{}}],"line":612},"51":{"loc":{"start":{"line":636,"column":4},"end":{"line":644,"column":5}},"type":"if","locations":[{"start":{"line":636,"column":4},"end":{"line":644,"column":5}},{"start":{},"end":{}}],"line":636},"52":{"loc":{"start":{"line":637,"column":6},"end":{"line":642,"column":7}},"type":"if","locations":[{"start":{"line":637,"column":6},"end":{"line":642,"column":7}},{"start":{},"end":{}}],"line":637},"53":{"loc":{"start":{"line":658,"column":13},"end":{"line":658,"column":62}},"type":"binary-expr","locations":[{"start":{"line":658,"column":13},"end":{"line":658,"column":26}},{"start":{"line":658,"column":30},"end":{"line":658,"column":62}}],"line":658},"54":{"loc":{"start":{"line":721,"column":4},"end":{"line":726,"column":5}},"type":"if","locations":[{"start":{"line":721,"column":4},"end":{"line":726,"column":5}},{"start":{},"end":{}}],"line":721},"55":{"loc":{"start":{"line":741,"column":4},"end":{"line":746,"column":5}},"type":"if","locations":[{"start":{"line":741,"column":4},"end":{"line":746,"column":5}},{"start":{},"end":{}}],"line":741},"56":{"loc":{"start":{"line":741,"column":8},"end":{"line":741,"column":22}},"type":"binary-expr","locations":[{"start":{"line":741,"column":8},"end":{"line":741,"column":13}},{"start":{"line":741,"column":17},"end":{"line":741,"column":22}}],"line":741},"57":{"loc":{"start":{"line":749,"column":4},"end":{"line":754,"column":5}},"type":"if","locations":[{"start":{"line":749,"column":4},"end":{"line":754,"column":5}},{"start":{},"end":{}}],"line":749},"58":{"loc":{"start":{"line":749,"column":8},"end":{"line":749,"column":92}},"type":"binary-expr","locations":[{"start":{"line":749,"column":8},"end":{"line":749,"column":39}},{"start":{"line":749,"column":43},"end":{"line":749,"column":92}}],"line":749},"59":{"loc":{"start":{"line":757,"column":4},"end":{"line":767,"column":5}},"type":"if","locations":[{"start":{"line":757,"column":4},"end":{"line":767,"column":5}},{"start":{},"end":{}}],"line":757},"60":{"loc":{"start":{"line":793,"column":22},"end":{"line":793,"column":46}},"type":"binary-expr","locations":[{"start":{"line":793,"column":22},"end":{"line":793,"column":40}},{"start":{"line":793,"column":44},"end":{"line":793,"column":46}}],"line":793},"61":{"loc":{"start":{"line":794,"column":14},"end":{"line":794,"column":53}},"type":"binary-expr","locations":[{"start":{"line":794,"column":14},"end":{"line":794,"column":38}},{"start":{"line":794,"column":42},"end":{"line":794,"column":53}}],"line":794},"62":{"loc":{"start":{"line":804,"column":4},"end":{"line":806,"column":5}},"type":"if","locations":[{"start":{"line":804,"column":4},"end":{"line":806,"column":5}},{"start":{},"end":{}}],"line":804},"63":{"loc":{"start":{"line":804,"column":8},"end":{"line":804,"column":53}},"type":"binary-expr","locations":[{"start":{"line":804,"column":8},"end":{"line":804,"column":25}},{"start":{"line":804,"column":29},"end":{"line":804,"column":53}}],"line":804},"64":{"loc":{"start":{"line":813,"column":22},"end":{"line":813,"column":58}},"type":"binary-expr","locations":[{"start":{"line":813,"column":22},"end":{"line":813,"column":50}},{"start":{"line":813,"column":54},"end":{"line":813,"column":58}}],"line":813},"65":{"loc":{"start":{"line":824,"column":4},"end":{"line":827,"column":5}},"type":"if","locations":[{"start":{"line":824,"column":4},"end":{"line":827,"column":5}},{"start":{},"end":{}}],"line":824},"66":{"loc":{"start":{"line":845,"column":6},"end":{"line":853,"column":7}},"type":"if","locations":[{"start":{"line":845,"column":6},"end":{"line":853,"column":7}},{"start":{},"end":{}}],"line":845},"67":{"loc":{"start":{"line":845,"column":10},"end":{"line":845,"column":66}},"type":"binary-expr","locations":[{"start":{"line":845,"column":10},"end":{"line":845,"column":24}},{"start":{"line":845,"column":28},"end":{"line":845,"column":66}}],"line":845},"68":{"loc":{"start":{"line":884,"column":13},"end":{"line":884,"column":76}},"type":"binary-expr","locations":[{"start":{"line":884,"column":13},"end":{"line":884,"column":26}},{"start":{"line":884,"column":30},"end":{"line":884,"column":76}}],"line":884},"69":{"loc":{"start":{"line":966,"column":4},"end":{"line":972,"column":5}},"type":"if","locations":[{"start":{"line":966,"column":4},"end":{"line":972,"column":5}},{"start":{},"end":{}}],"line":966},"70":{"loc":{"start":{"line":966,"column":8},"end":{"line":966,"column":22}},"type":"binary-expr","locations":[{"start":{"line":966,"column":8},"end":{"line":966,"column":13}},{"start":{"line":966,"column":17},"end":{"line":966,"column":22}}],"line":966},"71":{"loc":{"start":{"line":978,"column":29},"end":{"line":978,"column":57}},"type":"binary-expr","locations":[{"start":{"line":978,"column":29},"end":{"line":978,"column":52}},{"start":{"line":978,"column":56},"end":{"line":978,"column":57}}],"line":978},"72":{"loc":{"start":{"line":985,"column":18},"end":{"line":985,"column":56}},"type":"binary-expr","locations":[{"start":{"line":985,"column":18},"end":{"line":985,"column":24}},{"start":{"line":985,"column":28},"end":{"line":985,"column":56}}],"line":985},"73":{"loc":{"start":{"line":987,"column":16},"end":{"line":987,"column":46}},"type":"binary-expr","locations":[{"start":{"line":987,"column":16},"end":{"line":987,"column":38}},{"start":{"line":987,"column":42},"end":{"line":987,"column":46}}],"line":987},"74":{"loc":{"start":{"line":1017,"column":4},"end":{"line":1032,"column":5}},"type":"if","locations":[{"start":{"line":1017,"column":4},"end":{"line":1032,"column":5}},{"start":{},"end":{}}],"line":1017},"75":{"loc":{"start":{"line":1035,"column":4},"end":{"line":1043,"column":5}},"type":"if","locations":[{"start":{"line":1035,"column":4},"end":{"line":1043,"column":5}},{"start":{},"end":{}}],"line":1035},"76":{"loc":{"start":{"line":1035,"column":8},"end":{"line":1035,"column":64}},"type":"binary-expr","locations":[{"start":{"line":1035,"column":8},"end":{"line":1035,"column":22}},{"start":{"line":1035,"column":26},"end":{"line":1035,"column":64}}],"line":1035},"77":{"loc":{"start":{"line":1067,"column":18},"end":{"line":1071,"column":7}},"type":"binary-expr","locations":[{"start":{"line":1067,"column":18},"end":{"line":1067,"column":40}},{"start":{"line":1067,"column":44},"end":{"line":1071,"column":7}}],"line":1067},"78":{"loc":{"start":{"line":1085,"column":13},"end":{"line":1085,"column":51}},"type":"binary-expr","locations":[{"start":{"line":1085,"column":13},"end":{"line":1085,"column":26}},{"start":{"line":1085,"column":30},"end":{"line":1085,"column":51}}],"line":1085},"79":{"loc":{"start":{"line":1160,"column":4},"end":{"line":1165,"column":5}},"type":"if","locations":[{"start":{"line":1160,"column":4},"end":{"line":1165,"column":5}},{"start":{},"end":{}}],"line":1160},"80":{"loc":{"start":{"line":1168,"column":4},"end":{"line":1173,"column":5}},"type":"if","locations":[{"start":{"line":1168,"column":4},"end":{"line":1173,"column":5}},{"start":{},"end":{}}],"line":1168},"81":{"loc":{"start":{"line":1176,"column":4},"end":{"line":1183,"column":5}},"type":"if","locations":[{"start":{"line":1176,"column":4},"end":{"line":1183,"column":5}},{"start":{},"end":{}}],"line":1176},"82":{"loc":{"start":{"line":1177,"column":6},"end":{"line":1182,"column":7}},"type":"if","locations":[{"start":{"line":1177,"column":6},"end":{"line":1182,"column":7}},{"start":{},"end":{}}],"line":1177},"83":{"loc":{"start":{"line":1186,"column":4},"end":{"line":1188,"column":5}},"type":"if","locations":[{"start":{"line":1186,"column":4},"end":{"line":1188,"column":5}},{"start":{},"end":{}}],"line":1186},"84":{"loc":{"start":{"line":1189,"column":4},"end":{"line":1191,"column":5}},"type":"if","locations":[{"start":{"line":1189,"column":4},"end":{"line":1191,"column":5}},{"start":{},"end":{}}],"line":1189},"85":{"loc":{"start":{"line":1192,"column":4},"end":{"line":1194,"column":5}},"type":"if","locations":[{"start":{"line":1192,"column":4},"end":{"line":1194,"column":5}},{"start":{},"end":{}}],"line":1192},"86":{"loc":{"start":{"line":1212,"column":4},"end":{"line":1212,"column":27}},"type":"if","locations":[{"start":{"line":1212,"column":4},"end":{"line":1212,"column":27}},{"start":{},"end":{}}],"line":1212},"87":{"loc":{"start":{"line":1230,"column":6},"end":{"line":1235,"column":7}},"type":"if","locations":[{"start":{"line":1230,"column":6},"end":{"line":1235,"column":7}},{"start":{},"end":{}}],"line":1230},"88":{"loc":{"start":{"line":1230,"column":10},"end":{"line":1230,"column":66}},"type":"binary-expr","locations":[{"start":{"line":1230,"column":10},"end":{"line":1230,"column":24}},{"start":{"line":1230,"column":28},"end":{"line":1230,"column":66}}],"line":1230},"89":{"loc":{"start":{"line":1246,"column":13},"end":{"line":1246,"column":60}},"type":"binary-expr","locations":[{"start":{"line":1246,"column":13},"end":{"line":1246,"column":26}},{"start":{"line":1246,"column":30},"end":{"line":1246,"column":60}}],"line":1246},"90":{"loc":{"start":{"line":1283,"column":4},"end":{"line":1288,"column":5}},"type":"if","locations":[{"start":{"line":1283,"column":4},"end":{"line":1288,"column":5}},{"start":{},"end":{}}],"line":1283},"91":{"loc":{"start":{"line":1297,"column":4},"end":{"line":1302,"column":5}},"type":"if","locations":[{"start":{"line":1297,"column":4},"end":{"line":1302,"column":5}},{"start":{},"end":{}}],"line":1297},"92":{"loc":{"start":{"line":1305,"column":4},"end":{"line":1310,"column":5}},"type":"if","locations":[{"start":{"line":1305,"column":4},"end":{"line":1310,"column":5}},{"start":{},"end":{}}],"line":1305},"93":{"loc":{"start":{"line":1324,"column":4},"end":{"line":1324,"column":27}},"type":"if","locations":[{"start":{"line":1324,"column":4},"end":{"line":1324,"column":27}},{"start":{},"end":{}}],"line":1324},"94":{"loc":{"start":{"line":1346,"column":13},"end":{"line":1346,"column":60}},"type":"binary-expr","locations":[{"start":{"line":1346,"column":13},"end":{"line":1346,"column":26}},{"start":{"line":1346,"column":30},"end":{"line":1346,"column":60}}],"line":1346},"95":{"loc":{"start":{"line":1418,"column":4},"end":{"line":1423,"column":5}},"type":"if","locations":[{"start":{"line":1418,"column":4},"end":{"line":1423,"column":5}},{"start":{},"end":{}}],"line":1418},"96":{"loc":{"start":{"line":1427,"column":4},"end":{"line":1432,"column":5}},"type":"if","locations":[{"start":{"line":1427,"column":4},"end":{"line":1432,"column":5}},{"start":{},"end":{}}],"line":1427},"97":{"loc":{"start":{"line":1427,"column":8},"end":{"line":1427,"column":71}},"type":"binary-expr","locations":[{"start":{"line":1427,"column":8},"end":{"line":1427,"column":39}},{"start":{"line":1427,"column":43},"end":{"line":1427,"column":71}}],"line":1427},"98":{"loc":{"start":{"line":1434,"column":4},"end":{"line":1439,"column":5}},"type":"if","locations":[{"start":{"line":1434,"column":4},"end":{"line":1439,"column":5}},{"start":{},"end":{}}],"line":1434},"99":{"loc":{"start":{"line":1447,"column":57},"end":{"line":1447,"column":81}},"type":"binary-expr","locations":[{"start":{"line":1447,"column":57},"end":{"line":1447,"column":73}},{"start":{"line":1447,"column":77},"end":{"line":1447,"column":81}}],"line":1447},"100":{"loc":{"start":{"line":1457,"column":8},"end":{"line":1469,"column":9}},"type":"if","locations":[{"start":{"line":1457,"column":8},"end":{"line":1469,"column":9}},{"start":{"line":1463,"column":15},"end":{"line":1469,"column":9}}],"line":1457},"101":{"loc":{"start":{"line":1489,"column":13},"end":{"line":1489,"column":57}},"type":"binary-expr","locations":[{"start":{"line":1489,"column":13},"end":{"line":1489,"column":26}},{"start":{"line":1489,"column":30},"end":{"line":1489,"column":57}}],"line":1489}},"s":{"0":3,"1":3,"2":3,"3":3,"4":3,"5":3,"6":3,"7":3,"8":3,"9":3,"10":3,"11":3,"12":3,"13":3,"14":3,"15":3,"16":3,"17":3,"18":3,"19":0,"20":0,"21":0,"22":0,"23":0,"24":0,"25":0,"26":0,"27":0,"28":0,"29":0,"30":0,"31":0,"32":0,"33":0,"34":0,"35":0,"36":0,"37":0,"38":0,"39":0,"40":0,"41":0,"42":0,"43":0,"44":0,"45":0,"46":0,"47":3,"48":0,"49":0,"50":0,"51":0,"52":0,"53":0,"54":0,"55":0,"56":0,"57":0,"58":0,"59":0,"60":0,"61":0,"62":0,"63":0,"64":0,"65":0,"66":0,"67":0,"68":0,"69":0,"70":0,"71":0,"72":0,"73":3,"74":0,"75":0,"76":0,"77":0,"78":0,"79":0,"80":0,"81":0,"82":0,"83":0,"84":0,"85":0,"86":0,"87":0,"88":0,"89":0,"90":0,"91":0,"92":0,"93":0,"94":0,"95":0,"96":0,"97":0,"98":0,"99":0,"100":0,"101":0,"102":0,"103":0,"104":0,"105":0,"106":0,"107":0,"108":0,"109":3,"110":4,"111":4,"112":4,"113":3,"114":3,"115":1,"116":1,"117":1,"118":1,"119":0,"120":0,"121":0,"122":0,"123":0,"124":0,"125":3,"126":0,"127":0,"128":0,"129":0,"130":0,"131":0,"132":0,"133":0,"134":0,"135":0,"136":0,"137":0,"138":0,"139":0,"140":0,"141":0,"142":0,"143":0,"144":0,"145":0,"146":0,"147":0,"148":0,"149":0,"150":0,"151":0,"152":0,"153":0,"154":0,"155":0,"156":3,"157":1,"158":1,"159":1,"160":0,"161":1,"162":1,"163":1,"164":1,"165":1,"166":1,"167":1,"168":1,"169":1,"170":0,"171":0,"172":1,"173":1,"174":1,"175":0,"176":1,"177":0,"178":0,"179":3,"180":0,"181":0,"182":0,"183":0,"184":0,"185":0,"186":0,"187":0,"188":0,"189":0,"190":0,"191":0,"192":0,"193":0,"194":0,"195":0,"196":0,"197":0,"198":0,"199":0,"200":0,"201":0,"202":0,"203":0,"204":0,"205":0,"206":0,"207":0,"208":0,"209":0,"210":0,"211":0,"212":3,"213":0,"214":0,"215":0,"216":0,"217":0,"218":0,"219":0,"220":0,"221":0,"222":0,"223":0,"224":0,"225":0,"226":0,"227":0,"228":0,"229":0,"230":3,"231":0,"232":0,"233":0,"234":0,"235":0,"236":0,"237":0,"238":0,"239":0,"240":0,"241":0,"242":0,"243":0,"244":0,"245":0,"246":0,"247":0,"248":0,"249":0,"250":0,"251":0,"252":3},"f":{"0":0,"1":0,"2":0,"3":0,"4":0,"5":0,"6":0,"7":0,"8":0,"9":4,"10":0,"11":0,"12":0,"13":1,"14":1,"15":0,"16":0,"17":0,"18":0,"19":0,"20":0,"21":0},"b":{"0":[0,0],"1":[0,0],"2":[0,0],"3":[0,0],"4":[0,0],"5":[0,0,0],"6":[0,0],"7":[0,0],"8":[0,0],"9":[0,0],"10":[0,0],"11":[0,0],"12":[0,0],"13":[0,0],"14":[0,0],"15":[0,0],"16":[0,0],"17":[0,0],"18":[0,0],"19":[0,0],"20":[0,0],"21":[0,0],"22":[0,0],"23":[0,0],"24":[0,0],"25":[0,0],"26":[0,0],"27":[0,0],"28":[0,0],"29":[0,0],"30":[0,0],"31":[0],"32":[0],"33":[0],"34":[0],"35":[0,0],"36":[0,0],"37":[0,0],"38":[0,0],"39":[0,0],"40":[0,0],"41":[0,0],"42":[0,0],"43":[0,0],"44":[0,0],"45":[0,0],"46":[0,0],"47":[0,0],"48":[0,0],"49":[0,0],"50":[3,1],"51":[1,0],"52":[1,0],"53":[0,0],"54":[0,0],"55":[0,0],"56":[0,0],"57":[0,0],"58":[0,0],"59":[0,0],"60":[0,0],"61":[0,0],"62":[0,0],"63":[0,0],"64":[0,0],"65":[0,0],"66":[0,0],"67":[0,0],"68":[0,0],"69":[0,1],"70":[1,1],"71":[1,0],"72":[1,0],"73":[1,1],"74":[1,0],"75":[1,0],"76":[1,1],"77":[1,0],"78":[0,0],"79":[0,0],"80":[0,0],"81":[0,0],"82":[0,0],"83":[0,0],"84":[0,0],"85":[0,0],"86":[0,0],"87":[0,0],"88":[0,0],"89":[0,0],"90":[0,0],"91":[0,0],"92":[0,0],"93":[0,0],"94":[0,0],"95":[0,0],"96":[0,0],"97":[0,0],"98":[0,0],"99":[0,0],"100":[0,0],"101":[0,0]},"_coverageSchema":"1a1c01bbd47fc00a2c39e90264f33305004495a9","hash":"77ed71456c3c84140a01bfc845485d750cd99496"}
,"/Users/macbookpro/Desktop/verichain/verichain-v2/backend/src/api/v1/routes/diagnostics.routes.js": {"path":"/Users/macbookpro/Desktop/verichain/verichain-v2/backend/src/api/v1/routes/diagnostics.routes.js","statementMap":{"0":{"start":{"line":1,"column":16},"end":{"line":1,"column":34}},"1":{"start":{"line":2,"column":20},"end":{"line":2,"column":55}},"2":{"start":{"line":3,"column":15},"end":{"line":3,"column":31}},"3":{"start":{"line":4,"column":11},"end":{"line":4,"column":24}},"4":{"start":{"line":5,"column":24},"end":{"line":5,"column":68}},"5":{"start":{"line":6,"column":30},"end":{"line":6,"column":75}},"6":{"start":{"line":9,"column":0},"end":{"line":31,"column":3}},"7":{"start":{"line":10,"column":2},"end":{"line":30,"column":3}},"8":{"start":{"line":12,"column":28},"end":{"line":15,"column":15}},"9":{"start":{"line":17,"column":4},"end":{"line":23,"column":7}},"10":{"start":{"line":25,"column":4},"end":{"line":29,"column":7}},"11":{"start":{"line":34,"column":0},"end":{"line":47,"column":3}},"12":{"start":{"line":35,"column":2},"end":{"line":46,"column":5}},"13":{"start":{"line":50,"column":0},"end":{"line":84,"column":3}},"14":{"start":{"line":51,"column":2},"end":{"line":83,"column":3}},"15":{"start":{"line":52,"column":35},"end":{"line":54,"column":22}},"16":{"start":{"line":56,"column":36},"end":{"line":58,"column":22}},"17":{"start":{"line":60,"column":28},"end":{"line":62,"column":22}},"18":{"start":{"line":64,"column":4},"end":{"line":74,"column":7}},"19":{"start":{"line":76,"column":4},"end":{"line":82,"column":7}},"20":{"start":{"line":87,"column":0},"end":{"line":105,"column":3}},"21":{"start":{"line":88,"column":2},"end":{"line":104,"column":3}},"22":{"start":{"line":89,"column":25},"end":{"line":89,"column":77}},"23":{"start":{"line":90,"column":19},"end":{"line":90,"column":43}},"24":{"start":{"line":92,"column":4},"end":{"line":95,"column":7}},"25":{"start":{"line":97,"column":4},"end":{"line":103,"column":7}},"26":{"start":{"line":108,"column":0},"end":{"line":129,"column":3}},"27":{"start":{"line":109,"column":2},"end":{"line":128,"column":3}},"28":{"start":{"line":110,"column":20},"end":{"line":110,"column":54}},"29":{"start":{"line":112,"column":4},"end":{"line":122,"column":7}},"30":{"start":{"line":124,"column":4},"end":{"line":127,"column":7}},"31":{"start":{"line":131,"column":0},"end":{"line":146,"column":3}},"32":{"start":{"line":133,"column":2},"end":{"line":138,"column":3}},"33":{"start":{"line":134,"column":4},"end":{"line":137,"column":7}},"34":{"start":{"line":140,"column":16},"end":{"line":140,"column":48}},"35":{"start":{"line":141,"column":2},"end":{"line":145,"column":5}},"36":{"start":{"line":149,"column":0},"end":{"line":164,"column":3}},"37":{"start":{"line":150,"column":2},"end":{"line":155,"column":3}},"38":{"start":{"line":151,"column":4},"end":{"line":154,"column":7}},"39":{"start":{"line":157,"column":19},"end":{"line":157,"column":29}},"40":{"start":{"line":158,"column":17},"end":{"line":158,"column":50}},"41":{"start":{"line":160,"column":2},"end":{"line":163,"column":5}},"42":{"start":{"line":167,"column":0},"end":{"line":181,"column":3}},"43":{"start":{"line":168,"column":2},"end":{"line":173,"column":3}},"44":{"start":{"line":169,"column":4},"end":{"line":172,"column":7}},"45":{"start":{"line":175,"column":2},"end":{"line":175,"column":35}},"46":{"start":{"line":177,"column":2},"end":{"line":180,"column":5}},"47":{"start":{"line":183,"column":0},"end":{"line":183,"column":24}}},"fnMap":{"0":{"name":"(anonymous_0)","decl":{"start":{"line":9,"column":22},"end":{"line":9,"column":23}},"loc":{"start":{"line":9,"column":42},"end":{"line":31,"column":1}},"line":9},"1":{"name":"(anonymous_1)","decl":{"start":{"line":34,"column":31},"end":{"line":34,"column":32}},"loc":{"start":{"line":34,"column":51},"end":{"line":47,"column":1}},"line":34},"2":{"name":"(anonymous_2)","decl":{"start":{"line":50,"column":33},"end":{"line":50,"column":34}},"loc":{"start":{"line":50,"column":53},"end":{"line":84,"column":1}},"line":50},"3":{"name":"(anonymous_3)","decl":{"start":{"line":87,"column":26},"end":{"line":87,"column":27}},"loc":{"start":{"line":87,"column":46},"end":{"line":105,"column":1}},"line":87},"4":{"name":"(anonymous_4)","decl":{"start":{"line":108,"column":32},"end":{"line":108,"column":33}},"loc":{"start":{"line":108,"column":52},"end":{"line":129,"column":1}},"line":108},"5":{"name":"(anonymous_5)","decl":{"start":{"line":131,"column":41},"end":{"line":131,"column":42}},"loc":{"start":{"line":131,"column":55},"end":{"line":146,"column":1}},"line":131},"6":{"name":"(anonymous_6)","decl":{"start":{"line":149,"column":54},"end":{"line":149,"column":55}},"loc":{"start":{"line":149,"column":68},"end":{"line":164,"column":1}},"line":149},"7":{"name":"(anonymous_7)","decl":{"start":{"line":167,"column":52},"end":{"line":167,"column":53}},"loc":{"start":{"line":167,"column":66},"end":{"line":181,"column":1}},"line":167}},"branchMap":{"0":{"loc":{"start":{"line":21,"column":16},"end":{"line":21,"column":52}},"type":"cond-expr","locations":[{"start":{"line":21,"column":24},"end":{"line":21,"column":38}},{"start":{"line":21,"column":41},"end":{"line":21,"column":52}}],"line":21},"1":{"loc":{"start":{"line":69,"column":24},"end":{"line":69,"column":49}},"type":"binary-expr","locations":[{"start":{"line":69,"column":24},"end":{"line":69,"column":44}},{"start":{"line":69,"column":48},"end":{"line":69,"column":49}}],"line":69},"2":{"loc":{"start":{"line":70,"column":25},"end":{"line":70,"column":51}},"type":"binary-expr","locations":[{"start":{"line":70,"column":25},"end":{"line":70,"column":46}},{"start":{"line":70,"column":50},"end":{"line":70,"column":51}}],"line":70},"3":{"loc":{"start":{"line":71,"column":17},"end":{"line":71,"column":35}},"type":"binary-expr","locations":[{"start":{"line":71,"column":17},"end":{"line":71,"column":30}},{"start":{"line":71,"column":34},"end":{"line":71,"column":35}}],"line":71},"4":{"loc":{"start":{"line":133,"column":2},"end":{"line":138,"column":3}},"type":"if","locations":[{"start":{"line":133,"column":2},"end":{"line":138,"column":3}},{"start":{},"end":{}}],"line":133},"5":{"loc":{"start":{"line":133,"column":6},"end":{"line":133,"column":70}},"type":"binary-expr","locations":[{"start":{"line":133,"column":6},"end":{"line":133,"column":37}},{"start":{"line":133,"column":41},"end":{"line":133,"column":70}}],"line":133},"6":{"loc":{"start":{"line":150,"column":2},"end":{"line":155,"column":3}},"type":"if","locations":[{"start":{"line":150,"column":2},"end":{"line":155,"column":3}},{"start":{},"end":{}}],"line":150},"7":{"loc":{"start":{"line":162,"column":13},"end":{"line":162,"column":104}},"type":"cond-expr","locations":[{"start":{"line":162,"column":22},"end":{"line":162,"column":66}},{"start":{"line":162,"column":69},"end":{"line":162,"column":104}}],"line":162},"8":{"loc":{"start":{"line":168,"column":2},"end":{"line":173,"column":3}},"type":"if","locations":[{"start":{"line":168,"column":2},"end":{"line":173,"column":3}},{"start":{},"end":{}}],"line":168}},"s":{"0":3,"1":3,"2":3,"3":3,"4":3,"5":3,"6":3,"7":0,"8":0,"9":0,"10":0,"11":3,"12":0,"13":3,"14":0,"15":0,"16":0,"17":0,"18":0,"19":0,"20":3,"21":0,"22":0,"23":0,"24":0,"25":0,"26":3,"27":0,"28":0,"29":0,"30":0,"31":3,"32":0,"33":0,"34":0,"35":0,"36":3,"37":0,"38":0,"39":0,"40":0,"41":0,"42":3,"43":0,"44":0,"45":0,"46":0,"47":3},"f":{"0":0,"1":0,"2":0,"3":0,"4":0,"5":0,"6":0,"7":0},"b":{"0":[0,0],"1":[0,0],"2":[0,0],"3":[0,0],"4":[0,0],"5":[0,0],"6":[0,0],"7":[0,0],"8":[0,0]},"_coverageSchema":"1a1c01bbd47fc00a2c39e90264f33305004495a9","hash":"2aba1f1c9f6f647fabf1619a34495b24bfdd9228"}
,"/Users/macbookpro/Desktop/verichain/verichain-v2/backend/src/api/v1/routes/errors.routes.js": {"path":"/Users/macbookpro/Desktop/verichain/verichain-v2/backend/src/api/v1/routes/errors.routes.js","statementMap":{"0":{"start":{"line":1,"column":15},"end":{"line":1,"column":42}},"1":{"start":{"line":2,"column":21},"end":{"line":2,"column":62}},"2":{"start":{"line":3,"column":23},"end":{"line":3,"column":68}},"3":{"start":{"line":63,"column":0},"end":{"line":72,"column":3}},"4":{"start":{"line":64,"column":23},"end":{"line":64,"column":49}},"5":{"start":{"line":65,"column":16},"end":{"line":65,"column":44}},"6":{"start":{"line":67,"column":2},"end":{"line":71,"column":5}},"7":{"start":{"line":98,"column":0},"end":{"line":109,"column":3}},"8":{"start":{"line":99,"column":34},"end":{"line":99,"column":42}},"9":{"start":{"line":100,"column":23},"end":{"line":100,"column":49}},"10":{"start":{"line":102,"column":2},"end":{"line":102,"column":39}},"11":{"start":{"line":104,"column":2},"end":{"line":108,"column":5}},"12":{"start":{"line":111,"column":0},"end":{"line":111,"column":24}}},"fnMap":{"0":{"name":"(anonymous_0)","decl":{"start":{"line":63,"column":37},"end":{"line":63,"column":38}},"loc":{"start":{"line":63,"column":57},"end":{"line":72,"column":1}},"line":63},"1":{"name":"(anonymous_1)","decl":{"start":{"line":98,"column":40},"end":{"line":98,"column":41}},"loc":{"start":{"line":98,"column":60},"end":{"line":109,"column":1}},"line":98}},"branchMap":{"0":{"loc":{"start":{"line":99,"column":10},"end":{"line":99,"column":29}},"type":"default-arg","locations":[{"start":{"line":99,"column":27},"end":{"line":99,"column":29}}],"line":99}},"s":{"0":3,"1":3,"2":3,"3":3,"4":0,"5":0,"6":0,"7":3,"8":0,"9":0,"10":0,"11":0,"12":3},"f":{"0":0,"1":0},"b":{"0":[0]},"_coverageSchema":"1a1c01bbd47fc00a2c39e90264f33305004495a9","hash":"cdd6fa404a7dbf1dd7e1a47d110a7796ae6ae21c"}
,"/Users/macbookpro/Desktop/verichain/verichain-v2/backend/src/api/v1/routes/index.js": {"path":"/Users/macbookpro/Desktop/verichain/verichain-v2/backend/src/api/v1/routes/index.js","statementMap":{"0":{"start":{"line":1,"column":16},"end":{"line":1,"column":34}},"1":{"start":{"line":2,"column":15},"end":{"line":2,"column":31}},"2":{"start":{"line":5,"column":0},"end":{"line":5,"column":46}},"3":{"start":{"line":6,"column":0},"end":{"line":6,"column":55}},"4":{"start":{"line":7,"column":0},"end":{"line":7,"column":55}},"5":{"start":{"line":8,"column":0},"end":{"line":8,"column":64}},"6":{"start":{"line":9,"column":0},"end":{"line":9,"column":50}},"7":{"start":{"line":10,"column":0},"end":{"line":10,"column":48}},"8":{"start":{"line":11,"column":0},"end":{"line":11,"column":54}},"9":{"start":{"line":12,"column":0},"end":{"line":12,"column":60}},"10":{"start":{"line":13,"column":0},"end":{"line":13,"column":50}},"11":{"start":{"line":16,"column":0},"end":{"line":16,"column":52}},"12":{"start":{"line":18,"column":0},"end":{"line":18,"column":24}}},"fnMap":{},"branchMap":{},"s":{"0":3,"1":3,"2":3,"3":3,"4":3,"5":3,"6":3,"7":3,"8":3,"9":3,"10":3,"11":3,"12":3},"f":{},"b":{},"_coverageSchema":"1a1c01bbd47fc00a2c39e90264f33305004495a9","hash":"0a08a865e118ecd89c084f41e45d7efe57a849a4"}
,"/Users/macbookpro/Desktop/verichain/verichain-v2/backend/src/api/v1/routes/metrics.routes.js": {"path":"/Users/macbookpro/Desktop/verichain/verichain-v2/backend/src/api/v1/routes/metrics.routes.js","statementMap":{"0":{"start":{"line":1,"column":16},"end":{"line":1,"column":34}},"1":{"start":{"line":2,"column":15},"end":{"line":2,"column":31}},"2":{"start":{"line":3,"column":26},"end":{"line":3,"column":75}},"3":{"start":{"line":15,"column":0},"end":{"line":15,"column":64}},"4":{"start":{"line":27,"column":0},"end":{"line":27,"column":69}},"5":{"start":{"line":39,"column":0},"end":{"line":39,"column":71}},"6":{"start":{"line":51,"column":0},"end":{"line":51,"column":71}},"7":{"start":{"line":53,"column":0},"end":{"line":53,"column":24}}},"fnMap":{},"branchMap":{},"s":{"0":3,"1":3,"2":3,"3":3,"4":3,"5":3,"6":3,"7":3},"f":{},"b":{},"_coverageSchema":"1a1c01bbd47fc00a2c39e90264f33305004495a9","hash":"58128b7f5568ffc689e358e435b8d2492787d3d4"}
,"/Users/macbookpro/Desktop/verichain/verichain-v2/backend/src/api/v1/routes/monitoring.routes.js": {"path":"/Users/macbookpro/Desktop/verichain/verichain-v2/backend/src/api/v1/routes/monitoring.routes.js","statementMap":{"0":{"start":{"line":1,"column":15},"end":{"line":1,"column":42}},"1":{"start":{"line":2,"column":25},"end":{"line":2,"column":73}},"2":{"start":{"line":3,"column":23},"end":{"line":3,"column":66}},"3":{"start":{"line":22,"column":0},"end":{"line":28,"column":3}},"4":{"start":{"line":23,"column":2},"end":{"line":27,"column":3}},"5":{"start":{"line":24,"column":4},"end":{"line":24,"column":49}},"6":{"start":{"line":26,"column":4},"end":{"line":26,"column":51}},"7":{"start":{"line":42,"column":0},"end":{"line":48,"column":3}},"8":{"start":{"line":43,"column":2},"end":{"line":47,"column":3}},"9":{"start":{"line":44,"column":4},"end":{"line":44,"column":50}},"10":{"start":{"line":46,"column":4},"end":{"line":46,"column":51}},"11":{"start":{"line":62,"column":0},"end":{"line":68,"column":3}},"12":{"start":{"line":63,"column":2},"end":{"line":67,"column":3}},"13":{"start":{"line":64,"column":4},"end":{"line":64,"column":48}},"14":{"start":{"line":66,"column":4},"end":{"line":66,"column":51}},"15":{"start":{"line":80,"column":0},"end":{"line":86,"column":3}},"16":{"start":{"line":81,"column":2},"end":{"line":85,"column":3}},"17":{"start":{"line":82,"column":4},"end":{"line":82,"column":55}},"18":{"start":{"line":84,"column":4},"end":{"line":84,"column":51}},"19":{"start":{"line":88,"column":0},"end":{"line":88,"column":24}}},"fnMap":{"0":{"name":"(anonymous_0)","decl":{"start":{"line":22,"column":20},"end":{"line":22,"column":21}},"loc":{"start":{"line":22,"column":40},"end":{"line":28,"column":1}},"line":22},"1":{"name":"(anonymous_1)","decl":{"start":{"line":42,"column":21},"end":{"line":42,"column":22}},"loc":{"start":{"line":42,"column":41},"end":{"line":48,"column":1}},"line":42},"2":{"name":"(anonymous_2)","decl":{"start":{"line":62,"column":23},"end":{"line":62,"column":24}},"loc":{"start":{"line":62,"column":43},"end":{"line":68,"column":1}},"line":62},"3":{"name":"(anonymous_3)","decl":{"start":{"line":80,"column":16},"end":{"line":80,"column":17}},"loc":{"start":{"line":80,"column":36},"end":{"line":86,"column":1}},"line":80}},"branchMap":{},"s":{"0":3,"1":3,"2":3,"3":3,"4":1,"5":1,"6":0,"7":3,"8":2,"9":2,"10":0,"11":3,"12":0,"13":0,"14":0,"15":3,"16":0,"17":0,"18":0,"19":3},"f":{"0":1,"1":2,"2":0,"3":0},"b":{},"_coverageSchema":"1a1c01bbd47fc00a2c39e90264f33305004495a9","hash":"58e68e39702c0b4b0247cc81589b682c20229e59"}
,"/Users/macbookpro/Desktop/verichain/verichain-v2/backend/src/api/v1/routes/organizations.routes.js": {"path":"/Users/macbookpro/Desktop/verichain/verichain-v2/backend/src/api/v1/routes/organizations.routes.js","statementMap":{"0":{"start":{"line":1,"column":15},"end":{"line":1,"column":42}},"1":{"start":{"line":2,"column":24},"end":{"line":2,"column":68}},"2":{"start":{"line":41,"column":0},"end":{"line":65,"column":3}},"3":{"start":{"line":42,"column":2},"end":{"line":64,"column":3}},"4":{"start":{"line":43,"column":28},"end":{"line":46,"column":20}},"5":{"start":{"line":48,"column":4},"end":{"line":51,"column":5}},"6":{"start":{"line":49,"column":6},"end":{"line":49,"column":57}},"7":{"start":{"line":50,"column":6},"end":{"line":50,"column":18}},"8":{"start":{"line":53,"column":4},"end":{"line":56,"column":7}},"9":{"start":{"line":59,"column":4},"end":{"line":59,"column":60}},"10":{"start":{"line":60,"column":4},"end":{"line":63,"column":7}},"11":{"start":{"line":67,"column":0},"end":{"line":67,"column":24}}},"fnMap":{"0":{"name":"(anonymous_0)","decl":{"start":{"line":41,"column":16},"end":{"line":41,"column":17}},"loc":{"start":{"line":41,"column":36},"end":{"line":65,"column":1}},"line":41}},"branchMap":{"0":{"loc":{"start":{"line":48,"column":4},"end":{"line":51,"column":5}},"type":"if","locations":[{"start":{"line":48,"column":4},"end":{"line":51,"column":5}},{"start":{},"end":{}}],"line":48},"1":{"loc":{"start":{"line":55,"column":12},"end":{"line":55,"column":22}},"type":"binary-expr","locations":[{"start":{"line":55,"column":12},"end":{"line":55,"column":16}},{"start":{"line":55,"column":20},"end":{"line":55,"column":22}}],"line":55},"2":{"loc":{"start":{"line":62,"column":15},"end":{"line":62,"column":64}},"type":"binary-expr","locations":[{"start":{"line":62,"column":15},"end":{"line":62,"column":28}},{"start":{"line":62,"column":32},"end":{"line":62,"column":64}}],"line":62}},"s":{"0":3,"1":3,"2":3,"3":0,"4":0,"5":0,"6":0,"7":0,"8":0,"9":0,"10":0,"11":3},"f":{"0":0},"b":{"0":[0,0],"1":[0,0],"2":[0,0]},"_coverageSchema":"1a1c01bbd47fc00a2c39e90264f33305004495a9","hash":"e9f9ce405c4866ed8bbd94dd7a65a5aa7729275c"}
,"/Users/macbookpro/Desktop/verichain/verichain-v2/backend/src/api/v1/routes/queues.routes.js": {"path":"/Users/macbookpro/Desktop/verichain/verichain-v2/backend/src/api/v1/routes/queues.routes.js","statementMap":{"0":{"start":{"line":1,"column":15},"end":{"line":1,"column":42}},"1":{"start":{"line":2,"column":20},"end":{"line":2,"column":55}},"2":{"start":{"line":3,"column":21},"end":{"line":3,"column":59}},"3":{"start":{"line":4,"column":26},"end":{"line":4,"column":74}},"4":{"start":{"line":112,"column":0},"end":{"line":128,"column":3}},"5":{"start":{"line":113,"column":2},"end":{"line":127,"column":3}},"6":{"start":{"line":115,"column":4},"end":{"line":120,"column":5}},"7":{"start":{"line":116,"column":6},"end":{"line":119,"column":9}},"8":{"start":{"line":122,"column":19},"end":{"line":122,"column":72}},"9":{"start":{"line":124,"column":4},"end":{"line":124,"column":43}},"10":{"start":{"line":126,"column":4},"end":{"line":126,"column":16}},"11":{"start":{"line":184,"column":0},"end":{"line":235,"column":3}},"12":{"start":{"line":185,"column":2},"end":{"line":234,"column":3}},"13":{"start":{"line":186,"column":4},"end":{"line":191,"column":5}},"14":{"start":{"line":187,"column":6},"end":{"line":190,"column":9}},"15":{"start":{"line":193,"column":26},"end":{"line":193,"column":36}},"16":{"start":{"line":194,"column":47},"end":{"line":194,"column":56}},"17":{"start":{"line":196,"column":18},"end":{"line":196,"column":56}},"18":{"start":{"line":199,"column":4},"end":{"line":214,"column":5}},"19":{"start":{"line":201,"column":8},"end":{"line":201,"column":48}},"20":{"start":{"line":202,"column":8},"end":{"line":202,"column":14}},"21":{"start":{"line":204,"column":8},"end":{"line":204,"column":47}},"22":{"start":{"line":205,"column":8},"end":{"line":205,"column":14}},"23":{"start":{"line":207,"column":8},"end":{"line":207,"column":50}},"24":{"start":{"line":208,"column":8},"end":{"line":208,"column":14}},"25":{"start":{"line":210,"column":8},"end":{"line":210,"column":47}},"26":{"start":{"line":211,"column":8},"end":{"line":211,"column":14}},"27":{"start":{"line":213,"column":8},"end":{"line":213,"column":18}},"28":{"start":{"line":216,"column":20},"end":{"line":224,"column":7}},"29":{"start":{"line":216,"column":37},"end":{"line":224,"column":5}},"30":{"start":{"line":226,"column":4},"end":{"line":231,"column":7}},"31":{"start":{"line":233,"column":4},"end":{"line":233,"column":16}},"32":{"start":{"line":276,"column":0},"end":{"line":299,"column":3}},"33":{"start":{"line":277,"column":2},"end":{"line":298,"column":3}},"34":{"start":{"line":278,"column":4},"end":{"line":283,"column":5}},"35":{"start":{"line":279,"column":6},"end":{"line":282,"column":9}},"36":{"start":{"line":285,"column":26},"end":{"line":285,"column":36}},"37":{"start":{"line":286,"column":18},"end":{"line":286,"column":56}},"38":{"start":{"line":288,"column":19},"end":{"line":288,"column":42}},"39":{"start":{"line":289,"column":26},"end":{"line":289,"column":56}},"40":{"start":{"line":289,"column":44},"end":{"line":289,"column":55}},"41":{"start":{"line":290,"column":4},"end":{"line":290,"column":37}},"42":{"start":{"line":292,"column":4},"end":{"line":295,"column":7}},"43":{"start":{"line":297,"column":4},"end":{"line":297,"column":16}},"44":{"start":{"line":324,"column":0},"end":{"line":340,"column":3}},"45":{"start":{"line":325,"column":2},"end":{"line":339,"column":3}},"46":{"start":{"line":326,"column":4},"end":{"line":331,"column":5}},"47":{"start":{"line":327,"column":6},"end":{"line":330,"column":9}},"48":{"start":{"line":333,"column":26},"end":{"line":333,"column":36}},"49":{"start":{"line":334,"column":19},"end":{"line":334,"column":59}},"50":{"start":{"line":336,"column":4},"end":{"line":336,"column":43}},"51":{"start":{"line":338,"column":4},"end":{"line":338,"column":16}},"52":{"start":{"line":365,"column":0},"end":{"line":381,"column":3}},"53":{"start":{"line":366,"column":2},"end":{"line":380,"column":3}},"54":{"start":{"line":367,"column":4},"end":{"line":372,"column":5}},"55":{"start":{"line":368,"column":6},"end":{"line":371,"column":9}},"56":{"start":{"line":374,"column":26},"end":{"line":374,"column":36}},"57":{"start":{"line":375,"column":19},"end":{"line":375,"column":60}},"58":{"start":{"line":377,"column":4},"end":{"line":377,"column":43}},"59":{"start":{"line":379,"column":4},"end":{"line":379,"column":16}},"60":{"start":{"line":413,"column":0},"end":{"line":431,"column":3}},"61":{"start":{"line":414,"column":2},"end":{"line":430,"column":3}},"62":{"start":{"line":415,"column":4},"end":{"line":420,"column":5}},"63":{"start":{"line":416,"column":6},"end":{"line":419,"column":9}},"64":{"start":{"line":422,"column":26},"end":{"line":422,"column":36}},"65":{"start":{"line":423,"column":35},"end":{"line":423,"column":44}},"66":{"start":{"line":425,"column":19},"end":{"line":425,"column":65}},"67":{"start":{"line":427,"column":4},"end":{"line":427,"column":43}},"68":{"start":{"line":429,"column":4},"end":{"line":429,"column":16}},"69":{"start":{"line":433,"column":0},"end":{"line":433,"column":24}}},"fnMap":{"0":{"name":"(anonymous_0)","decl":{"start":{"line":112,"column":31},"end":{"line":112,"column":32}},"loc":{"start":{"line":112,"column":57},"end":{"line":128,"column":1}},"line":112},"1":{"name":"(anonymous_1)","decl":{"start":{"line":184,"column":40},"end":{"line":184,"column":41}},"loc":{"start":{"line":184,"column":66},"end":{"line":235,"column":1}},"line":184},"2":{"name":"(anonymous_2)","decl":{"start":{"line":216,"column":29},"end":{"line":216,"column":30}},"loc":{"start":{"line":216,"column":37},"end":{"line":224,"column":5}},"line":216},"3":{"name":"(anonymous_3)","decl":{"start":{"line":276,"column":42},"end":{"line":276,"column":43}},"loc":{"start":{"li
[...]
,"/Users/macbookpro/Desktop/verichain/verichain-v2/backend/src/utils/constants.js": {"path":"/Users/macbookpro/Desktop/verichain/verichain-v2/backend/src/utils/constants.js","statementMap":{"0":{"start":{"line":1,"column":0},"end":{"line":11,"column":2}}},"fnMap":{},"branchMap":{},"s":{"0":0},"f":{},"b":{}}
,"/Users/macbookpro/Desktop/verichain/verichain-v2/backend/src/utils/helpers.js": {"path":"/Users/macbookpro/Desktop/verichain/verichain-v2/backend/src/utils/helpers.js","statementMap":{"0":{"start":{"line":1,"column":15},"end":{"line":1,"column":32}},"1":{"start":{"line":3,"column":30},"end":{"line":7,"column":1}},"2":{"start":{"line":4,"column":20},"end":{"line":4,"column":52}},"3":{"start":{"line":5,"column":17},"end":{"line":5,"column":68}},"4":{"start":{"line":6,"column":2},"end":{"line":6,"column":34}},"5":{"start":{"line":9,"column":17},"end":{"line":11,"column":1}},"6":{"start":{"line":10,"column":2},"end":{"line":10,"column":80}},"7":{"start":{"line":13,"column":0},"end":{"line":16,"column":2}}},"fnMap":{"0":{"name":"(anonymous_0)","decl":{"start":{"line":3,"column":30},"end":{"line":3,"column":31}},"loc":{"start":{"line":3,"column":36},"end":{"line":7,"column":1}},"line":3},"1":{"name":"(anonymous_1)","decl":{"start":{"line":9,"column":17},"end":{"line":9,"column":18}},"loc":{"start":{"line":9,"column":27},"end":{"line":11,"column":1}},"line":9}},"branchMap":{},"s":{"0":0,"1":0,"2":0,"3":0,"4":0,"5":0,"6":0,"7":0},"f":{"0":0,"1":0},"b":{}}
,"/Users/macbookpro/Desktop/verichain/verichain-v2/backend/src/utils/database/transactions.js": {"path":"/Users/macbookpro/Desktop/verichain/verichain-v2/backend/src/utils/database/transactions.js","statementMap":{"0":{"start":{"line":1,"column":15},"end":{"line":1,"column":35}},"1":{"start":{"line":5,"column":4},"end":{"line":5,"column":33}},"2":{"start":{"line":6,"column":4},"end":{"line":6,"column":25}},"3":{"start":{"line":7,"column":4},"end":{"line":7,"column":33}},"4":{"start":{"line":8,"column":4},"end":{"line":8,"column":88}},"5":{"start":{"line":12,"column":4},"end":{"line":18,"column":7}},"6":{"start":{"line":19,"column":4},"end":{"line":19,"column":16}},"7":{"start":{"line":23,"column":20},"end":{"line":23,"column":22}},"8":{"start":{"line":24,"column":4},"end":{"line":24,"column":33}},"9":{"start":{"line":26,"column":4},"end":{"line":26,"column":62}},"10":{"start":{"line":28,"column":4},"end":{"line":64,"column":5}},"11":{"start":{"line":29,"column":6},"end":{"line":45,"column":7}},"12":{"start":{"line":29,"column":19},"end":{"line":29,"column":20}},"13":{"start":{"line":30,"column":19},"end":{"line":30,"column":37}},"14":{"start":{"line":31,"column":8},"end":{"line":31,"column":83}},"15":{"start":{"line":33,"column":23},"end":{"line":33,"column":54}},"16":{"start":{"line":35,"column":8},"end":{"line":37,"column":9}},"17":{"start":{"line":36,"column":10},"end":{"line":36,"column":71}},"18":{"start":{"line":39,"column":8},"end":{"line":39,"column":34}},"19":{"start":{"line":40,"column":8},"end":{"line":44,"column":11}},"20":{"start":{"line":47,"column":6},"end":{"line":47,"column":78}},"21":{"start":{"line":48,"column":6},"end":{"line":52,"column":8}},"22":{"start":{"line":55,"column":6},"end":{"line":55,"column":91}},"23":{"start":{"line":57,"column":6},"end":{"line":63,"column":7}},"24":{"start":{"line":58,"column":8},"end":{"line":58,"column":30}},"25":{"start":{"line":59,"column":8},"end":{"line":59,"column":84}},"26":{"start":{"line":61,"column":8},"end":{"line":61,"column":103}},"27":{"start":{"line":62,"column":8},"end":{"line":62,"column":121}},"28":{"start":{"line":70,"column":4},"end":{"line":101,"column":5}},"29":{"start":{"line":72,"column":8},"end":{"line":72,"column":68}},"30":{"start":{"line":73,"column":8},"end":{"line":73,"column":14}},"31":{"start":{"line":76,"column":8},"end":{"line":76,"column":59}},"32":{"start":{"line":77,"column":8},"end":{"line":81,"column":9}},"33":{"start":{"line":78,"column":10},"end":{"line":80,"column":13}},"34":{"start":{"line":79,"column":12},"end":{"line":79,"column":41}},"35":{"start":{"line":82,"column":8},"end":{"line":82,"column":31}},"36":{"start":{"line":83,"column":8},"end":{"line":83,"column":14}},"37":{"start":{"line":86,"column":8},"end":{"line":86,"column":52}},"38":{"start":{"line":87,"column":8},"end":{"line":91,"column":9}},"39":{"start":{"line":88,"column":10},"end":{"line":90,"column":13}},"40":{"start":{"line":89,"column":12},"end":{"line":89,"column":41}},"41":{"start":{"line":92,"column":8},"end":{"line":92,"column":31}},"42":{"start":{"line":93,"column":8},"end":{"line":93,"column":14}},"43":{"start":{"line":96,"column":8},"end":{"line":96,"column":68}},"44":{"start":{"line":97,"column":8},"end":{"line":97,"column":14}},"45":{"start":{"line":100,"column":8},"end":{"line":100,"column":62}},"46":{"start":{"line":103,"column":4},"end":{"line":103,"column":23}},"47":{"start":{"line":107,"column":4},"end":{"line":107,"column":77}},"48":{"start":{"line":110,"column":4},"end":{"line":120,"column":5}},"49":{"start":{"line":110,"column":17},"end":{"line":110,"column":51}},"50":{"start":{"line":111,"column":17},"end":{"line":111,"column":43}},"51":{"start":{"line":112,"column":6},"end":{"line":112,"column":58}},"52":{"start":{"line":114,"column":6},"end":{"line":119,"column":7}},"53":{"start":{"line":115,"column":8},"end":{"line":115,"column":41}},"54":{"start":{"line":117,"column":8},"end":{"line":117,"column":69}},"55":{"start":{"line":118,"column":8},"end":{"line":118,"column":20}},"56":{"start":{"line":122,"column":4},"end":{"line":122,"column":76}},"57":{"start":{"line":126,"column":4},"end":{"line":155,"column":5}},"58":{"start":{"line":129,"column":8},"end":{"line":134,"column":9}},"59":{"start":{"line":130,"column":10},"end":{"line":133,"column":39}},"60":{"start":{"line":135,"column":8},"end":{"line":135,"column":14}},"61":{"start":{"line":139,"column":8},"end":{"line":139,"column":97}},"62":{"start":{"line":140,"column":8},"end":{"line":140,"column":14}},"63":{"start":{"line":144,"column":8},"end":{"line":148,"column":9}},"64":{"start":{"line":145,"column":10},"end":{"line":147,"column":34}},"65":{"start":{"line":149,"column":8},"end":{"line":149,"column":14}},"66":{"start":{"line":153,"column":8},"end":{"line":153,"column":97}},"67":{"start":{"line":154,"column":8},"end":{"line":154,"column":14}},"68":{"start":{"line":159,"column":0},"end":{"line":159,"column":37}}},"fnMap":{"0":{"name":"(anonymous_0)","decl":{"start":{"line":4,"column":2},"end":{"line":4,"column":3}},"loc":{"start":{"line":4,"column":30},"end":{"line":9,"column":3}},"line":4},"1":{"name":"(anonymous_1)","decl":{"start":{"line":11,"column":2},"end":{"line":11,"column":3}},"loc":{"start":{"line":11,"column":49},"end":{"line":20,"column":3}},"line":11},"2":{"name":"(anonymous_2)","decl":{"start":{"line":22,"column":2},"end":{"line":22,"column":3}},"loc":{"start":{"line":22,"column":18},"end":{"line":65,"column":3}},"line":22},"3":{"name":"(anonymous_3)","decl":{"start":{"line":67,"column":2},"end":{"line":67,"column":3}},"loc":{"start":{"line":67,"column":29},"end":{"line":104,"column":3}},"line":67},"4":{"name":"(anonymous_4)","decl":{"start":{"line":78,"column":48},"end":{"line":78,"column":49}},"loc":{"start":{"line":78,"column":66},"end":{"line":80,"column":11}},"line":78},"5":{"name":"(anonymous_5)","decl":{"start":{"line":88,"column":48},"end":{"line":88,"column":49}},"loc":{"start":{"line":88,"column":66},"end":{"line":90,"column":11}},"line":88},"6":{"name":"(anonymous_6)","decl":{"start":{"line":106,"column":2},"end":{"line":106,"column":3}},"loc":{"start":{"line":106,"column":19},"end":{"line":123,"column":3}},"line":106},"7":{"name":"(anonymous_7)","decl":{"start":{"line":125,"column":2},"end":{"line":125,"column":3}},"loc":{"start":{"line":125,"column":30},"end":{"line":156,"column":3}},"line":125}},"branchMap":{"0":{"loc":{"start":{"line":11,"column":30},"end":{"line":11,"column":47}},"type":"default-arg","locations":[{"start":{"line":11,"column":43},"end":{"line":11,"column":47}}],"line":11},"1":{"loc":{"start":{"line":35,"column":8},"end":{"line":37,"column":9}},"type":"if","locations":[{"start":{"line":35,"column":8},"end":{"line":37,"column":9}},{"start":{},"end":{}}],"line":35},"2":{"loc":{"start":{"line":70,"column":4},"end":{"line":101,"column":5}},"type":"switch","locations":[{"start":{"line":71,"column":6},"end":{"line":73,"column":14}},{"start":{"line":75,"column":6},"end":{"line":83,"column":14}},{"start":{"line":85,"column":6},"end":{"line":93,"column":14}},{"start":{"line":95,"column":6},"end":{"line":97,"column":14}},{"start":{"line":99,"column":6},"end":{"line":100,"column":62}}],"line":70},"3":{"loc":{"start":{"line":77,"column":8},"end":{"line":81,"column":9}},"type":"if","locations":[{"start":{"line":77,"column":8},"end":{"line":81,"column":9}},{"start":{},"end":{}}],"line":77},"4":{"loc":{"start":{"line":87,"column":8},"end":{"line":91,"column":9}},"type":"if","locations":[{"start":{"line":87,"column":8},"end":{"line":91,"column":9}},{"start":{},"end":{}}],"line":87},"5":{"loc":{"start":{"line":126,"column":4},"end":{"line":155,"column":5}},"type":"switch","locations":[{"start":{"line":127,"column":6},"end":{"line":135,"column":14}},{"start":{"line":137,"column":6},"end":{"line":140,"column":14}},{"start":{"line":142,"column":6},"end":{"line":149,"column":14}},{"start":{"line":151,"column":6},"end":{"line":154,"column":14}}],"line":126},"6":{"loc":{"start":{"line":129,"column":8},"end":{"line":134,"column":9}},"type":"if","locations":[{"start":{"line":129,"column":8},"end":{"line":134,"column":9}},{"start":{},"end":{}}],"line":129},"7":{"loc":{"start":{"line":129,"column":12},"end":{"line":129,"column":37}},"type":"binary-expr","locations":[{"start":{"line":129,"column":12},"end":{"line":129,"column":21}},{"start":{"line":129,"column":25},"end":{"line":129,"column":37}}],"line":129},"8":{"loc":{"start":{"line":144,"column":8},"end":{"line":148,"column":9}},"type":"if","locations":[{"start":{"line":144,"column":8},"end":{"line":148,"column":9}},{"start":{},"end":{}}],"line":144},"9":{"loc":{"start":{"line":144,"column":12},"end":{"line":144,"column":37}},"type":"binary-expr","locations":[{"start":{"line":144,"column":12},"end":{"line":144,"column":21}},{"start":{"line":144,"column":25},"end":{"line":144,"column":37}}],"line":144}},"s":{"0":3,"1":0,"2":0,"3":0,"4":0,"5":0,"6":0,"7":0,"8":0,"9":0,"10":0,"11":0,"12":0,"13":0,"14":0,"15":0,"16":0,"17":0,"18":0,"19":0,"20":0,"21":0,"22":0,"23":0,"24":0,"25":0,"26":0,"27":0,"28":0,"29":0,"30":0,"31":0,"32":0,"33":0,"34":0,"35":0,"36":0,"37":0,"38":0,"39":0,"40":0,"41":0,"42":0,"43":0,"44":0,"45":0,"46":0,"47":0,"48":0,"49":0,"50":0,"51":0,"52":0,"53":0,"54":0,"55":0,"56":0,"57":0,"58":0,"59":0,"60":0,"61":0,"62":0,"63":0,"64":0,"65":0,"66":0,"67":0,"68":3},"f":{"0":0,"1":0,"2":0,"3":0,"4":0,"5":0,"6":0,"7":0},"b":{"0":[0],"1":[0,0],"2":[0,0,0,0,0],"3":[0,0],"4":[0,0],"5":[0,0,0,0],"6":[0,0],"7":[0,0],"8":[0,0],"9":[0,0]},"_coverageSchema":"1a1c01bbd47fc00a2c39e90264f33305004495a9","hash":"9a2309e5bd04d9a62f70854fa2033d87930c4355"}
,"/Users/macbookpro/Desktop/verichain/verichain-v2/backend/src/utils/logger/index.js": {"path":"/Users/macbookpro/Desktop/verichain/verichain-v2/backend/src/utils/logger/index.js","statementMap":{"0":{"start":{"line":1,"column":16},"end":{"line":1,"column":34}},"1":{"start":{"line":2,"column":24},"end":{"line":2,"column":60}},"2":{"start":{"line":3,"column":13},"end":{"line":3,"column":28}},"3":{"start":{"line":5,"column":15},"end":{"line":5,"column":47}},"4":{"start":{"line":8,"column":18},"end":{"line":13,"column":1}},"5":{"start":{"line":16,"column":22},"end":{"line":23,"column":1}},"6":{"start":{"line":20,"column":20},"end":{"line":20,"column":81}},"7":{"start":{"line":21,"column":4},"end":{"line":21,"column":58}},"8":{"start":{"line":26,"column":19},"end":{"line":45,"column":1}},"9":{"start":{"line":48,"column":0},"end":{"line":55,"column":1}},"10":{"start":{"line":49,"column":2},"end":{"line":54,"column":4}},"11":{"start":{"line":58,"column":15},"end":{"line":63,"column":2}},"12":{"start":{"line":66,"column":0},"end":{"line":70,"column":2}},"13":{"start":{"line":68,"column":4},"end":{"line":68,"column":32}},"14":{"start":{"line":72,"column":0},"end":{"line":72,"column":24}}},"fnMap":{"0":{"name":"(anonymous_0)","decl":{"start":{"line":19,"column":24},"end":{"line":19,"column":25}},"loc":{"start":{"line":19,"column":68},"end":{"line":22,"column":3}},"line":19},"1":{"name":"(anonymous_1)","decl":{"start":{"line":67,"column":9},"end":{"line":67,"column":10}},"loc":{"start":{"line":67,"column":22},"end":{"line":69,"column":3}},"line":67}},"branchMap":{"0":{"loc":{"start":{"line":20,"column":20},"end":{"line":20,"column":81}},"type":"cond-expr","locations":[{"start":{"line":20,"column":47},"end":{"line":20,"column":76}},{"start":{"line":20,"column":79},"end":{"line":20,"column":81}}],"line":20},"1":{"loc":{"start":{"line":48,"column":0},"end":{"line":55,"column":1}},"type":"if","locations":[{"start":{"line":48,"column":0},"end":{"line":55,"column":1}},{"start":{},"end":{}}],"line":48},"2":{"loc":{"start":{"line":59,"column":9},"end":{"line":59,"column":40}},"type":"binary-expr","locations":[{"start":{"line":59,"column":9},"end":{"line":59,"column":30}},{"start":{"line":59,"column":34},"end":{"line":59,"column":40}}],"line":59}},"s":{"0":4,"1":4,"2":4,"3":4,"4":4,"5":4,"6":129,"7":129,"8":4,"9":4,"10":4,"11":4,"12":4,"13":0,"14":4},"f":{"0":129,"1":0},"b":{"0":[56,73],"1":[4,0],"2":[4,4]},"_coverageSchema":"1a1c01bbd47fc00a2c39e90264f33305004495a9","hash":"eefddfe8447fe68634fd1fc0e5e38fd887a25b2f"}
,"/Users/macbookpro/Desktop/verichain/verichain-v2/backend/src/vallidators/certificateValidator.js": {"path":"/Users/macbookpro/Desktop/verichain/verichain-v2/backend/src/vallidators/certificateValidator.js","statementMap":{"0":{"start":{"line":1,"column":12},"end":{"line":1,"column":26}},"1":{"start":{"line":3,"column":26},"end":{"line":14,"column":2}},"2":{"start":{"line":16,"column":28},"end":{"line":21,"column":1}},"3":{"start":{"line":17,"column":2},"end":{"line":20,"column":5}},"4":{"start":{"line":23,"column":0},"end":{"line":26,"column":2}}},"fnMap":{"0":{"name":"(anonymous_0)","decl":{"start":{"line":16,"column":28},"end":{"line":16,"column":29}},"loc":{"start":{"line":16,"column":38},"end":{"line":21,"column":1}},"line":16}},"branchMap":{},"s":{"0":0,"1":0,"2":0,"3":0,"4":0},"f":{"0":0},"b":{}}
,"/Users/macbookpro/Desktop/verichain/verichain-v2/backend/src/workers/blockchainWorker.js": {"path":"/Users/macbookpro/Desktop/verichain/verichain-v2/backend/src/workers/blockchainWorker.js","statementMap":{"0":{"start":{"line":1,"column":21},"end":{"line":1,"column":53}},"1":{"start":{"line":2,"column":21},"end":{"line":2,"column":67}},"2":{"start":{"line":3,"column":22},"end":{"line":3,"column":58}},"3":{"start":{"line":4,"column":15},"end":{"line":4,"column":41}},"4":{"start":{"line":8,"column":25},"end":{"line":8,"column":51}},"5":{"start":{"line":9,"column":18},"end":{"line":9,"column":71}},"6":{"start":{"line":11,"column":4},"end":{"line":87,"column":7}},"7":{"start":{"line":12,"column":48},"end":{"line":12,"column":56}},"8":{"start":{"line":14,"column":6},"end":{"line":86,"column":7}},"9":{"start":{"line":15,"column":8},"end":{"line":15,"column":79}},"10":{"start":{"line":18,"column":38},"end":{"line":22,"column":19}},"11":{"start":{"line":24,"column":8},"end":{"line":26,"column":9}},"12":{"start":{"line":25,"column":10},"end":{"line":25,"column":68}},"13":{"start":{"line":28,"column":8},"end":{"line":31,"column":9}},"14":{"start":{"line":29,"column":10},"end":{"line":29,"column":73}},"15":{"start":{"line":30,"column":10},"end":{"line":30,"column":73}},"16":{"start":{"line":34,"column":23},"end":{"line":34,"column":67}},"17":{"start":{"line":37,"column":8},"end":{"line":49,"column":35}},"18":{"start":{"line":51,"column":8},"end":{"line":51,"column":81}},"19":{"start":{"line":54,"column":8},"end":{"line":59,"column":11}},"20":{"start":{"line":61,"column":8},"end":{"line":66,"column":10}},"21":{"start":{"line":69,"column":8},"end":{"line":69,"column":84}},"22":{"start":{"line":72,"column":8},"end":{"line":83,"column":35}},"23":{"start":{"line":85,"column":8},"end":{"line":85,"column":20}},"24":{"start":{"line":89,"column":4},"end":{"line":89,"column":45}},"25":{"start":{"line":93,"column":25},"end":{"line":93,"column":51}},"26":{"start":{"line":94,"column":18},"end":{"line":94,"column":71}},"27":{"start":{"line":95,"column":4},"end":{"line":95,"column":24}},"28":{"start":{"line":96,"column":4},"end":{"line":96,"column":45}},"29":{"start":{"line":100,"column":0},"end":{"line":100,"column":40}}},"fnMap":{"0":{"name":"(anonymous_0)","decl":{"start":{"line":7,"column":2},"end":{"line":7,"column":3}},"loc":{"start":{"line":7,"column":16},"end":{"line":90,"column":3}},"line":7},"1":{"name":"(anonymous_1)","decl":{"start":{"line":11,"column":42},"end":{"line":11,"column":43}},"loc":{"start":{"line":11,"column":57},"end":{"line":87,"column":5}},"line":11},"2":{"name":"(anonymous_2)","decl":{"start":{"line":92,"column":2},"end":{"line":92,"column":3}},"loc":{"start":{"line":92,"column":15},"end":{"line":97,"column":3}},"line":92}},"branchMap":{"0":{"loc":{"start":{"line":12,"column":29},"end":{"line":12,"column":43}},"type":"default-arg","locations":[{"start":{"line":12,"column":42},"end":{"line":12,"column":43}}],"line":12},"1":{"loc":{"start":{"line":24,"column":8},"end":{"line":26,"column":9}},"type":"if","locations":[{"start":{"line":24,"column":8},"end":{"line":26,"column":9}},{"start":{},"end":{}}],"line":24},"2":{"loc":{"start":{"line":24,"column":12},"end":{"line":24,"column":26}},"type":"binary-expr","locations":[{"start":{"line":24,"column":12},"end":{"line":24,"column":17}},{"start":{"line":24,"column":21},"end":{"line":24,"column":26}}],"line":24},"3":{"loc":{"start":{"line":28,"column":8},"end":{"line":31,"column":9}},"type":"if","locations":[{"start":{"line":28,"column":8},"end":{"line":31,"column":9}},{"start":{},"end":{}}],"line":28}},"s":{"0":0,"1":0,"2":0,"3":0,"4":0,"5":0,"6":0,"7":0,"8":0,"9":0,"10":0,"11":0,"12":0,"13":0,"14":0,"15":0,"16":0,"17":0,"18":0,"19":0,"20":0,"21":0,"22":0,"23":0,"24":0,"25":0,"26":0,"27":0,"28":0,"29":0},"f":{"0":0,"1":0,"2":0},"b":{"0":[0],"1":[0,0],"2":[0,0],"3":[0,0]}}
}
