{"/Users/macbookpro/Desktop/verichain/verichain-v2/backend/src/api/v1/routes/auth.routes.js": {"path":"/Users/macbookpro/Desktop/verichain/verichain-v2/backend/src/api/v1/routes/auth.routes.js","statementMap":{"0":{"start":{"line":1,"column":16},"end":{"line":1,"column":34}},"1":{"start":{"line":2,"column":15},"end":{"line":2,"column":31}},"2":{"start":{"line":3,"column":23},"end":{"line":3,"column":69}},"3":{"start":{"line":4,"column":20},"end":{"line":4,"column":55}},"4":{"start":{"line":5,"column":29},"end":{"line":5,"column":80}},"5":{"start":{"line":6,"column":20},"end":{"line":6,"column":81}},"6":{"start":{"line":7,"column":24},"end":{"line":7,"column":66}},"7":{"start":{"line":11,"column":0},"end":{"line":11,"column":44}},"8":{"start":{"line":55,"column":0},"end":{"line":59,"column":2}},"9":{"start":{"line":103,"column":0},"end":{"line":107,"column":2}},"10":{"start":{"line":130,"column":0},"end":{"line":133,"column":2}},"11":{"start":{"line":147,"column":0},"end":{"line":147,"column":55}},"12":{"start":{"line":171,"column":0},"end":{"line":175,"column":2}},"13":{"start":{"line":201,"column":0},"end":{"line":204,"column":2}},"14":{"start":{"line":222,"column":0},"end":{"line":222,"column":56}},"15":{"start":{"line":224,"column":0},"end":{"line":224,"column":24}}},"fnMap":{},"branchMap":{},"s":{"0":3,"1":3,"2":3,"3":3,"4":3,"5":3,"6":3,"7":3,"8":3,"9":3,"10":3,"11":3,"12":3,"13":3,"14":3,"15":3},"f":{},"b":{},"_coverageSchema":"1a1c01bbd47fc00a2c39e90264f33305004495a9","hash":"8704e2f4197a374ae64a7f099c4ace37a00325dd"}
,"/Users/macbookpro/Desktop/verichain/verichain-v2/backend/src/api/v1/routes/cache.routes.js": {"path":"/Users/macbookpro/Desktop/verichain/verichain-v2/backend/src/api/v1/routes/cache.routes.js","statementMap":{"0":{"start":{"line":2,"column":15},"end":{"line":2,"column":42}},"1":{"start":{"line":3,"column":20},"end":{"line":3,"column":55}},"2":{"start":{"line":4,"column":21},"end":{"line":4,"column":62}},"3":{"start":{"line":5,"column":26},"end":{"line":5,"column":74}},"4":{"start":{"line":16,"column":0},"end":{"line":30,"column":3}},"5":{"start":{"line":17,"column":2},"end":{"line":29,"column":3}},"6":{"start":{"line":18,"column":4},"end":{"line":23,"column":5}},"7":{"start":{"line":19,"column":6},"end":{"line":22,"column":9}},"8":{"start":{"line":25,"column":18},"end":{"line":25,"column":47}},"9":{"start":{"line":26,"column":4},"end":{"line":26,"column":42}},"10":{"start":{"line":28,"column":4},"end":{"line":28,"column":16}},"11":{"start":{"line":41,"column":0},"end":{"line":57,"column":3}},"12":{"start":{"line":42,"column":2},"end":{"line":56,"column":3}},"13":{"start":{"line":43,"column":4},"end":{"line":48,"column":5}},"14":{"start":{"line":44,"column":6},"end":{"line":47,"column":9}},"15":{"start":{"line":50,"column":18},"end":{"line":50,"column":44}},"16":{"start":{"line":51,"column":4},"end":{"line":53,"column":7}},"17":{"start":{"line":55,"column":4},"end":{"line":55,"column":16}},"18":{"start":{"line":66,"column":0},"end":{"line":90,"column":3}},"19":{"start":{"line":67,"column":2},"end":{"line":89,"column":3}},"20":{"start":{"line":68,"column":4},"end":{"line":73,"column":5}},"21":{"start":{"line":69,"column":6},"end":{"line":72,"column":9}},"22":{"start":{"line":75,"column":24},"end":{"line":75,"column":32}},"23":{"start":{"line":76,"column":4},"end":{"line":81,"column":5}},"24":{"start":{"line":77,"column":6},"end":{"line":80,"column":9}},"25":{"start":{"line":83,"column":18},"end":{"line":83,"column":56}},"26":{"start":{"line":84,"column":4},"end":{"line":86,"column":7}},"27":{"start":{"line":88,"column":4},"end":{"line":88,"column":16}},"28":{"start":{"line":92,"column":0},"end":{"line":92,"column":24}}},"fnMap":{"0":{"name":"(anonymous_0)","decl":{"start":{"line":16,"column":30},"end":{"line":16,"column":31}},"loc":{"start":{"line":16,"column":56},"end":{"line":30,"column":1}},"line":16},"1":{"name":"(anonymous_1)","decl":{"start":{"line":41,"column":31},"end":{"line":41,"column":32}},"loc":{"start":{"line":41,"column":57},"end":{"line":57,"column":1}},"line":41},"2":{"name":"(anonymous_2)","decl":{"start":{"line":66,"column":36},"end":{"line":66,"column":37}},"loc":{"start":{"line":66,"column":62},"end":{"line":90,"column":1}},"line":66}},"branchMap":{"0":{"loc":{"start":{"line":18,"column":4},"end":{"line":23,"column":5}},"type":"if","locations":[{"start":{"line":18,"column":4},"end":{"line":23,"column":5}},{"start":{},"end":{}}],"line":18},"1":{"loc":{"start":{"line":43,"column":4},"end":{"line":48,"column":5}},"type":"if","locations":[{"start":{"line":43,"column":4},"end":{"line":48,"column":5}},{"start":{},"end":{}}],"line":43},"2":{"loc":{"start":{"line":68,"column":4},"end":{"line":73,"column":5}},"type":"if","locations":[{"start":{"line":68,"column":4},"end":{"line":73,"column":5}},{"start":{},"end":{}}],"line":68},"3":{"loc":{"start":{"line":76,"column":4},"end":{"line":81,"column":5}},"type":"if","locations":[{"start":{"line":76,"column":4},"end":{"line":81,"column":5}},{"start":{},"end":{}}],"line":76}},"s":{"0":3,"1":3,"2":3,"3":3,"4":3,"5":0,"6":0,"7":0,"8":0,"9":0,"10":0,"11":3,"12":0,"13":0,"14":0,"15":0,"16":0,"17":0,"18":3,"19":0,"20":0,"21":0,"22":0,"23":0,"24":0,"25":0,"26":0,"27":0,"28":3},"f":{"0":0,"1":0,"2":0},"b":{"0":[0,0],"1":[0,0],"2":[0,0],"3":[0,0]},"_coverageSchema":"1a1c01bbd47fc00a2c39e90264f33305004495a9","hash":"a8960261bfdf0ba3bc923eed5b7505149113d4ef"}
,"/Users/macbookpro/Desktop/verichain/verichain-v2/backend/src/api/v1/routes/certificates.js": {"path":"/Users/macbookpro/Desktop/verichain/verichain-v2/backend/src/api/v1/routes/certificates.js","statementMap":{"0":{"start":{"line":2,"column":15},"end":{"line":2,"column":42}},"1":{"start":{"line":3,"column":29},"end":{"line":3,"column":80}},"2":{"start":{"line":4,"column":27},"end":{"line":4,"column":96}},"3":{"start":{"line":5,"column":21},"end":{"line":5,"column":73}},"4":{"start":{"line":6,"column":24},"end":{"line":6,"column":68}},"5":{"start":{"line":7,"column":22},"end":{"line":7,"column":64}},"6":{"start":{"line":8,"column":20},"end":{"line":8,"column":55}},"7":{"start":{"line":9,"column":15},"end":{"line":9,"column":32}},"8":{"start":{"line":10,"column":45},"end":{"line":10,"column":87}},"9":{"start":{"line":11,"column":28},"end":{"line":11,"column":75}},"10":{"start":{"line":12,"column":31},"end":{"line":12,"column":57}},"11":{"start":{"line":13,"column":15},"end":{"line":13,"column":47}},"12":{"start":{"line":14,"column":30},"end":{"line":14,"column":72}},"13":{"start":{"line":15,"column":26},"end":{"line":15,"column":74}},"14":{"start":{"line":16,"column":30},"end":{"line":16,"column":75}},"15":{"start":{"line":17,"column":21},"end":{"line":17,"column":62}},"16":{"start":{"line":87,"column":0},"end":{"line":87,"column":44}},"17":{"start":{"line":90,"column":28},"end":{"line":120,"column":1}},"18":{"start":{"line":91,"column":40},"end":{"line":91,"column":48}},"19":{"start":{"line":93,"column":2},"end":{"line":98,"column":3}},"20":{"start":{"line":94,"column":4},"end":{"line":97,"column":7}},"21":{"start":{"line":101,"column":2},"end":{"line":109,"column":3}},"22":{"start":{"line":102,"column":23},"end":{"line":102,"column":51}},"23":{"start":{"line":103,"column":4},"end":{"line":108,"column":5}},"24":{"start":{"line":104,"column":6},"end":{"line":107,"column":9}},"25":{"start":{"line":112,"column":2},"end":{"line":117,"column":3}},"26":{"start":{"line":113,"column":4},"end":{"line":116,"column":7}},"27":{"start":{"line":119,"column":2},"end":{"line":119,"column":9}},"28":{"start":{"line":124,"column":15},"end":{"line":124,"column":21}},"29":{"start":{"line":126,"column":2},"end":{"line":142,"column":3}},"30":{"start":{"line":127,"column":26},"end":{"line":131,"column":15}},"31":{"start":{"line":133,"column":4},"end":{"line":141,"column":5}},"32":{"start":{"line":134,"column":6},"end":{"line":134,"column":38}},"33":{"start":{"line":135,"column":11},"end":{"line":141,"column":5}},"34":{"start":{"line":137,"column":24},"end":{"line":137,"column":72}},"35":{"start":{"line":138,"column":6},"end":{"line":140,"column":7}},"36":{"start":{"line":139,"column":8},"end":{"line":139,"column":43}},"37":{"start":{"line":145,"column":20},"end":{"line":145,"column":57}},"38":{"start":{"line":146,"column":17},"end":{"line":146,"column":68}},"39":{"start":{"line":149,"column":20},"end":{"line":149,"column":22}},"40":{"start":{"line":150,"column":21},"end":{"line":150,"column":22}},"41":{"start":{"line":151,"column":26},"end":{"line":151,"column":64}},"42":{"start":{"line":154,"column":26},"end":{"line":154,"column":87}},"43":{"start":{"line":155,"column":23},"end":{"line":155,"column":81}},"44":{"start":{"line":157,"column":13},"end":{"line":157,"column":103}},"45":{"start":{"line":159,"column":2},"end":{"line":159,"column":29}},"46":{"start":{"line":221,"column":0},"end":{"line":339,"column":2}},"47":{"start":{"line":228,"column":24},"end":{"line":228,"column":69}},"48":{"start":{"line":230,"column":4},"end":{"line":337,"column":5}},"49":{"start":{"line":242,"column":10},"end":{"line":242,"column":18}},"50":{"start":{"line":244,"column":24},"end":{"line":244,"column":48}},"51":{"start":{"line":245,"column":21},"end":{"line":245,"column":32}},"52":{"start":{"line":248,"column":6},"end":{"line":250,"column":7}},"53":{"start":{"line":249,"column":8},"end":{"line":249,"column":98}},"54":{"start":{"line":252,"column":27},"end":{"line":252,"column":65}},"55":{"start":{"line":253,"column":6},"end":{"line":255,"column":7}},"56":{"start":{"line":254,"column":8},"end":{"line":254,"column":87}},"57":{"start":{"line":258,"column":17},"end":{"line":258,"column":55}},"58":{"start":{"line":261,"column":33},"end":{"line":265,"column":17}},"59":{"start":{"line":267,"column":6},"end":{"line":269,"column":7}},"60":{"start":{"line":268,"column":8},"end":{"line":268,"column":92}},"61":{"start":{"line":272,"column":30},"end":{"line":291,"column":7}},"62":{"start":{"line":294,"column":6},"end":{"line":308,"column":11}},"63":{"start":{"line":311,"column":21},"end":{"line":311,"column":48}},"64":{"start":{"line":314,"column":36},"end":{"line":324,"column":17}},"65":{"start":{"line":326,"column":6},"end":{"line":326,"column":65}},"66":{"start":{"line":328,"column":6},"end":{"line":332,"column":8}},"67":{"start":{"line":336,"column":6},"end":{"line":336,"column":18}},"68":{"start":{"line":446,"column":0},"end":{"line":565,"column":3}},"69":{"start":{"line":450,"column":4},"end":{"line":564,"column":3}},"70":{"start":{"line":452,"column":29},"end":{"line":452,"column":60}},"71":{"start":{"line":463,"column":10},"end":{"line":463,"column":24}},"72":{"start":{"line":465,"column":21},"end":{"line":465,"column":39}},"73":{"start":{"line":468,"column":18},"end":{"line":482,"column":30}},"74":{"start":{"line":485,"column":4},"end":{"line":495,"column":5}},"75":{"start":{"line":487,"column":6},"end":{"line":487,"column":56}},"76":{"start":{"line":488,"column":11},"end":{"line":495,"column":5}},"77":{"start":{"line":490,"column":6},"end":{"line":494,"column":7}},"78":{"start":{"line":491,"column":8},"end":{"line":491,"column":70}},"79":{"start":{"line":493,"column":8},"end":{"line":493,"column":52}},"80":{"start":{"line":498,"column":4},"end":{"line":500,"column":5}},"81":{"start":{"line":499,"column":6},"end":{"line":499,"column":52}},"82":{"start":{"line":502,"column":4},"end":{"line":504,"column":5}},"83":{"start":{"line":503,"column":6},"end":{"line":503,"column":59}},"84":{"start":{"line":506,"column":4},"end":{"line":515,"column":5}},"85":{"start":{"line":507,"column":25},"end":{"line":507,"column":38}},"86":{"start":{"line":508,"column":6},"end":{"line":514,"column":8}},"87":{"start":{"line":517,"column":4},"end":{"line":519,"column":5}},"88":{"start":{"line":518,"column":6},"end":{"line":518,"column":49}},"89":{"start":{"line":521,"column":4},"end":{"line":523,"column":5}},"90":{"start":{"line":522,"column":6},"end":{"line":522,"column":47}},"91":{"start":{"line":526,"column":30},"end":{"line":526,"column":110}},"92":{"start":{"line":527,"column":22},"end":{"line":527,"column":82}},"93":{"start":{"line":528,"column":26},"end":{"line":528,"column":46}},"94":{"start":{"line":531,"column":35},"end":{"line":533,"column":53}},"95":{"start":{"line":535,"column":4},"end":{"line":535,"column":27}},"96":{"start":{"line":535,"column":15},"end":{"line":535,"column":27}},"97":{"start":{"line":538,"column":18},"end":{"line":543,"column":5}},"98":{"start":{"line":540,"column":35},"end":{"line":540,"column":70}},"99":{"start":{"line":541,"column":33},"end":{"line":541,"column":66}},"100":{"start":{"line":542,"column":32},"end":{"line":542,"column":64}},"101":{"start":{"line":545,"column":4},"end":{"line":557,"column":7}},"102":{"start":{"line":559,"column":4},"end":{"line":559,"column":53}},"103":{"start":{"line":560,"column":4},"end":{"line":563,"column":7}},"104":{"start":{"line":599,"column":0},"end":{"line":652,"column":3}},"105":{"start":{"line":600,"column":2},"end":{"line":651,"column":3}},"106":{"start":{"line":602,"column":19},"end":{"line":602,"column":67}},"107":{"start":{"line":603,"column":4},"end":{"line":609,"column":5}},"108":{"start":{"line":604,"column":6},"end":{"line":604,"column":38}},"109":{"start":{"line":605,"column":6},"end":{"line":608,"column":9}},"110":{"start":{"line":612,"column":28},"end":{"line":625,"column":15}},"111":{"start":{"line":627,"column":4},"end":{"line":635,"column":5}},"112":{"start":{"line":628,"column":6},"end":{"line":633,"column":7}},"113":{"start":{"line":629,"column":8},"end":{"line":632,"column":11}},"114":{"start":{"line":634,"column":6},"end":{"line":634,"column":18}},"115":{"start":{"line":638,"column":4},"end":{"line":638,"column":59}},"116":{"start":{"line":640,"column":4},"end":{"line":640,"column":37}},"117":{"start":{"line":641,"column":4},"end":{"line":644,"column":7}},"118":{"start":{"line":646,"column":4},"end":{"line":646,"column":51}},"119":{"start":{"line":647,"column":4},"end":{"line":650,"column":7}},"120":{"start":{"line":705,"column":0},"end":{"line":867,"column":3}},"121":{"start":{"line":709,"column":2},"end":{"line":866,"column":3}},"122":{"start":{"line":711,"column":25},"end":{"line":711,"column":63}},"123":{"start":{"line":712,"column":4},"end":{"line":717,"column":5}},"124":{"start":{"line":713,"column":6},"end":{"line":716,"column":9}},"125":{"start":{"line":720,"column":34},"end":{"line":730,"column":15}},"126":{"start":{"line":732,"column":4},"end":{"line":737,"column":5}},"127":{"start":{"line":733,"column":6},"end":{"line":736,"column":9}},"128":{"start":{"line":740,"column":4},"end":{"line":745,"column":5}},"129":{"start":{"line":741,"column":6},"end":{"line":744,"column":9}},"130":{"start":{"line":748,"column":4},"end":{"line":758,"column":5}},"131":{"start":{"line":749,"column":6},"end":{"line":757,"column":9}},"132":{"start":{"line":761,"column":31},"end":{"line":773,"column":5}},"133":{"start":{"line":775,"column":28},"end":{"line":778,"column":20}},"134":{"start":{"line":781,"column":27},"end":{"line":789,"column":5}},"135":{"start":{"line":792,"column":4},"end":{"line":792,"column":67}},"136":{"start":{"line":793,"column":29},"end":{"line":793,"column":83}},"137":{"start":{"line":795,"column":4},"end":{"line":797,"column":5}},"138":{"start":{"line":796,"column":6},"end":{"line":796,"column":87}},"139":{"start":{"line":800,"column":35},"end":{"line":813,"column":30}},"140":{"start":{"line":815,"column":4},"end":{"line":818,"column":5}},"141":{"start":{"line":816,"column":6},"end":{"line":816,"column":96}},"142":{"start":{"line":821,"column":4},"end":{"line":833,"column":9}},"143":{"start":{"line":835,"column":4},"end":{"line":845,"column":7}},"144":{"start":{"line":847,"column":4},"end":{"line":847,"column":59}},"145":{"start":{"line":850,"column":4},"end":{"line":860,"column":31}},"146":{"start":{"line":862,"column":4},"end":{"line":865,"column":7}},"147":{"start":{"line":930,"column":0},"end":{"line":1057,"column":3}},"148":{"start":{"line":931,"column":2},"end":{"line":1056,"column":3}},"149":{"start":{"line":932,"column":34},"end":{"line":944,"column":15}},"150":{"start":{"line":946,"column":4},"end":{"line":952,"column":5}},"151":{"start":{"line":947,"column":6},"end":{"line":951,"column":9}},"152":{"start":{"line":955,"column":4},"end":{"line":960,"column":31}},"153":{"start":{"line":963,"column":31},"end":{"line":969,"column":5}},"154":{"start":{"line":971,"column":4},"end":{"line":973,"column":34}},"155":{"start":{"line":976,"column":31},"end":{"line":988,"column":5}},"156":{"start":{"line":990,"column":24},"end":{"line":993,"column":20}},"157":{"start":{"line":996,"column":33},"end":{"line":996,"column":37}},"158":{"start":{"line":997,"column":4},"end":{"line":1012,"column":5}},"159":{"start":{"line":998,"column":6},"end":{"line":1011,"column":7}},"160":{"start":{"line":999,"column":8},"end":{"line":1004,"column":10}},"161":{"start":{"line":1006,"column":8},"end":{"line":1006,"column":63}},"162":{"start":{"line":1007,"column":8},"end":{"line":1010,"column":10}},"163":{"start":{"line":1014,"column":4},"end":{"line":1049,"column":7}},"164":{"start":{"line":1051,"column":4},"end":{"line":1051,"column":54}},"165":{"start":{"line":1052,"column":4},"end":{"line":1055,"column":7}},"166":{"start":{"line":1105,"column":0},"end":{"line":1210,"column":3}},"167":{"start":{"line":1110,"column":2},"end":{"line":1209,"column":3}},"168":{"start":{"line":1111,"column":19},"end":{"line":1111,"column":29}},"169":{"start":{"line":1112,"column":20},"end":{"line":1112,"column":28}},"170":{"start":{"line":1115,"column":28},"end":{"line":1118,"column":5}},"171":{"start":{"line":1120,"column":4},"end":{"line":1120,"column":60}},"172":{"start":{"line":1120,"column":37},"end":{"line":1120,"column":58}},"173":{"start":{"line":1123,"column":27},"end":{"line":1127,"column":15}},"174":{"start":{"line":1129,"column":4},"end":{"line":1134,"column":5}},"175":{"start":{"line":1130,"column":6},"end":{"line":1133,"column":9}},"176":{"start":{"line":1137,"column":4},"end":{"line":1142,"column":5}},"177":{"start":{"line":1138,"column":6},"end":{"line":1141,"column":9}},"178":{"start":{"line":1145,"column":4},"end":{"line":1152,"column":5}},"179":{"start":{"line":1146,"column":6},"end":{"line":1151,"column":7}},"180":{"start":{"line":1147,"column":8},"end":{"line":1150,"column":11}},"181":{"start":{"line":1155,"column":4},"end":{"line":1157,"column":5}},"182":{"start":{"line":1156,"column":6},"end":{"line":1156,"column":73}},"183":{"start":{"line":1158,"column":4},"end":{"line":1160,"column":5}},"184":{"start":{"line":1159,"column":6},"end":{"line":1159,"column":50}},"185":{"start":{"line":1161,"column":4},"end":{"line":1163,"column":5}},"186":{"start":{"line":1162,"column":6},"end":{"line":1162,"column":50}},"187":{"start":{"line":1166,"column":28},"end":{"line":1179,"column":15}},"188":{"start":{"line":1181,"column":4},"end":{"line":1181,"column":27}},"189":{"start":{"line":1181,"column":15},"end":{"line":1181,"column":27}},"190":{"start":{"line":1184,"column":4},"end":{"line":1193,"column":9}},"191":{"start":{"line":1196,"column":6},"end":{"line":1196,"column":51}},"192":{"start":{"line":1198,"column":6},"end":{"line":1202,"column":7}},"193":{"start":{"line":1204,"column":4},"end":{"line":1204,"column":54}},"194":{"start":{"line":1205,"column":4},"end":{"line":1208,"column":7}},"195":{"start":{"line":1239,"column":0},"end":{"line":1310,"column":3}},"196":{"start":{"line":1240,"column":2},"end":{"line":1309,"column":3}},"197":{"start":{"line":1241,"column":19},"end":{"line":1241,"column":29}},"198":{"start":{"line":1244,"column":4},"end":{"line":1249,"column":5}},"199":{"start":{"line":1245,"column":6},"end":{"line":1248,"column":9}},"200":{"start":{"line":1252,"column":27},"end":{"line":1256,"column":15}},"201":{"start":{"line":1258,"column":4},"end":{"line":1263,"column":5}},"202":{"start":{"line":1259,"column":6},"end":{"line":1262,"column":9}},"203":{"start":{"line":1266,"column":4},"end":{"line":1271,"column":5}},"204":{"start":{"line":1267,"column":6},"end":{"line":1270,"column":9}},"205":{"start":{"line":1274,"column":4},"end":{"line":1277,"column":32}},"206":{"start":{"line":1280,"column":22},"end":{"line":1283,"column":19}},"207":{"start":{"line":1285,"column":4},"end":{"line":1285,"column":27}},"208":{"start":{"line":1285,"column":15},"end":{"line":1285,"column":27}},"209":{"start":{"line":1288,"column":4},"end":{"line":1297,"column":9}},"210":{"start":{"line":1299,"column":4},"end":{"line":1302,"column":7}},"211":{"start":{"line":1304,"column":4},"end":{"line":1304,"column":54}},"212":{"start":{"line":1305,"column":4},"end":{"line":1308,"column":7}},"213":{"start":{"line":1376,"column":0},"end":{"line":1453,"column":3}},"214":{"start":{"line":1377,"column":2},"end":{"line":1452,"column":3}},"215":{"start":{"line":1379,"column":4},"end":{"line":1384,"column":5}},"216":{"start":{"line":1380,"column":6},"end":{"line":1383,"column":9}},"217":{"start":{"line":1386,"column":32},"end":{"line":1386,"column":40}},"218":{"start":{"line":1388,"column":4},"end":{"line":1393,"column":5}},"219":{"start":{"line":1389,"column":6},"end":{"line":1392,"column":9}},"220":{"start":{"line":1395,"column":4},"end":{"line":1400,"column":5}},"221":{"start":{"line":1396,"column":6},"end":{"line":1399,"column":9}},"222":{"start":{"line":1402,"column":20},"end":{"line":1402,"column":22}},"223":{"start":{"line":1403,"column":19},"end":{"line":1403,"column":21}},"224":{"start":{"line":1405,"column":4},"end":{"line":1438,"column":5}},"225":{"start":{"line":1406,"column":6},"end":{"line":1437,"column":7}},"226":{"start":{"line":1408,"column":25},"end":{"line":1414,"column":10}},"227":{"start":{"line":1416,"column":23},"end":{"line":1416,"column":44}},"228":{"start":{"line":1418,"column":8},"end":{"line":1430,"column":9}},"229":{"start":{"line":1419,"column":10},"end":{"line":1423,"column":13}},"230":{"start":{"line":1425,"column":10},"end":{"line":1429,"column":13}},"231":{"start":{"line":1432,"column":8},"end":{"line":1436,"column":11}},"232":{"start":{"line":1440,"column":4},"end":{"line":1445,"column":7}},"233":{"start":{"line":1447,"column":4},"end":{"line":1447,"column":54}},"234":{"start":{"line":1448,"column":4},"end":{"line":1451,"column":7}},"235":{"start":{"line":1455,"column":0},"end":{"line":1455,"column":24}}},"fnMap":{"0":{"name":"(anonymous_0)","decl":{"start":{"line":90,"column":28},"end":{"line":90,"column":29}},"loc":{"start":{"line":90,"column":48},"end":{"line":120,"column":1}},"line":90},"1":{"name":"generateCertificateId","decl":{"start":{"line":123,"column":15},"end":{"line":123,"column":36}},"loc":{"start":{"line":123,"column":53},"end":{"line":160,"column":1}},"line":123},"2":{"name":"(anonymous_2)","decl":{"start":{"line":227,"column":2},"end":{"line":227,"column":3}},"loc":{"start":{"line":227,"column":28},"end":{"line":338,"column":3}},"line":227},"3":{"name":"(anonymous_3)","decl":{"start":{"line":449,"column":2},"end":{"line":449,"column":3}},"loc":{"start":{"line":449,"column":22},"end":{"line":565,"column":1}},"line":449},"4":{"name":"(anonymous_4)","decl":{"start":{"line":540,"column":30},"end":{"line":540,"column":31}},"loc":{"start":{"line":540,"column":35},"end":{"line":540,"column":70}},"line":540},"5":{"name":"(anonymous_5)","decl":{"start":{"line":541,"column":28},"end":{"line":541,"column":29}},"loc":{"start":{"line":541,"column":33},"end":{"line":541,"column":66}},"line":541},"6":{"name":"(anonymous_6)","decl":{"start":{"line":542,"column":27},"end":{"line":542,"column":28}},"loc":{"start":{"line":542,"column":32},"end":{"line":542,"column":64}},"line":542},"7":{"name":"(anonymous_7)","decl":{"start":{"line":599,"column":19},"end":{"line":599,"column":20}},"loc":{"start":{"line":599,"column":39},"end":{"line":652,"column":1}},"line":599},"8":{"name":"(anonymous_8)","decl":{"start":{"line":708,"column":2},"end":{"line":708,"column":3}},"loc":{"start":{"line":708,"column":22},"end":{"line":867,"column":1}},"line":708},"9":{"name":"(anonymous_9)","decl":{"start":{"line":930,"column":26},"end":{"line":930,"column":27}},"loc":{"start":{"line":930,"column":46},"end":{"line":1057,"column":1}},"line":930},"10":{"name":"(anonymous_10)","decl":{"start":{"line":1109,"column":2},"end":{"line":1109,"column":3}},"loc":{"start":{"line":1109,"column":22},"end":{"line":1210,"column":1}},"line":1109},"11":{"name":"(anonymous_11)","decl":{"start":{"line":1120,"column":28},"end":{"line":1120,"column":29}},"loc":{"start":{"line":1120,"column":37},"end":{"line":1120,"column":58}},"line":1120},"12":{"name":"(anonymous_12)","decl":{"start":{"line":1239,"column":31},"end":{"line":1239,"column":32}},"loc":{"start":{"line":1239,"column":51},"end":{"line":1310,"column":1}},"line":1239},"13":{"name":"(anonymous_13)","decl":{"start":{"line":1376,"column":51},"end":{"line":1376,"column":52}},"loc":{"start":{"line":1376,"column":71},"end":{"line":1453,"column":1}},"line":1376}},"branchMap":{"0":{"loc":{"start":{"line":93,"column":2},"end":{"line":98,"column":3}},"type":"if","locations":[{"start":{"line":93,"column":2},"end":{"line":98,"column":3}},{"start":{},"end":{}}],"line":93},"1":{"loc":{"start":{"line":93,"column":6},"end":{"line":93,"column":35}},"type":"binary-expr","locations":[{"start":{"line":93,"column":6},"end":{"line":93,"column":19}},{"start":{"line":93,"column":23},"end":{"line":93,"column":35}}],"line":93},"2":{"loc":{"start":{"line":101,"column":2},"end":{"line":109,"column":3}},"type":"if","locations":[{"start":{"line":101,"column":2},"end":{"line":109,"column":3}},{"start":{},"end":{}}],"line":101},"3":{"loc":{"start":{"line":103,"column":4},"end":{"line":108,"column":5}},"type":"if","locations":[{"start":{"line":103,"column":4},"end":{"line":108,"column":5}},{"start":{},"end":{}}],"line":103},"4":{"loc":{"start":{"line":112,"column":2},"end":{"line":117,"column":3}},"type":"if","locations":[{"start":{"line":112,"column":2},"end":{"line":117,"column":3}},{"start":{},"end":{}}],"line":112},"5":{"loc":{"start":{"line":112,"column":6},"end":{"line":112,"column":75}},"type":"binary-expr","locations":[{"start":{"line":112,"column":6},"end":{"line":112,"column":22}},{"start":{"line":112,"column":27},"end":{"line":112,"column":50}},{"start":{"line":112,"column":54},"end":{"line":112,"column":74}}],"line":112},"6":{"loc":{"start":{"line":126,"column":2},"end":{"line":142,"column":3}},"type":"if","locations":[{"start":{"line":126,"column":2},"end":{"line":142,"column":3}},{"start":{},"end":{}}],"line":126},"7":{"loc":{"start":{"line":133,"column":4},"end":{"line":141,"column":5}},"type":"if","locations":[{"start":{"line":133,"column":4},"end":{"line":141,"column":5}},{"start":{"line":135,"column":11},"end":{"line":141,"column":5}}],"line":133},"8":{"loc":{"start":{"line":133,"column":8},"end":{"line":133,"column":37}},"type":"binary-expr","locations":[{"start":{"line":133,"column":8},"end":{"line":133,"column":11}},{"start":{"line":133,"column":15},"end":{"line":133,"column":37}}],"line":133},"9":{"loc":{"start":{"line":135,"column":11},"end":{"line":141,"column":5}},"type":"if","locations":[{"start":{"line":135,"column":11},"end":{"line":141,"column":5}},{"start":{},"end":{}}],"line":135},"10":{"loc":{"start":{"line":135,"column":15},"end":{"line":135,"column":30}},"type":"binary-expr","locations":[{"start":{"line":135,"column":15},"end":{"line":135,"column":18}},{"start":{"line":135,"column":22},"end":{"line":135,"column":30}}],"line":135},"11":{"loc":{"start":{"line":138,"column":6},"end":{"line":140,"column":7}},"type":"if","locations":[{"start":{"line":138,"column":6},"end":{"line":140,"column":7}},{"start":{},"end":{}}],"line":138},"12":{"loc":{"start":{"line":248,"column":6},"end":{"line":250,"column":7}},"type":"if","locations":[{"start":{"line":248,"column":6},"end":{"line":250,"column":7}},{"start":{},"end":{}}],"line":248},"13":{"loc":{"start":{"line":248,"column":10},"end":{"line":248,"column":55}},"type":"binary-expr","locations":[{"start":{"line":248,"column":10},"end":{"line":248,"column":20}},{"start":{"line":248,"column":24},"end":{"line":248,"column":55}}],"line":248},"14":{"loc":{"start":{"line":253,"column":6},"end":{"line":255,"column":7}},"type":"if","locations":[{"start":{"line":253,"column":6},"end":{"line":255,"column":7}},{"start":{},"end":{}}],"line":253},"15":{"loc":{"start":{"line":267,"column":6},"end":{"line":269,"column":7}},"type":"if","locations":[{"start":{"line":267,"column":6},"end":{"line":269,"column":7}},{"start":{},"end":{}}],"line":267},"16":{"loc":{"start":{"line":274,"column":25},"end":{"line":274,"column":42}},"type":"binary-expr","locations":[{"start":{"line":274,"column":25},"end":{"line":274,"column":34}},{"start":{"line":274,"column":38},"end":{"line":274,"column":42}}],"line":274},"17":{"loc":{"start":{"line":276,"column":23},"end":{"line":276,"column":80}},"type":"cond-expr","locations":[{"start":{"line":276,"column":39},"end":{"line":276,"column":73}},{"start":{"line":276,"column":76},"end":{"line":276,"column":80}}],"line":276},"18":{"loc":{"start":{"line":277,"column":20},"end":{"line":277,"column":57}},"type":"cond-expr","locations":[{"start":{"line":277,"column":33},"end":{"line":277,"column":50}},{"start":{"line":277,"column":53},"end":{"line":277,"column":57}}],"line":277},"19":{"loc":{"start":{"line":279,"column":21},"end":{"line":279,"column":74}},"type":"cond-expr","locations":[{"start":{"line":279,"column":35},"end":{"line":279,"column":67}},{"start":{"line":279,"column":70},"end":{"line":279,"column":74}}],"line":279},"20":{"loc":{"start":{"line":280,"column":25},"end":{"line":280,"column":72}},"type":"cond-expr","locations":[{"start":{"line":280,"column":43},"end":{"line":280,"column":65}},{"start":{"line":280,"column":68},"end":{"line":280,"column":72}}],"line":280},"21":{"loc":{"start":{"line":282,"column":25},"end":{"line":282,"column":48}},"type":"binary-expr","locations":[{"start":{"line":282,"column":25},"end":{"line":282,"column":40}},{"start":{"line":282,"column":44},"end":{"line":282,"column":48}}],"line":282},"22":{"loc":{"start":{"line":283,"column":15},"end":{"line":283,"column":49}},"type":"cond-expr","locations":[{"start":{"line":283,"column":23},"end":{"line":283,"column":42}},{"start":{"line":283,"column":45},"end":{"line":283,"column":49}}],"line":283},"23":{"loc":{"start":{"line":284,"column":17},"end":{"line":284,"column":51}},"type":"cond-expr","locations":[{"start":{"line":284,"column":27},"end":{"line":284,"column":44}},{"start":{"line":284,"column":47},"end":{"line":284,"column":51}}],"line":284},"24":{"loc":{"start":{"line":286,"column":32},"end":{"line":286,"column":108}},"type":"binary-expr","locations":[{"start":{"line":286,"column":32},"end":{"line":286,"column":60}},{"start":{"line":286,"column":64},"end":{"line":286,"column":108}}],"line":286},"25":{"loc":{"start":{"line":289,"column":18},"end":{"line":289,"column":32}},"type":"binary-expr","locations":[{"start":{"line":289,"column":18},"end":{"line":289,"column":26}},{"start":{"line":289,"column":30},"end":{"line":289,"column":32}}],"line":289},"26":{"loc":{"start":{"line":330,"column":8},"end":{"line":330,"column":37}},"type":"binary-expr","locations":[{"start":{"line":330,"column":8},"end":{"line":330,"column":19}},{"start":{"line":330,"column":23},"end":{"line":330,"column":37}}],"line":330},"27":{"loc":{"start":{"line":452,"column":29},"end":{"line":452,"column":60}},"type":"binary-expr","locations":[{"start":{"line":452,"column":29},"end":{"line":452,"column":47}},{"start":{"line":452,"column":51},"end":{"line":452,"column":60}}],"line":452},"28":{"loc":{"start":{"line":454,"column":8},"end":{"line":454,"column":16}},"type":"default-arg","locations":[{"start":{"line":454,"column":15},"end":{"line":454,"column":16}}],"line":454},"29":{"loc":{"start":{"line":455,"column":8},"end":{"line":455,"column":18}},"type":"default-arg","locations":[{"start":{"line":455,"column":16},"end":{"line":455,"column":18}}],"line":455},"30":{"loc":{"start":{"line":461,"column":8},"end":{"line":461,"column":30}},"type":"default-arg","locations":[{"start":{"line":461,"column":18},"end":{"line":461,"column":30}}],"line":461},"31":{"loc":{"start":{"line":462,"column":8},"end":{"line":462,"column":27}},"type":"default-arg","locations":[{"start":{"line":462,"column":21},"end":{"line":462,"column":27}}],"line":462},"32":{"loc":{"start":{"line":485,"column":4},"end":{"line":495,"column":5}},"type":"if","locations":[{"start":{"line":485,"column":4},"end":{"line":495,"column":5}},{"start":{"line":488,"column":11},"end":{"line":495,"column":5}}],"line":485},"33":{"loc":{"start":{"line":488,"column":11},"end":{"line":495,"column":5}},"type":"if","locations":[{"start":{"line":488,"column":11},"end":{"line":495,"column":5}},{"start":{},"end":{}}],"line":488},"34":{"loc":{"start":{"line":490,"column":6},"end":{"line":494,"column":7}},"type":"if","locations":[{"start":{"line":490,"column":6},"end":{"line":494,"column":7}},{"start":{"line":492,"column":13},"end":{"line":494,"column":7}}],"line":490},"35":{"loc":{"start":{"line":498,"column":4},"end":{"line":500,"column":5}},"type":"if","locations":[{"start":{"line":498,"column":4},"end":{"line":500,"column":5}},{"start":{},"end":{}}],"line":498},"36":{"loc":{"start":{"line":502,"column":4},"end":{"line":504,"column":5}},"type":"if","locations":[{"start":{"line":502,"column":4},"end":{"line":504,"column":5}},{"start":{},"end":{}}],"line":502},"37":{"loc":{"start":{"line":502,"column":8},"end":{"line":502,"column":58}},"type":"binary-expr","locations":[{"start":{"line":502,"column":8},"end":{"line":502,"column":23}},{"start":{"line":502,"column":27},"end":{"line":502,"column":58}}],"line":502},"38":{"loc":{"start":{"line":506,"column":4},"end":{"line":515,"column":5}},"type":"if","locations":[{"start":{"line":506,"column":4},"end":{"line":515,"column":5}},{"start":{},"end":{}}],"line":506},"39":{"loc":{"start":{"line":517,"column":4},"end":{"line":519,"column":5}},"type":"if","locations":[{"start":{"line":517,"column":4},"end":{"line":519,"column":5}},{"start":{},"end":{}}],"line":517},"40":{"loc":{"start":{"line":521,"column":4},"end":{"line":523,"column":5}},"type":"if","locations":[{"start":{"line":521,"column":4},"end":{"line":523,"column":5}},{"start":{},"end":{}}],"line":521},"41":{"loc":{"start":{"line":527,"column":22},"end":{"line":527,"column":82}},"type":"cond-expr","locations":[{"start":{"line":527,"column":60},"end":{"line":527,"column":67}},{"start":{"line":527,"column":70},"end":{"line":527,"column":82}}],"line":527},"42":{"loc":{"start":{"line":535,"column":4},"end":{"line":535,"column":27}},"type":"if","locations":[{"start":{"line":535,"column":4},"end":{"line":535,"column":27}},{"start":{},"end":{}}],"line":535},"43":{"loc":{"start":{"line":540,"column":17},"end":{"line":540,"column":83}},"type":"binary-expr","locations":[{"start":{"line":540,"column":17},"end":{"line":540,"column":78}},{"start":{"line":540,"column":82},"end":{"line":540,"column":83}}],"line":540},"44":{"loc":{"start":{"line":541,"column":15},"end":{"line":541,"column":79}},"type":"binary-expr","locations":[{"start":{"line":541,"column":15},"end":{"line":541,"column":74}},{"start":{"line":541,"column":78},"end":{"line":541,"column":79}}],"line":541},"45":{"loc":{"start":{"line":542,"column":14},"end":{"line":542,"column":77}},"type":"binary-expr","locations":[{"start":{"line":542,"column":14},"end":{"line":542,"column":72}},{"start":{"line":542,"column":76},"end":{"line":542,"column":77}}],"line":542},"46":{"loc":{"start":{"line":562,"column":13},"end":{"line":562,"column":63}},"type":"binary-expr","locations":[{"start":{"line":562,"column":13},"end":{"line":562,"column":26}},{"start":{"line":562,"column":30},"end":{"line":562,"column":63}}],"line":562},"47":{"loc":{"start":{"line":603,"column":4},"end":{"line":609,"column":5}},"type":"if","locations":[{"start":{"line":603,"column":4},"end":{"line":609,"column":5}},{"start":{},"end":{}}],"line":603},"48":{"loc":{"start":{"line":627,"column":4},"end":{"line":635,"column":5}},"type":"if","locations":[{"start":{"line":627,"column":4},"end":{"line":635,"column":5}},{"start":{},"end":{}}],"line":627},"49":{"loc":{"start":{"line":628,"column":6},"end":{"line":633,"column":7}},"type":"if","locations":[{"start":{"line":628,"column":6},"end":{"line":633,"column":7}},{"start":{},"end":{}}],"line":628},"50":{"loc":{"start":{"line":649,"column":13},"end":{"line":649,"column":62}},"type":"binary-expr","locations":[{"start":{"line":649,"column":13},"end":{"line":649,"column":26}},{"start":{"line":649,"column":30},"end":{"line":649,"column":62}}],"line":649},"51":{"loc":{"start":{"line":712,"column":4},"end":{"line":717,"column":5}},"type":"if","locations":[{"start":{"line":712,"column":4},"end":{"line":717,"column":5}},{"start":{},"end":{}}],"line":712},"52":{"loc":{"start":{"line":732,"column":4},"end":{"line":737,"column":5}},"type":"if","locations":[{"start":{"line":732,"column":4},"end":{"line":737,"column":5}},{"start":{},"end":{}}],"line":732},"53":{"loc":{"start":{"line":732,"column":8},"end":{"line":732,"column":22}},"type":"binary-expr","locations":[{"start":{"line":732,"column":8},"end":{"line":732,"column":13}},{"start":{"line":732,"column":17},"end":{"line":732,"column":22}}],"line":732},"54":{"loc":{"start":{"line":740,"column":4},"end":{"line":745,"column":5}},"type":"if","locations":[{"start":{"line":740,"column":4},"end":{"line":745,"column":5}},{"start":{},"end":{}}],"line":740},"55":{"loc":{"start":{"line":740,"column":8},"end":{"line":740,"column":92}},"type":"binary-expr","locations":[{"start":{"line":740,"column":8},"end":{"line":740,"column":39}},{"start":{"line":740,"column":43},"end":{"line":740,"column":92}}],"line":740},"56":{"loc":{"start":{"line":748,"column":4},"end":{"line":758,"column":5}},"type":"if","locations":[{"start":{"line":748,"column":4},"end":{"line":758,"column":5}},{"start":{},"end":{}}],"line":748},"57":{"loc":{"start":{"line":784,"column":22},"end":{"line":784,"column":46}},"type":"binary-expr","locations":[{"start":{"line":784,"column":22},"end":{"line":784,"column":40}},{"start":{"line":784,"column":44},"end":{"line":784,"column":46}}],"line":784},"58":{"loc":{"start":{"line":785,"column":14},"end":{"line":785,"column":53}},"type":"binary-expr","locations":[{"start":{"line":785,"column":14},"end":{"line":785,"column":38}},{"start":{"line":785,"column":42},"end":{"line":785,"column":53}}],"line":785},"59":{"loc":{"start":{"line":795,"column":4},"end":{"line":797,"column":5}},"type":"if","locations":[{"start":{"line":795,"column":4},"end":{"line":797,"column":5}},{"start":{},"end":{}}],"line":795},"60":{"loc":{"start":{"line":795,"column":8},"end":{"line":795,"column":53}},"type":"binary-expr","locations":[{"start":{"line":795,"column":8},"end":{"line":795,"column":25}},{"start":{"line":795,"column":29},"end":{"line":795,"column":53}}],"line":795},"61":{"loc":{"start":{"line":804,"column":22},"end":{"line":804,"column":58}},"type":"binary-expr","locations":[{"start":{"line":804,"column":22},"end":{"line":804,"column":50}},{"start":{"line":804,"column":54},"end":{"line":804,"column":58}}],"line":804},"62":{"loc":{"start":{"line":815,"column":4},"end":{"line":818,"column":5}},"type":"if","locations":[{"start":{"line":815,"column":4},"end":{"line":818,"column":5}},{"start":{},"end":{}}],"line":815},"63":{"loc":{"start":{"line":864,"column":13},"end":{"line":864,"column":76}},"type":"binary-expr","locations":[{"start":{"line":864,"column":13},"end":{"line":864,"column":26}},{"start":{"line":864,"column":30},"end":{"line":864,"column":76}}],"line":864},"64":{"loc":{"start":{"line":946,"column":4},"end":{"line":952,"column":5}},"type":"if","locations":[{"start":{"line":946,"column":4},"end":{"line":952,"column":5}},{"start":{},"end":{}}],"line":946},"65":{"loc":{"start":{"line":946,"column":8},"end":{"line":946,"column":22}},"type":"binary-expr","locations":[{"start":{"line":946,"column":8},"end":{"line":946,"column":13}},{"start":{"line":946,"column":17},"end":{"line":946,"column":22}}],"line":946},"66":{"loc":{"start":{"line":958,"column":29},"end":{"line":958,"column":57}},"type":"binary-expr","locations":[{"start":{"line":958,"column":29},"end":{"line":958,"column":52}},{"start":{"line":958,"column":56},"end":{"line":958,"column":57}}],"line":958},"67":{"loc":{"start":{"line":965,"column":18},"end":{"line":965,"column":56}},"type":"binary-expr","locations":[{"start":{"line":965,"column":18},"end":{"line":965,"column":24}},{"start":{"line":965,"column":28},"end":{"line":965,"column":56}}],"line":965},"68":{"loc":{"start":{"line":967,"column":16},"end":{"line":967,"column":46}},"type":"binary-expr","locations":[{"start":{"line":967,"column":16},"end":{"line":967,"column":38}},{"start":{"line":967,"column":42},"end":{"line":967,"column":46}}],"line":967},"69":{"loc":{"start":{"line":997,"column":4},"end":{"line":1012,"column":5}},"type":"if","locations":[{"start":{"line":997,"column":4},"end":{"line":1012,"column":5}},{"start":{},"end":{}}],"line":997},"70":{"loc":{"start":{"line":1036,"column":18},"end":{"line":1040,"column":7}},"type":"binary-expr","locations":[{"start":{"line":1036,"column":18},"end":{"line":1036,"column":40}},{"start":{"line":1036,"column":44},"end":{"line":1040,"column":7}}],"line":1036},"71":{"loc":{"start":{"line":1054,"column":13},"end":{"line":1054,"column":51}},"type":"binary-expr","locations":[{"start":{"line":1054,"column":13},"end":{"line":1054,"column":26}},{"start":{"line":1054,"column":30},"end":{"line":1054,"column":51}}],"line":1054},"72":{"loc":{"start":{"line":1129,"column":4},"end":{"line":1134,"column":5}},"type":"if","locations":[{"start":{"line":1129,"column":4},"end":{"line":1134,"column":5}},{"start":{},"end":{}}],"line":1129},"73":{"loc":{"start":{"line":1137,"column":4},"end":{"line":1142,"column":5}},"type":"if","locations":[{"start":{"line":1137,"column":4},"end":{"line":1142,"column":5}},{"start":{},"end":{}}],"line":1137},"74":{"loc":{"start":{"line":1145,"column":4},"end":{"line":1152,"column":5}},"type":"if","locations":[{"start":{"line":1145,"column":4},"end":{"line":1152,"column":5}},{"start":{},"end":{}}],"line":1145},"75":{"loc":{"start":{"line":1146,"column":6},"end":{"line":1151,"column":7}},"type":"if","locations":[{"start":{"line":1146,"column":6},"end":{"line":1151,"column":7}},{"start":{},"end":{}}],"line":1146},"76":{"loc":{"start":{"line":1155,"column":4},"end":{"line":1157,"column":5}},"type":"if","locations":[{"start":{"line":1155,"column":4},"end":{"line":1157,"column":5}},{"start":{},"end":{}}],"line":1155},"77":{"loc":{"start":{"line":1158,"column":4},"end":{"line":1160,"column":5}},"type":"if","locations":[{"start":{"line":1158,"column":4},"end":{"line":1160,"column":5}},{"start":{},"end":{}}],"line":1158},"78":{"loc":{"start":{"line":1161,"column":4},"end":{"line":1163,"column":5}},"type":"if","locations":[{"start":{"line":1161,"column":4},"end":{"line":1163,"column":5}},{"start":{},"end":{}}],"line":1161},"79":{"loc":{"start":{"line":1181,"column":4},"end":{"line":1181,"column":27}},"type":"if","locations":[{"start":{"line":1181,"column":4},"end":{"line":1181,"column":27}},{"start":{},"end":{}}],"line":1181},"80":{"loc":{"start":{"line":1207,"column":13},"end":{"line":1207,"column":60}},"type":"binary-expr","locations":[{"start":{"line":1207,"column":13},"end":{"line":1207,"column":26}},{"start":{"line":1207,"column":30},"end":{"line":1207,"column":60}}],"line":1207},"81":{"loc":{"start":{"line":1244,"column":4},"end":{"line":1249,"column":5}},"type":"if","locations":[{"start":{"line":1244,"column":4},"end":{"line":1249,"column":5}},{"start":{},"end":{}}],"line":1244},"82":{"loc":{"start":{"line":1258,"column":4},"end":{"line":1263,"column":5}},"type":"if","locations":[{"start":{"line":1258,"column":4},"end":{"line":1263,"column":5}},{"start":{},"end":{}}],"line":1258},"83":{"loc":{"start":{"line":1266,"column":4},"end":{"line":1271,"column":5}},"type":"if","locations":[{"start":{"line":1266,"column":4},"end":{"line":1271,"column":5}},{"start":{},"end":{}}],"line":1266},"84":{"loc":{"start":{"line":1285,"column":4},"end":{"line":1285,"column":27}},"type":"if","locations":[{"start":{"line":1285,"column":4},"end":{"line":1285,"column":27}},{"start":{},"end":{}}],"line":1285},"85":{"loc":{"start":{"line":1307,"column":13},"end":{"line":1307,"column":60}},"type":"binary-expr","locations":[{"start":{"line":1307,"column":13},"end":{"line":1307,"column":26}},{"start":{"line":1307,"column":30},"end":{"line":1307,"column":60}}],"line":1307},"86":{"loc":{"start":{"line":1379,"column":4},"end":{"line":1384,"column":5}},"type":"if","locations":[{"start":{"line":1379,"column":4},"end":{"line":1384,"column":5}},{"start":{},"end":{}}],"line":1379},"87":{"loc":{"start":{"line":1388,"column":4},"end":{"line":1393,"column":5}},"type":"if","locations":[{"start":{"line":1388,"column":4},"end":{"line":1393,"column":5}},{"start":{},"end":{}}],"line":1388},"88":{"loc":{"start":{"line":1388,"column":8},"end":{"line":1388,"column":71}},"type":"binary-expr","locations":[{"start":{"line":1388,"column":8},"end":{"line":1388,"column":39}},{"start":{"line":1388,"column":43},"end":{"line":1388,"column":71}}],"line":1388},"89":{"loc":{"start":{"line":1395,"column":4},"end":{"line":1400,"column":5}},"type":"if","locations":[{"start":{"line":1395,"column":4},"end":{"line":1400,"column":5}},{"start":{},"end":{}}],"line":1395},"90":{"loc":{"start":{"line":1408,"column":57},"end":{"line":1408,"column":81}},"type":"binary-expr","locations":[{"start":{"line":1408,"column":57},"end":{"line":1408,"column":73}},{"start":{"line":1408,"column":77},"end":{"line":1408,"column":81}}],"line":1408},"91":{"loc":{"start":{"line":1418,"column":8},"end":{"line":1430,"column":9}},"type":"if","locations":[{"start":{"line":1418,"column":8},"end":{"line":1430,"column":9}},{"start":{"line":1424,"column":15},"end":{"line":1430,"column":9}}],"line":1418},"92":{"loc":{"start":{"line":1450,"column":13},"end":{"line":1450,"column":57}},"type":"binary-expr","locations":[{"start":{"line":1450,"column":13},"end":{"line":1450,"column":26}},{"start":{"line":1450,"column":30},"end":{"line":1450,"column":57}}],"line":1450}},"s":{"0":3,"1":3,"2":3,"3":3,"4":3,"5":3,"6":3,"7":3,"8":3,"9":3,"10":3,"11":3,"12":3,"13":3,"14":3,"15":3,"16":3,"17":3,"18":0,"19":0,"20":0,"21":0,"22":0,"23":0,"24":0,"25":0,"26":0,"27":0,"28":0,"29":0,"30":0,"31":0,"32":0,"33":0,"34":0,"35":0,"36":0,"37":0,"38":0,"39":0,"40":0,"41":0,"42":0,"43":0,"44":0,"45":0,"46":3,"47":0,"48":0,"49":0,"50":0,"51":0,"52":0,"53":0,"54":0,"55":0,"56":0,"57":0,"58":0,"59":0,"60":0,"61":0,"62":0,"63":0,"64":0,"65":0,"66":0,"67":0,"68":3,"69":0,"70":0,"71":0,"72":0,"73":0,"74":0,"75":0,"76":0,"77":0,"78":0,"79":0,"80":0,"81":0,"82":0,"83":0,"84":0,"85":0,"86":0,"87":0,"88":0,"89":0,"90":0,"91":0,"92":0,"93":0,"94":0,"95":0,"96":0,"97":0,"98":0,"99":0,"100":0,"101":0,"102":0,"103":0,"104":3,"105":4,"106":4,"107":4,"108":3,"109":3,"110":1,"111":1,"112":1,"113":1,"114":0,"115":0,"116":0,"117":0,"118":0,"119":0,"120":3,"121":0,"122":0,"123":0,"124":0,"125":0,"126":0,"127":0,"128":0,"129":0,"130":0,"131":0,"132":0,"133":0,"134":0,"135":0,"136":0,"137":0,"138":0,"139":0,"140":0,"141":0,"142":0,"143":0,"144":0,"145":0,"146":0,"147":3,"148":1,"149":1,"150":1,"151":0,"152":1,"153":1,"154":1,"155":1,"156":1,"157":1,"158":1,"159":1,"160":1,"161":0,"162":0,"163":1,"164":0,"165":0,"166":3,"167":0,"168":0,"169":0,"170":0,"171":0,"172":0,"173":0,"174":0,"175":0,"176":0,"177":0,"178":0,"179":0,"180":0,"181":0,"182":0,"183":0,"184":0,"185":0,"186":0,"187":0,"188":0,"189":0,"190":0,"191":0,"192":0,"193":0,"194":0,"195":3,"196":0,"197":0,"198":0,"199":0,"200":0,"201":0,"202":0,"203":0,"204":0,"205":0,"206":0,"207":0,"208":0,"209":0,"210":0,"211":0,"212":0,"213":3,"214":0,"215":0,"216":0,"217":0,"218":0,"219":0,"220":0,"221":0,"222":0,"223":0,"224":0,"225":0,"226":0,"227":0,"228":0,"229":0,"230":0,"231":0,"232":0,"233":0,"234":0,"235":3},"f":{"0":0,"1":0,"2":0,"3":0,"4":0,"5":0,"6":0,"7":4,"8":0,"9":1,"10":0,"11":0,"12":0,"13":0},"b":{"0":[0,0],"1":[0,0],"2":[0,0],"3":[0,0],"4":[0,0],"5":[0,0,0],"6":[0,0],"7":[0,0],"8":[0,0],"9":[0,0],"10":[0,0],"11":[0,0],"12":[0,0],"13":[0,0],"14":[0,0],"15":[0,0],"16":[0,0],"17":[0,0],"18":[0,0],"19":[0,0],"20":[0,0],"21":[0,0],"22":[0,0],"23":[0,0],"24":[0,0],"25":[0,0],"26":[0,0],"27":[0,0],"28":[0],"29":[0],"30":[0],"31":[0],"32":[0,0],"33":[0,0],"34":[0,0],"35":[0,0],"36":[0,0],"37":[0,0],"38":[0,0],"39":[0,0],"40":[0,0],"41":[0,0],"42":[0,0],"43":[0,0],"44":[0,0],"45":[0,0],"46":[0,0],"47":[3,1],"48":[1,0],"49":[1,0],"50":[0,0],"51":[0,0],"52":[0,0],"53":[0,0],"54":[0,0],"55":[0,0],"56":[0,0],"57":[0,0],"58":[0,0],"59":[0,0],"60":[0,0],"61":[0,0],"62":[0,0],"63":[0,0],"64":[0,1],"65":[1,1],"66":[1,0],"67":[1,0],"68":[1,1],"69":[1,0],"70":[1,0],"71":[0,0],"72":[0,0],"73":[0,0],"74":[0,0],"75":[0,0],"76":[0,0],"77":[0,0],"78":[0,0],"79":[0,0],"80":[0,0],"81":[0,0],"82":[0,0],"83":[0,0],"84":[0,0],"85":[0,0],"86":[0,0],"87":[0,0],"88":[0,0],"89":[0,0],"90":[0,0],"91":[0,0],"92":[0,0]},"_coverageSchema":"1a1c01bbd47fc00a2c39e90264f33305004495a9","hash":"b3ed4764c82f966d05637a2cf2debfeccf372beb"}
,"/Users/macbookpro/Desktop/verichain/verichain-v2/backend/src/api/v1/routes/diagnostics.routes.js": {"path":"/Users/macbookpro/Desktop/verichain/verichain-v2/backend/src/api/v1/routes/diagnostics.routes.js","statementMap":{"0":{"start":{"line":1,"column":16},"end":{"line":1,"column":34}},"1":{"start":{"line":2,"column":20},"end":{"line":2,"column":55}},"2":{"start":{"line":3,"column":15},"end":{"line":3,"column":31}},"3":{"start":{"line":4,"column":11},"end":{"line":4,"column":24}},"4":{"start":{"line":5,"column":24},"end":{"line":5,"column":68}},"5":{"start":{"line":6,"column":30},"end":{"line":6,"column":75}},"6":{"start":{"line":9,"column":0},"end":{"line":31,"column":3}},"7":{"start":{"line":10,"column":2},"end":{"line":30,"column":3}},"8":{"start":{"line":12,"column":28},"end":{"line":15,"column":15}},"9":{"start":{"line":17,"column":4},"end":{"line":23,"column":7}},"10":{"start":{"line":25,"column":4},"end":{"line":29,"column":7}},"11":{"start":{"line":34,"column":0},"end":{"line":47,"column":3}},"12":{"start":{"line":35,"column":2},"end":{"line":46,"column":5}},"13":{"start":{"line":50,"column":0},"end":{"line":84,"column":3}},"14":{"start":{"line":51,"column":2},"end":{"line":83,"column":3}},"15":{"start":{"line":52,"column":35},"end":{"line":54,"column":22}},"16":{"start":{"line":56,"column":36},"end":{"line":58,"column":22}},"17":{"start":{"line":60,"column":28},"end":{"line":62,"column":22}},"18":{"start":{"line":64,"column":4},"end":{"line":74,"column":7}},"19":{"start":{"line":76,"column":4},"end":{"line":82,"column":7}},"20":{"start":{"line":87,"column":0},"end":{"line":105,"column":3}},"21":{"start":{"line":88,"column":2},"end":{"line":104,"column":3}},"22":{"start":{"line":89,"column":25},"end":{"line":89,"column":77}},"23":{"start":{"line":90,"column":19},"end":{"line":90,"column":43}},"24":{"start":{"line":92,"column":4},"end":{"line":95,"column":7}},"25":{"start":{"line":97,"column":4},"end":{"line":103,"column":7}},"26":{"start":{"line":108,"column":0},"end":{"line":129,"column":3}},"27":{"start":{"line":109,"column":2},"end":{"line":128,"column":3}},"28":{"start":{"line":110,"column":20},"end":{"line":110,"column":54}},"29":{"start":{"line":112,"column":4},"end":{"line":122,"column":7}},"30":{"start":{"line":124,"column":4},"end":{"line":127,"column":7}},"31":{"start":{"line":131,"column":0},"end":{"line":146,"column":3}},"32":{"start":{"line":133,"column":2},"end":{"line":138,"column":3}},"33":{"start":{"line":134,"column":4},"end":{"line":137,"column":7}},"34":{"start":{"line":140,"column":16},"end":{"line":140,"column":48}},"35":{"start":{"line":141,"column":2},"end":{"line":145,"column":5}},"36":{"start":{"line":149,"column":0},"end":{"line":164,"column":3}},"37":{"start":{"line":150,"column":2},"end":{"line":155,"column":3}},"38":{"start":{"line":151,"column":4},"end":{"line":154,"column":7}},"39":{"start":{"line":157,"column":19},"end":{"line":157,"column":29}},"40":{"start":{"line":158,"column":17},"end":{"line":158,"column":50}},"41":{"start":{"line":160,"column":2},"end":{"line":163,"column":5}},"42":{"start":{"line":167,"column":0},"end":{"line":181,"column":3}},"43":{"start":{"line":168,"column":2},"end":{"line":173,"column":3}},"44":{"start":{"line":169,"column":4},"end":{"line":172,"column":7}},"45":{"start":{"line":175,"column":2},"end":{"line":175,"column":35}},"46":{"start":{"line":177,"column":2},"end":{"line":180,"column":5}},"47":{"start":{"line":183,"column":0},"end":{"line":183,"column":24}}},"fnMap":{"0":{"name":"(anonymous_0)","decl":{"start":{"line":9,"column":22},"end":{"line":9,"column":23}},"loc":{"start":{"line":9,"column":42},"end":{"line":31,"column":1}},"line":9},"1":{"name":"(anonymous_1)","decl":{"start":{"line":34,"column":31},"end":{"line":34,"column":32}},"loc":{"start":{"line":34,"column":51},"end":{"line":47,"column":1}},"line":34},"2":{"name":"(anonymous_2)","decl":{"start":{"line":50,"column":33},"end":{"line":50,"column":34}},"loc":{"start":{"line":50,"column":53},"end":{"line":84,"column":1}},"line":50},"3":{"name":"(anonymous_3)","decl":{"start":{"line":87,"column":26},"end":{"line":87,"column":27}},"loc":{"start":{"line":87,"column":46},"end":{"line":105,"column":1}},"line":87},"4":{"name":"(anonymous_4)","decl":{"start":{"line":108,"column":32},"end":{"line":108,"column":33}},"loc":{"start":{"line":108,"column":52},"end":{"line":129,"column":1}},"line":108},"5":{"name":"(anonymous_5)","decl":{"start":{"line":131,"column":41},"end":{"line":131,"column":42}},"loc":{"start":{"line":131,"column":55},"end":{"line":146,"column":1}},"line":131},"6":{"name":"(anonymous_6)","decl":{"start":{"line":149,"column":54},"end":{"line":149,"column":55}},"loc":{"start":{"line":149,"column":68},"end":{"line":164,"column":1}},"line":149},"7":{"name":"(anonymous_7)","decl":{"start":{"line":167,"column":52},"end":{"line":167,"column":53}},"loc":{"start":{"line":167,"column":66},"end":{"line":181,"column":1}},"line":167}},"branchMap":{"0":{"loc":{"start":{"line":21,"column":16},"end":{"line":21,"column":52}},"type":"cond-expr","locations":[{"start":{"line":21,"column":24},"end":{"line":21,"column":38}},{"start":{"line":21,"column":41},"end":{"line":21,"column":52}}],"line":21},"1":{"loc":{"start":{"line":69,"column":24},"end":{"line":69,"column":49}},"type":"binary-expr","locations":[{"start":{"line":69,"column":24},"end":{"line":69,"column":44}},{"start":{"line":69,"column":48},"end":{"line":69,"column":49}}],"line":69},"2":{"loc":{"start":{"line":70,"column":25},"end":{"line":70,"column":51}},"type":"binary-expr","locations":[{"start":{"line":70,"column":25},"end":{"line":70,"column":46}},{"start":{"line":70,"column":50},"end":{"line":70,"column":51}}],"line":70},"3":{"loc":{"start":{"line":71,"column":17},"end":{"line":71,"column":35}},"type":"binary-expr","locations":[{"start":{"line":71,"column":17},"end":{"line":71,"column":30}},{"start":{"line":71,"column":34},"end":{"line":71,"column":35}}],"line":71},"4":{"loc":{"start":{"line":133,"column":2},"end":{"line":138,"column":3}},"type":"if","locations":[{"start":{"line":133,"column":2},"end":{"line":138,"column":3}},{"start":{},"end":{}}],"line":133},"5":{"loc":{"start":{"line":133,"column":6},"end":{"line":133,"column":70}},"type":"binary-expr","locations":[{"start":{"line":133,"column":6},"end":{"line":133,"column":37}},{"start":{"line":133,"column":41},"end":{"line":133,"column":70}}],"line":133},"6":{"loc":{"start":{"line":150,"column":2},"end":{"line":155,"column":3}},"type":"if","locations":[{"start":{"line":150,"column":2},"end":{"line":155,"column":3}},{"start":{},"end":{}}],"line":150},"7":{"loc":{"start":{"line":162,"column":13},"end":{"line":162,"column":104}},"type":"cond-expr","locations":[{"start":{"line":162,"column":22},"end":{"line":162,"column":66}},{"start":{"line":162,"column":69},"end":{"line":162,"column":104}}],"line":162},"8":{"loc":{"start":{"line":168,"column":2},"end":{"line":173,"column":3}},"type":"if","locations":[{"start":{"line":168,"column":2},"end":{"line":173,"column":3}},{"start":{},"end":{}}],"line":168}},"s":{"0":3,"1":3,"2":3,"3":3,"4":3,"5":3,"6":3,"7":0,"8":0,"9":0,"10":0,"11":3,"12":0,"13":3,"14":0,"15":0,"16":0,"17":0,"18":0,"19":0,"20":3,"21":0,"22":0,"23":0,"24":0,"25":0,"26":3,"27":0,"28":0,"29":0,"30":0,"31":3,"32":0,"33":0,"34":0,"35":0,"36":3,"37":0,"38":0,"39":0,"40":0,"41":0,"42":3,"43":0,"44":0,"45":0,"46":0,"47":3},"f":{"0":0,"1":0,"2":0,"3":0,"4":0,"5":0,"6":0,"7":0},"b":{"0":[0,0],"1":[0,0],"2":[0,0],"3":[0,0],"4":[0,0],"5":[0,0],"6":[0,0],"7":[0,0],"8":[0,0]},"_coverageSchema":"1a1c01bbd47fc00a2c39e90264f33305004495a9","hash":"2aba1f1c9f6f647fabf1619a34495b24bfdd9228"}
,"/Users/macbookpro/Desktop/verichain/verichain-v2/backend/src/api/v1/routes/errors.routes.js": {"path":"/Users/macbookpro/Desktop/verichain/verichain-v2/backend/src/api/v1/routes/errors.routes.js","statementMap":{"0":{"start":{"line":1,"column":15},"end":{"line":1,"column":42}},"1":{"start":{"line":2,"column":21},"end":{"line":2,"column":62}},"2":{"start":{"line":3,"column":23},"end":{"line":3,"column":68}},"3":{"start":{"line":63,"column":0},"end":{"line":72,"column":3}},"4":{"start":{"line":64,"column":23},"end":{"line":64,"column":49}},"5":{"start":{"line":65,"column":16},"end":{"line":65,"column":44}},"6":{"start":{"line":67,"column":2},"end":{"line":71,"column":5}},"7":{"start":{"line":98,"column":0},"end":{"line":109,"column":3}},"8":{"start":{"line":99,"column":34},"end":{"line":99,"column":42}},"9":{"start":{"line":100,"column":23},"end":{"line":100,"column":49}},"10":{"start":{"line":102,"column":2},"end":{"line":102,"column":39}},"11":{"start":{"line":104,"column":2},"end":{"line":108,"column":5}},"12":{"start":{"line":111,"column":0},"end":{"line":111,"column":24}}},"fnMap":{"0":{"name":"(anonymous_0)","decl":{"start":{"line":63,"column":37},"end":{"line":63,"column":38}},"loc":{"start":{"line":63,"column":57},"end":{"line":72,"column":1}},"line":63},"1":{"name":"(anonymous_1)","decl":{"start":{"line":98,"column":40},"end":{"line":98,"column":41}},"loc":{"start":{"line":98,"column":60},"end":{"line":109,"column":1}},"line":98}},"branchMap":{"0":{"loc":{"start":{"line":99,"column":10},"end":{"line":99,"column":29}},"type":"default-arg","locations":[{"start":{"line":99,"column":27},"end":{"line":99,"column":29}}],"line":99}},"s":{"0":3,"1":3,"2":3,"3":3,"4":0,"5":0,"6":0,"7":3,"8":0,"9":0,"10":0,"11":0,"12":3},"f":{"0":0,"1":0},"b":{"0":[0]},"_coverageSchema":"1a1c01bbd47fc00a2c39e90264f33305004495a9","hash":"cdd6fa404a7dbf1dd7e1a47d110a7796ae6ae21c"}
,"/Users/macbookpro/Desktop/verichain/verichain-v2/backend/src/api/v1/routes/metrics.routes.js": {"path":"/Users/macbookpro/Desktop/verichain/verichain-v2/backend/src/api/v1/routes/metrics.routes.js","statementMap":{"0":{"start":{"line":1,"column":16},"end":{"line":1,"column":34}},"1":{"start":{"line":2,"column":15},"end":{"line":2,"column":31}},"2":{"start":{"line":3,"column":26},"end":{"line":3,"column":75}},"3":{"start":{"line":15,"column":0},"end":{"line":15,"column":64}},"4":{"start":{"line":27,"column":0},"end":{"line":27,"column":69}},"5":{"start":{"line":39,"column":0},"end":{"line":39,"column":71}},"6":{"start":{"line":51,"column":0},"end":{"line":51,"column":71}},"7":{"start":{"line":53,"column":0},"end":{"line":53,"column":24}}},"fnMap":{},"branchMap":{},"s":{"0":3,"1":3,"2":3,"3":3,"4":3,"5":3,"6":3,"7":3},"f":{},"b":{},"_coverageSchema":"1a1c01bbd47fc00a2c39e90264f33305004495a9","hash":"58128b7f5568ffc689e358e435b8d2492787d3d4"}
,"/Users/macbookpro/Desktop/verichain/verichain-v2/backend/src/api/v1/routes/monitoring.routes.js": {"path":"/Users/macbookpro/Desktop/verichain/verichain-v2/backend/src/api/v1/routes/monitoring.routes.js","statementMap":{"0":{"start":{"line":1,"column":15},"end":{"line":1,"column":42}},"1":{"start":{"line":2,"column":25},"end":{"line":2,"column":73}},"2":{"start":{"line":3,"column":23},"end":{"line":3,"column":66}},"3":{"start":{"line":22,"column":0},"end":{"line":28,"column":3}},"4":{"start":{"line":23,"column":2},"end":{"line":27,"column":3}},"5":{"start":{"line":24,"column":4},"end":{"line":24,"column":49}},"6":{"start":{"line":26,"column":4},"end":{"line":26,"column":51}},"7":{"start":{"line":42,"column":0},"end":{"line":48,"column":3}},"8":{"start":{"line":43,"column":2},"end":{"line":47,"column":3}},"9":{"start":{"line":44,"column":4},"end":{"line":44,"column":50}},"10":{"start":{"line":46,"column":4},"end":{"line":46,"column":51}},"11":{"start":{"line":62,"column":0},"end":{"line":68,"column":3}},"12":{"start":{"line":63,"column":2},"end":{"line":67,"column":3}},"13":{"start":{"line":64,"column":4},"end":{"line":64,"column":48}},"14":{"start":{"line":66,"column":4},"end":{"line":66,"column":51}},"15":{"start":{"line":80,"column":0},"end":{"line":86,"column":3}},"16":{"start":{"line":81,"column":2},"end":{"line":85,"column":3}},"17":{"start":{"line":82,"column":4},"end":{"line":82,"column":55}},"18":{"start":{"line":84,"column":4},"end":{"line":84,"column":51}},"19":{"start":{"line":98,"column":0},"end":{"line":106,"column":3}},"20":{"start":{"line":99,"column":2},"end":{"line":105,"column":3}},"21":{"start":{"line":100,"column":20},"end":{"line":100,"column":48}},"22":{"start":{"line":101,"column":4},"end":{"line":101,"column":42}},"23":{"start":{"line":102,"column":4},"end":{"line":102,"column":40}},"24":{"start":{"line":104,"column":4},"end":{"line":104,"column":51}},"25":{"start":{"line":108,"column":0},"end":{"line":108,"column":24}}},"fnMap":{"0":{"name":"(anonymous_0)","decl":{"start":{"line":22,"column":27},"end":{"line":22,"column":28}},"loc":{"start":{"line":22,"column":47},"end":{"line":28,"column":1}},"line":22},"1":{"name":"(anonymous_1)","decl":{"start":{"line":42,"column":28},"end":{"line":42,"column":29}},"loc":{"start":{"line":42,"column":48},"end":{"line":48,"column":1}},"line":42},"2":{"name":"(anonymous_2)","decl":{"start":{"line":62,"column":30},"end":{"line":62,"column":31}},"loc":{"start":{"line":62,"column":50},"end":{"line":68,"column":1}},"line":62},"3":{"name":"(anonymous_3)","decl":{"start":{"line":80,"column":22},"end":{"line":80,"column":23}},"loc":{"start":{"line":80,"column":42},"end":{"line":86,"column":1}},"line":80},"4":{"name":"(anonymous_4)","decl":{"start":{"line":98,"column":23},"end":{"line":98,"column":24}},"loc":{"start":{"line":98,"column":43},"end":{"line":106,"column":1}},"line":98}},"branchMap":{},"s":{"0":3,"1":3,"2":3,"3":3,"4":1,"5":1,"6":0,"7":3,"8":2,"9":2,"10":0,"11":3,"12":0,"13":0,"14":0,"15":3,"16":0,"17":0,"18":0,"19":3,"20":1,"21":1,"22":1,"23":1,"24":0,"25":3},"f":{"0":1,"1":2,"2":0,"3":0,"4":1},"b":{},"_coverageSchema":"1a1c01bbd47fc00a2c39e90264f33305004495a9","hash":"65766e0c5506b80a5897d7db3e571532778fbf1c"}
,"/Users/macbookpro/Desktop/verichain/verichain-v2/backend/src/api/v1/routes/organizations.routes.js": {"path":"/Users/macbookpro/Desktop/verichain/verichain-v2/backend/src/api/v1/routes/organizations.routes.js","statementMap":{"0":{"start":{"line":1,"column":15},"end":{"line":1,"column":42}},"1":{"start":{"line":2,"column":24},"end":{"line":2,"column":68}},"2":{"start":{"line":41,"column":0},"end":{"line":65,"column":3}},"3":{"start":{"line":42,"column":2},"end":{"line":64,"column":3}},"4":{"start":{"line":43,"column":28},"end":{"line":46,"column":20}},"5":{"start":{"line":48,"column":4},"end":{"line":51,"column":5}},"6":{"start":{"line":49,"column":6},"end":{"line":49,"column":57}},"7":{"start":{"line":50,"column":6},"end":{"line":50,"column":18}},"8":{"start":{"line":53,"column":4},"end":{"line":56,"column":7}},"9":{"start":{"line":59,"column":4},"end":{"line":59,"column":60}},"10":{"start":{"line":60,"column":4},"end":{"line":63,"column":7}},"11":{"start":{"line":67,"column":0},"end":{"line":67,"column":24}}},"fnMap":{"0":{"name":"(anonymous_0)","decl":{"start":{"line":41,"column":16},"end":{"line":41,"column":17}},"loc":{"start":{"line":41,"column":36},"end":{"line":65,"column":1}},"line":41}},"branchMap":{"0":{"loc":{"start":{"line":48,"column":4},"end":{"line":51,"column":5}},"type":"if","locations":[{"start":{"line":48,"column":4},"end":{"line":51,"column":5}},{"start":{},"end":{}}],"line":48},"1":{"loc":{"start":{"line":55,"column":12},"end":{"line":55,"column":22}},"type":"binary-expr","locations":[{"start":{"line":55,"column":12},"end":{"line":55,"column":16}},{"start":{"line":55,"column":20},"end":{"line":55,"column":22}}],"line":55},"2":{"loc":{"start":{"line":62,"column":15},"end":{"line":62,"column":64}},"type":"binary-expr","locations":[{"start":{"line":62,"column":15},"end":{"line":62,"column":28}},{"start":{"line":62,"column":32},"end":{"line":62,"column":64}}],"line":62}},"s":{"0":3,"1":3,"2":3,"3":0,"4":0,"5":0,"6":0,"7":0,"8":0,"9":0,"10":0,"11":3},"f":{"0":0},"b":{"0":[0,0],"1":[0,0],"2":[0,0]},"_coverageSchema":"1a1c01bbd47fc00a2c39e90264f33305004495a9","hash":"e9f9ce405c4866ed8bbd94dd7a65a5aa7729275c"}
,"/Users/macbookpro/Desktop/verichain/verichain-v2/backend/src/api/v1/routes/queues.routes.js": {"path":"/Users/macbookpro/Desktop/verichain/verichain-v2/backend/src/api/v1/routes/queues.routes.js","statementMap":{"0":{"start":{"line":1,"column":15},"end":{"line":1,"column":42}},"1":{"start":{"line":2,"column":20},"end":{"line":2,"column":55}},"2":{"start":{"line":3,"column":21},"end":{"line":3,"column":59}},"3":{"start":{"line":4,"column":26},"end":{"line":4,"column":74}},"4":{"start":{"line":112,"column":0},"end":{"line":128,"column":3}},"5":{"start":{"line":113,"column":2},"end":{"line":127,"column":3}},"6":{"start":{"line":115,"column":4},"end":{"line":120,"column":5}},"7":{"start":{"line":116,"column":6},"end":{"line":119,"column":9}},"8":{"start":{"line":122,"column":19},"end":{"line":122,"column":72}},"9":{"start":{"line":124,"column":4},"end":{"line":124,"column":43}},"10":{"start":{"line":126,"column":4},"end":{"line":126,"column":16}},"11":{"start":{"line":184,"column":0},"end":{"line":235,"column":3}},"12":{"start":{"line":185,"column":2},"end":{"line":234,"column":3}},"13":{"start":{"line":186,"column":4},"end":{"line":191,"column":5}},"14":{"start":{"line":187,"column":6},"end":{"line":190,"column":9}},"15":{"start":{"line":193,"column":26},"end":{"line":193,"column":36}},"16":{"start":{"line":194,"column":47},"end":{"line":194,"column":56}},"17":{"start":{"line":196,"column":18},"end":{"line":196,"column":56}},"18":{"start":{"line":199,"column":4},"end":{"line":214,"column":5}},"19":{"start":{"line":201,"column":8},"end":{"line":201,"column":48}},"20":{"start":{"line":202,"column":8},"end":{"line":202,"column":14}},"21":{"start":{"line":204,"column":8},"end":{"line":204,"column":47}},"22":{"start":{"line":205,"column":8},"end":{"line":205,"column":14}},"23":{"start":{"line":207,"column":8},"end":{"line":207,"column":50}},"24":{"start":{"line":208,"column":8},"end":{"line":208,"column":14}},"25":{"start":{"line":210,"column":8},"end":{"line":210,"column":47}},"26":{"start":{"line":211,"column":8},"end":{"line":211,"column":14}},"27":{"start":{"line":213,"column":8},"end":{"line":213,"column":18}},"28":{"start":{"line":216,"column":20},"end":{"line":224,"column":7}},"29":{"start":{"line":216,"column":37},"end":{"line":224,"column":5}},"30":{"start":{"line":226,"column":4},"end":{"line":231,"column":7}},"31":{"start":{"line":233,"column":4},"end":{"line":233,"column":16}},"32":{"start":{"line":276,"column":0},"end":{"line":299,"column":3}},"33":{"start":{"line":277,"column":2},"end":{"line":298,"column":3}},"34":{"start":{"line":278,"column":4},"end":{"line":283,"column":5}},"35":{"start":{"line":279,"column":6},"end":{"line":282,"column":9}},"36":{"start":{"line":285,"column":26},"end":{"line":285,"column":36}},"37":{"start":{"line":286,"column":18},"end":{"line":286,"column":56}},"38":{"start":{"line":288,"column":19},"end":{"line":288,"column":42}},"39":{"start":{"line":289,"column":26},"end":{"line":289,"column":56}},"40":{"start":{"line":289,"column":44},"end":{"line":289,"column":55}},"41":{"start":{"line":290,"column":4},"end":{"line":290,"column":37}},"42":{"start":{"line":292,"column":4},"end":{"line":295,"column":7}},"43":{"start":{"line":297,"column":4},"end":{"line":297,"column":16}},"44":{"start":{"line":324,"column":0},"end":{"line":340,"column":3}},"45":{"start":{"line":325,"column":2},"end":{"line":339,"column":3}},"46":{"start":{"line":326,"column":4},"end":{"line":331,"column":5}},"47":{"start":{"line":327,"column":6},"end":{"line":330,"column":9}},"48":{"start":{"line":333,"column":26},"end":{"line":333,"column":36}},"49":{"start":{"line":334,"column":19},"end":{"line":334,"column":59}},"50":{"start":{"line":336,"column":4},"end":{"line":336,"column":43}},"51":{"start":{"line":338,"column":4},"end":{"line":338,"column":16}},"52":{"start":{"line":365,"column":0},"end":{"line":381,"column":3}},"53":{"start":{"line":366,"column":2},"end":{"line":380,"column":3}},"54":{"start":{"line":367,"column":4},"end":{"line":372,"column":5}},"55":{"start":{"line":368,"column":6},"end":{"line":371,"column":9}},"56":{"start":{"line":374,"column":26},"end":{"line":374,"column":36}},"57":{"start":{"line":375,"column":19},"end":{"line":375,"column":60}},"58":{"start":{"line":377,"column":4},"end":{"line":377,"column":43}},"59":{"start":{"line":379,"column":4},"end":{"line":379,"column":16}},"60":{"start":{"line":413,"column":0},"end":{"line":431,"column":3}},"61":{"start":{"line":414,"column":2},"end":{"line":430,"column":3}},"62":{"start":{"line":415,"column":4},"end":{"line":420,"column":5}},"63":{"start":{"line":416,"column":6},"end":{"line":419,"column":9}},"64":{"start":{"line":422,"column":26},"end":{"line":422,"column":36}},"65":{"start":{"line":423,"column":35},"end":{"line":423,"column":44}},"66":{"start":{"line":425,"column":19},"end":{"line":425,"column":65}},"67":{"start":{"line":427,"column":4},"end":{"line":427,"column":43}},"68":{"start":{"line":429,"column":4},"end":{"line":429,"column":16}},"69":{"start":{"line":433,"column":0},"end":{"line":433,"column":24}}},"fnMap":{"0":{"name":"(anonymous_0)","decl":{"start":{"line":112,"column":31},"end":{"line":112,"column":32}},"loc":{"start":{"line":112,"column":57},"end":{"line":128,"column":1}},"line":112},"1":{"name":"(anonymous_1)","decl":{"start":{"line":184,"column":40},"end":{"line":184,"column":41}},"loc":{"start":{"line":184,"column":66},"end":{"line":235,"column":1}},"line":184},"2":{"name":"(anonymous_2)","decl":{"start":{"line":216,"column":29},"end":{"line":216,"column":30}},"loc":{"start":{"line":216,"column":37},"end":{"line":224,"column":5}},"line":216},"3":{"name":"(anonymous_3)","decl":{"start":{"line":276,"column":42},"end":{"line":276,"column":43}},"loc":{"start":{"line":276,"column":68},"end":{"line":299,"column":1}},"line":276},"4":{"name":"(anonymous_4)","decl":{"start":{"line":289,"column":37},"end":{"line":289,"column":38}},"loc":{"start":{"line":289,"column":44},"end":{"line":289,"column":55}},"line":289},"5":{"name":"(anonymous_5)","decl":{"start":{"line":324,"column":42},"end":{"line":324,"column":43}},"loc":{"start":{"line":324,"column":68},"end":{"line":340,"column":1}},"line":324},"6":{"name":"(anonymous_6)","decl":{"start":{"line":365,"column":43},"end":{"line":365,"column":44}},"loc":{"start":{"line":365,"column":69},"end":{"line":381,"column":1}},"line":365},"7":{"name":"(anonymous_7)","decl":{"start":{"line":413,"column":42},"end":{"line":413,"column":43}},"loc":{"start":{"line":413,"column":68},"end":{"line":431,"column":1}},"line":413}},"branchMap":{"0":{"loc":{"start":{"line":115,"column":4},"end":{"line":120,"column":5}},"type":"if","locations":[{"start":{"line":115,"column":4},"end":{"line":120,"column":5}},{"start":{},"end":{}}],"line":115},"1":{"loc":{"start":{"line":186,"column":4},"end":{"line":191,"column":5}},"type":"if","locations":[{"start":{"line":186,"column":4},"end":{"line":191,"column":5}},{"start":{},"end":{}}],"line":186},"2":{"loc":{"start":{"line":194,"column":12},"end":{"line":194,"column":30}},"type":"default-arg","locations":[{"start":{"line":194,"column":21},"end":{"line":194,"column":30}}],"line":194},"3":{"loc":{"start":{"line":194,"column":32},"end":{"line":194,"column":42}},"type":"default-arg","locations":[{"start":{"line":194,"column":40},"end":{"line":194,"column":42}}],"line":194},"4":{"loc":{"start":{"line":199,"column":4},"end":{"line":214,"column":5}},"type":"switch","locations":[{"start":{"line":200,"column":6},"end":{"line":202,"column":14}},{"start":{"line":203,"column":6},"end":{"line":205,"column":14}},{"start":{"line":206,"column":6},"end":{"line":208,"column":14}},{"start":{"line":209,"column":6},"end":{"line":211,"column":14}},{"start":{"line":212,"column":6},"end":{"line":213,"column":18}}],"line":199},"5":{"loc":{"start":{"line":222,"column":19},"end":{"line":222,"column":69}},"type":"cond-expr","locations":[{"start":{"line":222,"column":37},"end":{"line":222,"column":62}},{"start":{"line":222,"column":65},"end":{"line":222,"column":69}}],"line":222},"6":{"loc":{"start":{"line":278,"column":4},"end":{"line":283,"column":5}},"type":"if","locations":[{"start":{"line":278,"column":4},"end":{"line":283,"column":5}},{"start":{},"end":{}}],"line":278},"7":{"loc":{"start":{"line":326,"column":4},"end":{"line":331,"column":5}},"type":"if","locations":[{"start":{"line":326,"column":4},"end":{"line":331,"column":5}},{"start":{},"end":{}}],"line":326},"8":{"loc":{"start":{"line":367,"column":4},"end":{"line":372,"column":5}},"type":"if","locations":[{"start":{"line":367,"column":4},"end":{"line":372,"column":5}},{"start":{},"end":{}}],"line":367},"9":{"loc":{"start":{"line":415,"column":4},"end":{"line":420,"column":5}},"type":"if","locations":[{"start":{"line":415,"column":4},"end":{"line":420,"column":5}},{"start":{},"end":{}}],"line":415},"10":{"loc":{"start":{"line":423,"column":12},"end":{"line":423,"column":30}},"type":"default-arg","locations":[{"start":{"line":423,"column":19},"end":{"line":423,"column":30}}],"line":423}},"s":{"0":3,"1":3,"2":3,"3":3,"4":3,"5":0,"6":0,"7":0,"8":0,"9":0,"10":0,"11":3,"12":0,"13":0,"14":0,"15":0,"16":0,"17":0,"18":0,"19":0,"20":0,"21":0,"22":0,"23":0,"24":0,"25":0,"26":0,"27":0,"28":0,"29":0,"30":0,"31":0,"32":3,"33":0,"34":0,"35":0,"36":0,"37":0,"38":0,"39":0,"40":0,"41":0,"42":0,"43":0,"44":3,"45":0,"46":0,"47":0,"48":0,"49":0,"50":0,"51":0,"52":3,"53":0,"54":0,"55":0,"56":0,"57":0,"58":0,"59":0,"60":3,"61":0,"62":0,"63":0,"64":0,"65":0,"66":0,"67":0,"68":0,"69":3},"f":{"0":0,"1":0,"2":0,"3":0,"4":0,"5":0,"6":0,"7":0},"b":{"0":[0,0],"1":[0,0],"2":[0],"3":[0],"4":[0,0,0,0,0],"5":[0,0],"6":[0,0],"7":[0,0],"8":[0,0],"9":[0,0],"10":[0]},"_coverageSchema":"1a1c01bbd47fc00a2c39e90264f33305004495a9","hash":"ee5dfe57587d4843ecbc8be4331163a10027e49c"}
,"/Users/macbookpro/Desktop/verichain/verichain-v2/backend/src/api/v1/routes/twoFactor.routes.js": {"path":"/Users/macbookpro/Desktop/verichain/verichain-v2/backend/src/api/v1/routes/twoFactor.routes.js","statementMap":{"0":{"start":{"line":2,"column":15},"end":{"line":2,"column":42}},"1":{"start":{"line":3,"column":20},"end":{"line":3,"column":55}},"2":{"start":{"line":4,"column":25},"end":{"line":4,"column":70}},"3":{"start":{"line":5,"column":22},"end":{"line":5,"column":64}},"4":{"start":{"line":6,"column":26},"end":{"line":6,"column":74}},"5":{"start":{"line":7,"column":15},"end":{"line":7,"column":47}},"6":{"start":{"line":10,"column":0},"end":{"line":41,"column":3}},"7":{"start":{"line":11,"column":2},"end":{"line":40,"column":3}},"8":{"start":{"line":12,"column":19},"end":{"line":12,"column":30}},"9":{"start":{"line":13,"column":22},"end":{"line":13,"column":36}},"10":{"start":{"line":16,"column":36},"end":{"line":16,"column":78}},"11":{"start":{"line":19,"column":19},"end":{"line":19,"column":69}},"12":{"start":{"line":22,"column":24},"end":{"line":22,"column":62}},"13":{"start":{"line":25,"column":18},"end":{"line":25,"column":50}},"14":{"start":{"line":26,"column":4},"end":{"line":30,"column":6}},"15":{"start":{"line":32,"column":4},"end":{"line":36,"column":55}},"16":{"start":{"line":39,"column":4},"end":{"line":39,"column":16}},"17":{"start":{"line":44,"column":0},"end":{"line":101,"column":3}},"18":{"start":{"line":45,"column":2},"end":{"line":100,"column":3}},"19":{"start":{"line":46,"column":22},"end":{"line":46,"column":30}},"20":{"start":{"line":47,"column":19},"end":{"line":47,"column":30}},"21":{"start":{"line":49,"column":4},"end":{"line":53,"column":5}},"22":{"start":{"line":50,"column":6},"end":{"line":52,"column":9}},"23":{"start":{"line":56,"column":18},"end":{"line":56,"column":50}},"24":{"start":{"line":57,"column":22},"end":{"line":57,"column":60}},"25":{"start":{"line":59,"column":4},"end":{"line":61,"column":5}},"26":{"start":{"line":60,"column":6},"end":{"line":60,"column":88}},"27":{"start":{"line":63,"column":36},"end":{"line":63,"column":57}},"28":{"start":{"line":66,"column":20},"end":{"line":66,"column":63}},"29":{"start":{"line":68,"column":4},"end":{"line":70,"column":5}},"30":{"start":{"line":69,"column":6},"end":{"line":69,"column":68}},"31":{"start":{"line":73,"column":28},"end":{"line":81,"column":13}},"32":{"start":{"line":83,"column":4},"end":{"line":86,"column":5}},"33":{"start":{"line":84,"column":4},"end":{"line":84,"column":61}},"34":{"start":{"line":85,"column":4},"end":{"line":85,"column":16}},"35":{"start":{"line":89,"column":4},"end":{"line":89,"column":43}},"36":{"start":{"line":91,"column":4},"end":{"line":91,"column":50}},"37":{"start":{"line":93,"column":4},"end":{"line":96,"column":44}},"38":{"start":{"line":99,"column":4},"end":{"line":99,"column":16}},"39":{"start":{"line":104,"column":0},"end":{"line":124,"column":3}},"40":{"start":{"line":105,"column":2},"end":{"line":123,"column":3}},"41":{"start":{"line":106,"column":32},"end":{"line":106,"column":40}},"42":{"start":{"line":107,"column":19},"end":{"line":107,"column":30}},"43":{"start":{"line":111,"column":4},"end":{"line":118,"column":24}},"44":{"start":{"line":120,"column":4},"end":{"line":120,"column":66}},"45":{"start":{"line":122,"column":4},"end":{"line":122,"column":16}},"46":{"start":{"line":126,"column":0},"end":{"line":126,"column":24}}},"fnMap":{"0":{"name":"(anonymous_0)","decl":{"start":{"line":10,"column":32},"end":{"line":10,"column":33}},"loc":{"start":{"line":10,"column":58},"end":{"line":41,"column":1}},"line":10},"1":{"name":"(anonymous_1)","decl":{"start":{"line":44,"column":39},"end":{"line":44,"column":40}},"loc":{"start":{"line":44,"column":65},"end":{"line":101,"column":1}},"line":44},"2":{"name":"(anonymous_2)","decl":{"start":{"line":104,"column":33},"end":{"line":104,"column":34}},"loc":{"start":{"line":104,"column":59},"end":{"line":124,"column":1}},"line":104}},"branchMap":{"0":{"loc":{"start":{"line":49,"column":4},"end":{"line":53,"column":5}},"type":"if","locations":[{"start":{"line":49,"column":4},"end":{"line":53,"column":5}},{"start":{},"end":{}}],"line":49},"1":{"loc":{"start":{"line":59,"column":4},"end":{"line":61,"column":5}},"type":"if","locations":[{"start":{"line":59,"column":4},"end":{"line":61,"column":5}},{"start":{},"end":{}}],"line":59},"2":{"loc":{"start":{"line":68,"column":4},"end":{"line":70,"column":5}},"type":"if","locations":[{"start":{"line":68,"column":4},"end":{"line":70,"column":5}},{"start":{},"end":{}}],"line":68},"3":{"loc":{"start":{"line":83,"column":4},"end":{"line":86,"column":5}},"type":"if","locations":[{"start":{"line":83,"column":4},"end":{"line":86,"column":5}},{"start":{},"end":{}}],"line":83}},"s":{"0":3,"1":3,"2":3,"3":3,"4":3,"5":3,"6":3,"7":0,"8":0,"9":0,"10":0,"11":0,"12":0,"13":0,"14":0,"15":0,"16":0,"17":3,"18":0,"19":0,"20":0,"21":0,"22":0,"23":0,"24":0,"25":0,"26":0,"27":0,"28":0,"29":0,"30":0,"31":0,"32":0,"33":0
[...]
lumn":60}},"type":"binary-expr","locations":[{"start":{"line":101,"column":24},"end":{"line":101,"column":54}},{"start":{"line":101,"column":58},"end":{"line":101,"column":60}}],"line":101},"3":{"loc":{"start":{"line":168,"column":4},"end":{"line":168,"column":31}},"type":"if","locations":[{"start":{"line":168,"column":4},"end":{"line":168,"column":31}},{"start":{},"end":{}}],"line":168},"4":{"loc":{"start":{"line":180,"column":4},"end":{"line":182,"column":5}},"type":"if","locations":[{"start":{"line":180,"column":4},"end":{"line":182,"column":5}},{"start":{},"end":{}}],"line":180},"5":{"loc":{"start":{"line":194,"column":36},"end":{"line":194,"column":72}},"type":"binary-expr","locations":[{"start":{"line":194,"column":36},"end":{"line":194,"column":66}},{"start":{"line":194,"column":70},"end":{"line":194,"column":72}}],"line":194},"6":{"loc":{"start":{"line":201,"column":16},"end":{"line":202,"column":67}},"type":"cond-expr","locations":[{"start":{"line":201,"column":49},"end":{"line":201,"column":58}},{"start":{"line":202,"column":16},"end":{"line":202,"column":67}}],"line":201},"7":{"loc":{"start":{"line":202,"column":16},"end":{"line":202,"column":67}},"type":"cond-expr","locations":[{"start":{"line":202,"column":47},"end":{"line":202,"column":53}},{"start":{"line":202,"column":56},"end":{"line":202,"column":67}}],"line":202},"8":{"loc":{"start":{"line":209,"column":4},"end":{"line":214,"column":5}},"type":"if","locations":[{"start":{"line":209,"column":4},"end":{"line":214,"column":5}},{"start":{},"end":{}}],"line":209}},"s":{"0":3,"1":3,"2":3,"3":3,"4":3,"5":3,"6":3,"7":3,"8":3,"9":3,"10":3,"11":3,"12":3,"13":3,"14":0,"15":0,"16":0,"17":0,"18":0,"19":0,"20":0,"21":0,"22":0,"23":0,"24":0,"25":0,"26":0,"27":0,"28":0,"29":0,"30":0,"31":0,"32":0,"33":0,"34":0,"35":0,"36":0,"37":0,"38":0,"39":0,"40":0,"41":0,"42":0,"43":0,"44":0,"45":0,"46":0,"47":0,"48":0,"49":0,"50":0,"51":0,"52":0,"53":0,"54":0,"55":0,"56":0,"57":0,"58":0,"59":0,"60":0,"61":0,"62":0,"63":0,"64":0,"65":0,"66":0,"67":0,"68":0,"69":0,"70":0,"71":0,"72":0,"73":0,"74":0,"75":0,"76":0,"77":0,"78":0,"79":0,"80":0,"81":0,"82":0,"83":0,"84":3},"f":{"0":3,"1":3,"2":0,"3":0,"4":0,"5":0,"6":0,"7":0,"8":0,"9":0,"10":0,"11":0,"12":0,"13":0,"14":0},"b":{"0":[0,0],"1":[0,0],"2":[0,0],"3":[0,0],"4":[0,0],"5":[0,0],"6":[0,0],"7":[0,0],"8":[0,0]},"_coverageSchema":"1a1c01bbd47fc00a2c39e90264f33305004495a9","hash":"b660e1ec207375477a3840f273e4f62e25684490"}
,"/Users/macbookpro/Desktop/verichain/verichain-v2/backend/src/utils/constants.js": {"path":"/Users/macbookpro/Desktop/verichain/verichain-v2/backend/src/utils/constants.js","statementMap":{"0":{"start":{"line":1,"column":0},"end":{"line":11,"column":2}}},"fnMap":{},"branchMap":{},"s":{"0":0},"f":{},"b":{}}
,"/Users/macbookpro/Desktop/verichain/verichain-v2/backend/src/utils/helpers.js": {"path":"/Users/macbookpro/Desktop/verichain/verichain-v2/backend/src/utils/helpers.js","statementMap":{"0":{"start":{"line":1,"column":15},"end":{"line":1,"column":32}},"1":{"start":{"line":3,"column":30},"end":{"line":7,"column":1}},"2":{"start":{"line":4,"column":20},"end":{"line":4,"column":52}},"3":{"start":{"line":5,"column":17},"end":{"line":5,"column":68}},"4":{"start":{"line":6,"column":2},"end":{"line":6,"column":34}},"5":{"start":{"line":9,"column":17},"end":{"line":11,"column":1}},"6":{"start":{"line":10,"column":2},"end":{"line":10,"column":80}},"7":{"start":{"line":13,"column":0},"end":{"line":16,"column":2}}},"fnMap":{"0":{"name":"(anonymous_0)","decl":{"start":{"line":3,"column":30},"end":{"line":3,"column":31}},"loc":{"start":{"line":3,"column":36},"end":{"line":7,"column":1}},"line":3},"1":{"name":"(anonymous_1)","decl":{"start":{"line":9,"column":17},"end":{"line":9,"column":18}},"loc":{"start":{"line":9,"column":27},"end":{"line":11,"column":1}},"line":9}},"branchMap":{},"s":{"0":0,"1":0,"2":0,"3":0,"4":0,"5":0,"6":0,"7":0},"f":{"0":0,"1":0},"b":{}}
,"/Users/macbookpro/Desktop/verichain/verichain-v2/backend/src/utils/database/transactions.js": {"path":"/Users/macbookpro/Desktop/verichain/verichain-v2/backend/src/utils/database/transactions.js","statementMap":{"0":{"start":{"line":1,"column":15},"end":{"line":1,"column":35}},"1":{"start":{"line":5,"column":4},"end":{"line":5,"column":33}},"2":{"start":{"line":6,"column":4},"end":{"line":6,"column":25}},"3":{"start":{"line":7,"column":4},"end":{"line":7,"column":33}},"4":{"start":{"line":8,"column":4},"end":{"line":8,"column":88}},"5":{"start":{"line":12,"column":4},"end":{"line":18,"column":7}},"6":{"start":{"line":19,"column":4},"end":{"line":19,"column":16}},"7":{"start":{"line":23,"column":20},"end":{"line":23,"column":22}},"8":{"start":{"line":24,"column":4},"end":{"line":24,"column":33}},"9":{"start":{"line":26,"column":4},"end":{"line":26,"column":62}},"10":{"start":{"line":28,"column":4},"end":{"line":64,"column":5}},"11":{"start":{"line":29,"column":6},"end":{"line":45,"column":7}},"12":{"start":{"line":29,"column":19},"end":{"line":29,"column":20}},"13":{"start":{"line":30,"column":19},"end":{"line":30,"column":37}},"14":{"start":{"line":31,"column":8},"end":{"line":31,"column":83}},"15":{"start":{"line":33,"column":23},"end":{"line":33,"column":54}},"16":{"start":{"line":35,"column":8},"end":{"line":37,"column":9}},"17":{"start":{"line":36,"column":10},"end":{"line":36,"column":71}},"18":{"start":{"line":39,"column":8},"end":{"line":39,"column":34}},"19":{"start":{"line":40,"column":8},"end":{"line":44,"column":11}},"20":{"start":{"line":47,"column":6},"end":{"line":47,"column":78}},"21":{"start":{"line":48,"column":6},"end":{"line":52,"column":8}},"22":{"start":{"line":55,"column":6},"end":{"line":55,"column":91}},"23":{"start":{"line":57,"column":6},"end":{"line":63,"column":7}},"24":{"start":{"line":58,"column":8},"end":{"line":58,"column":30}},"25":{"start":{"line":59,"column":8},"end":{"line":59,"column":84}},"26":{"start":{"line":61,"column":8},"end":{"line":61,"column":103}},"27":{"start":{"line":62,"column":8},"end":{"line":62,"column":121}},"28":{"start":{"line":70,"column":4},"end":{"line":101,"column":5}},"29":{"start":{"line":72,"column":8},"end":{"line":72,"column":68}},"30":{"start":{"line":73,"column":8},"end":{"line":73,"column":14}},"31":{"start":{"line":76,"column":8},"end":{"line":76,"column":59}},"32":{"start":{"line":77,"column":8},"end":{"line":81,"column":9}},"33":{"start":{"line":78,"column":10},"end":{"line":80,"column":13}},"34":{"start":{"line":79,"column":12},"end":{"line":79,"column":41}},"35":{"start":{"line":82,"column":8},"end":{"line":82,"column":31}},"36":{"start":{"line":83,"column":8},"end":{"line":83,"column":14}},"37":{"start":{"line":86,"column":8},"end":{"line":86,"column":52}},"38":{"start":{"line":87,"column":8},"end":{"line":91,"column":9}},"39":{"start":{"line":88,"column":10},"end":{"line":90,"column":13}},"40":{"start":{"line":89,"column":12},"end":{"line":89,"column":41}},"41":{"start":{"line":92,"column":8},"end":{"line":92,"column":31}},"42":{"start":{"line":93,"column":8},"end":{"line":93,"column":14}},"43":{"start":{"line":96,"column":8},"end":{"line":96,"column":68}},"44":{"start":{"line":97,"column":8},"end":{"line":97,"column":14}},"45":{"start":{"line":100,"column":8},"end":{"line":100,"column":62}},"46":{"start":{"line":103,"column":4},"end":{"line":103,"column":23}},"47":{"start":{"line":107,"column":4},"end":{"line":107,"column":77}},"48":{"start":{"line":110,"column":4},"end":{"line":120,"column":5}},"49":{"start":{"line":110,"column":17},"end":{"line":110,"column":51}},"50":{"start":{"line":111,"column":17},"end":{"line":111,"column":43}},"51":{"start":{"line":112,"column":6},"end":{"line":112,"column":58}},"52":{"start":{"line":114,"column":6},"end":{"line":119,"column":7}},"53":{"start":{"line":115,"column":8},"end":{"line":115,"column":41}},"54":{"start":{"line":117,"column":8},"end":{"line":117,"column":69}},"55":{"start":{"line":118,"column":8},"end":{"line":118,"column":20}},"56":{"start":{"line":122,"column":4},"end":{"line":122,"column":76}},"57":{"start":{"line":126,"column":4},"end":{"line":155,"column":5}},"58":{"start":{"line":129,"column":8},"end":{"line":134,"column":9}},"59":{"start":{"line":130,"column":10},"end":{"line":133,"column":39}},"60":{"start":{"line":135,"column":8},"end":{"line":135,"column":14}},"61":{"start":{"line":139,"column":8},"end":{"line":139,"column":97}},"62":{"start":{"line":140,"column":8},"end":{"line":140,"column":14}},"63":{"start":{"line":144,"column":8},"end":{"line":148,"column":9}},"64":{"start":{"line":145,"column":10},"end":{"line":147,"column":34}},"65":{"start":{"line":149,"column":8},"end":{"line":149,"column":14}},"66":{"start":{"line":153,"column":8},"end":{"line":153,"column":97}},"67":{"start":{"line":154,"column":8},"end":{"line":154,"column":14}},"68":{"start":{"line":159,"column":0},"end":{"line":159,"column":37}}},"fnMap":{"0":{"name":"(anonymous_0)","decl":{"start":{"line":4,"column":2},"end":{"line":4,"column":3}},"loc":{"start":{"line":4,"column":30},"end":{"line":9,"column":3}},"line":4},"1":{"name":"(anonymous_1)","decl":{"start":{"line":11,"column":2},"end":{"line":11,"column":3}},"loc":{"start":{"line":11,"column":49},"end":{"line":20,"column":3}},"line":11},"2":{"name":"(anonymous_2)","decl":{"start":{"line":22,"column":2},"end":{"line":22,"column":3}},"loc":{"start":{"line":22,"column":18},"end":{"line":65,"column":3}},"line":22},"3":{"name":"(anonymous_3)","decl":{"start":{"line":67,"column":2},"end":{"line":67,"column":3}},"loc":{"start":{"line":67,"column":29},"end":{"line":104,"column":3}},"line":67},"4":{"name":"(anonymous_4)","decl":{"start":{"line":78,"column":48},"end":{"line":78,"column":49}},"loc":{"start":{"line":78,"column":66},"end":{"line":80,"column":11}},"line":78},"5":{"name":"(anonymous_5)","decl":{"start":{"line":88,"column":48},"end":{"line":88,"column":49}},"loc":{"start":{"line":88,"column":66},"end":{"line":90,"column":11}},"line":88},"6":{"name":"(anonymous_6)","decl":{"start":{"line":106,"column":2},"end":{"line":106,"column":3}},"loc":{"start":{"line":106,"column":19},"end":{"line":123,"column":3}},"line":106},"7":{"name":"(anonymous_7)","decl":{"start":{"line":125,"column":2},"end":{"line":125,"column":3}},"loc":{"start":{"line":125,"column":30},"end":{"line":156,"column":3}},"line":125}},"branchMap":{"0":{"loc":{"start":{"line":11,"column":30},"end":{"line":11,"column":47}},"type":"default-arg","locations":[{"start":{"line":11,"column":43},"end":{"line":11,"column":47}}],"line":11},"1":{"loc":{"start":{"line":35,"column":8},"end":{"line":37,"column":9}},"type":"if","locations":[{"start":{"line":35,"column":8},"end":{"line":37,"column":9}},{"start":{},"end":{}}],"line":35},"2":{"loc":{"start":{"line":70,"column":4},"end":{"line":101,"column":5}},"type":"switch","locations":[{"start":{"line":71,"column":6},"end":{"line":73,"column":14}},{"start":{"line":75,"column":6},"end":{"line":83,"column":14}},{"start":{"line":85,"column":6},"end":{"line":93,"column":14}},{"start":{"line":95,"column":6},"end":{"line":97,"column":14}},{"start":{"line":99,"column":6},"end":{"line":100,"column":62}}],"line":70},"3":{"loc":{"start":{"line":77,"column":8},"end":{"line":81,"column":9}},"type":"if","locations":[{"start":{"line":77,"column":8},"end":{"line":81,"column":9}},{"start":{},"end":{}}],"line":77},"4":{"loc":{"start":{"line":87,"column":8},"end":{"line":91,"column":9}},"type":"if","locations":[{"start":{"line":87,"column":8},"end":{"line":91,"column":9}},{"start":{},"end":{}}],"line":87},"5":{"loc":{"start":{"line":126,"column":4},"end":{"line":155,"column":5}},"type":"switch","locations":[{"start":{"line":127,"column":6},"end":{"line":135,"column":14}},{"start":{"line":137,"column":6},"end":{"line":140,"column":14}},{"start":{"line":142,"column":6},"end":{"line":149,"column":14}},{"start":{"line":151,"column":6},"end":{"line":154,"column":14}}],"line":126},"6":{"loc":{"start":{"line":129,"column":8},"end":{"line":134,"column":9}},"type":"if","locations":[{"start":{"line":129,"column":8},"end":{"line":134,"column":9}},{"start":{},"end":{}}],"line":129},"7":{"loc":{"start":{"line":129,"column":12},"end":{"line":129,"column":37}},"type":"binary-expr","locations":[{"start":{"line":129,"column":12},"end":{"line":129,"column":21}},{"start":{"line":129,"column":25},"end":{"line":129,"column":37}}],"line":129},"8":{"loc":{"start":{"line":144,"column":8},"end":{"line":148,"column":9}},"type":"if","locations":[{"start":{"line":144,"column":8},"end":{"line":148,"column":9}},{"start":{},"end":{}}],"line":144},"9":{"loc":{"start":{"line":144,"column":12},"end":{"line":144,"column":37}},"type":"binary-expr","locations":[{"start":{"line":144,"column":12},"end":{"line":144,"column":21}},{"start":{"line":144,"column":25},"end":{"line":144,"column":37}}],"line":144}},"s":{"0":3,"1":0,"2":0,"3":0,"4":0,"5":0,"6":0,"7":0,"8":0,"9":0,"10":0,"11":0,"12":0,"13":0,"14":0,"15":0,"16":0,"17":0,"18":0,"19":0,"20":0,"21":0,"22":0,"23":0,"24":0,"25":0,"26":0,"27":0,"28":0,"29":0,"30":0,"31":0,"32":0,"33":0,"34":0,"35":0,"36":0,"37":0,"38":0,"39":0,"40":0,"41":0,"42":0,"43":0,"44":0,"45":0,"46":0,"47":0,"48":0,"49":0,"50":0,"51":0,"52":0,"53":0,"54":0,"55":0,"56":0,"57":0,"58":0,"59":0,"60":0,"61":0,"62":0,"63":0,"64":0,"65":0,"66":0,"67":0,"68":3},"f":{"0":0,"1":0,"2":0,"3":0,"4":0,"5":0,"6":0,"7":0},"b":{"0":[0],"1":[0,0],"2":[0,0,0,0,0],"3":[0,0],"4":[0,0],"5":[0,0,0,0],"6":[0,0],"7":[0,0],"8":[0,0],"9":[0,0]},"_coverageSchema":"1a1c01bbd47fc00a2c39e90264f33305004495a9","hash":"9a2309e5bd04d9a62f70854fa2033d87930c4355"}
,"/Users/macbookpro/Desktop/verichain/verichain-v2/backend/src/utils/logger/index.js": {"path":"/Users/macbookpro/Desktop/verichain/verichain-v2/backend/src/utils/logger/index.js","statementMap":{"0":{"start":{"line":1,"column":16},"end":{"line":1,"column":34}},"1":{"start":{"line":2,"column":24},"end":{"line":2,"column":60}},"2":{"start":{"line":3,"column":13},"end":{"line":3,"column":28}},"3":{"start":{"line":5,"column":15},"end":{"line":5,"column":47}},"4":{"start":{"line":8,"column":18},"end":{"line":13,"column":1}},"5":{"start":{"line":16,"column":22},"end":{"line":23,"column":1}},"6":{"start":{"line":20,"column":20},"end":{"line":20,"column":81}},"7":{"start":{"line":21,"column":4},"end":{"line":21,"column":58}},"8":{"start":{"line":26,"column":19},"end":{"line":45,"column":1}},"9":{"start":{"line":48,"column":0},"end":{"line":55,"column":1}},"10":{"start":{"line":49,"column":2},"end":{"line":54,"column":4}},"11":{"start":{"line":58,"column":15},"end":{"line":63,"column":2}},"12":{"start":{"line":66,"column":0},"end":{"line":70,"column":2}},"13":{"start":{"line":68,"column":4},"end":{"line":68,"column":32}},"14":{"start":{"line":72,"column":0},"end":{"line":72,"column":24}}},"fnMap":{"0":{"name":"(anonymous_0)","decl":{"start":{"line":19,"column":24},"end":{"line":19,"column":25}},"loc":{"start":{"line":19,"column":68},"end":{"line":22,"column":3}},"line":19},"1":{"name":"(anonymous_1)","decl":{"start":{"line":67,"column":9},"end":{"line":67,"column":10}},"loc":{"start":{"line":67,"column":22},"end":{"line":69,"column":3}},"line":67}},"branchMap":{"0":{"loc":{"start":{"line":20,"column":20},"end":{"line":20,"column":81}},"type":"cond-expr","locations":[{"start":{"line":20,"column":47},"end":{"line":20,"column":76}},{"start":{"line":20,"column":79},"end":{"line":20,"column":81}}],"line":20},"1":{"loc":{"start":{"line":48,"column":0},"end":{"line":55,"column":1}},"type":"if","locations":[{"start":{"line":48,"column":0},"end":{"line":55,"column":1}},{"start":{},"end":{}}],"line":48},"2":{"loc":{"start":{"line":59,"column":9},"end":{"line":59,"column":40}},"type":"binary-expr","locations":[{"start":{"line":59,"column":9},"end":{"line":59,"column":30}},{"start":{"line":59,"column":34},"end":{"line":59,"column":40}}],"line":59}},"s":{"0":4,"1":4,"2":4,"3":4,"4":4,"5":4,"6":122,"7":122,"8":4,"9":4,"10":4,"11":4,"12":4,"13":0,"14":4},"f":{"0":122,"1":0},"b":{"0":[52,70],"1":[4,0],"2":[4,4]},"_coverageSchema":"1a1c01bbd47fc00a2c39e90264f33305004495a9","hash":"eefddfe8447fe68634fd1fc0e5e38fd887a25b2f"}
,"/Users/macbookpro/Desktop/verichain/verichain-v2/backend/src/workers/blockchainWorker.js": {"path":"/Users/macbookpro/Desktop/verichain/verichain-v2/backend/src/workers/blockchainWorker.js","statementMap":{"0":{"start":{"line":1,"column":21},"end":{"line":1,"column":53}},"1":{"start":{"line":2,"column":21},"end":{"line":2,"column":67}},"2":{"start":{"line":3,"column":22},"end":{"line":3,"column":58}},"3":{"start":{"line":4,"column":15},"end":{"line":4,"column":41}},"4":{"start":{"line":8,"column":25},"end":{"line":8,"column":51}},"5":{"start":{"line":9,"column":18},"end":{"line":9,"column":71}},"6":{"start":{"line":11,"column":4},"end":{"line":87,"column":7}},"7":{"start":{"line":12,"column":48},"end":{"line":12,"column":56}},"8":{"start":{"line":14,"column":6},"end":{"line":86,"column":7}},"9":{"start":{"line":15,"column":8},"end":{"line":15,"column":79}},"10":{"start":{"line":18,"column":38},"end":{"line":22,"column":19}},"11":{"start":{"line":24,"column":8},"end":{"line":26,"column":9}},"12":{"start":{"line":25,"column":10},"end":{"line":25,"column":68}},"13":{"start":{"line":28,"column":8},"end":{"line":31,"column":9}},"14":{"start":{"line":29,"column":10},"end":{"line":29,"column":73}},"15":{"start":{"line":30,"column":10},"end":{"line":30,"column":73}},"16":{"start":{"line":34,"column":23},"end":{"line":34,"column":67}},"17":{"start":{"line":37,"column":8},"end":{"line":49,"column":35}},"18":{"start":{"line":51,"column":8},"end":{"line":51,"column":81}},"19":{"start":{"line":54,"column":8},"end":{"line":59,"column":11}},"20":{"start":{"line":61,"column":8},"end":{"line":66,"column":10}},"21":{"start":{"line":69,"column":8},"end":{"line":69,"column":84}},"22":{"start":{"line":72,"column":8},"end":{"line":83,"column":35}},"23":{"start":{"line":85,"column":8},"end":{"line":85,"column":20}},"24":{"start":{"line":89,"column":4},"end":{"line":89,"column":45}},"25":{"start":{"line":93,"column":25},"end":{"line":93,"column":51}},"26":{"start":{"line":94,"column":18},"end":{"line":94,"column":71}},"27":{"start":{"line":95,"column":4},"end":{"line":95,"column":24}},"28":{"start":{"line":96,"column":4},"end":{"line":96,"column":45}},"29":{"start":{"line":100,"column":0},"end":{"line":100,"column":40}}},"fnMap":{"0":{"name":"(anonymous_0)","decl":{"start":{"line":7,"column":2},"end":{"line":7,"column":3}},"loc":{"start":{"line":7,"column":16},"end":{"line":90,"column":3}},"line":7},"1":{"name":"(anonymous_1)","decl":{"start":{"line":11,"column":42},"end":{"line":11,"column":43}},"loc":{"start":{"line":11,"column":57},"end":{"line":87,"column":5}},"line":11},"2":{"name":"(anonymous_2)","decl":{"start":{"line":92,"column":2},"end":{"line":92,"column":3}},"loc":{"start":{"line":92,"column":15},"end":{"line":97,"column":3}},"line":92}},"branchMap":{"0":{"loc":{"start":{"line":12,"column":29},"end":{"line":12,"column":43}},"type":"default-arg","locations":[{"start":{"line":12,"column":42},"end":{"line":12,"column":43}}],"line":12},"1":{"loc":{"start":{"line":24,"column":8},"end":{"line":26,"column":9}},"type":"if","locations":[{"start":{"line":24,"column":8},"end":{"line":26,"column":9}},{"start":{},"end":{}}],"line":24},"2":{"loc":{"start":{"line":24,"column":12},"end":{"line":24,"column":26}},"type":"binary-expr","locations":[{"start":{"line":24,"column":12},"end":{"line":24,"column":17}},{"start":{"line":24,"column":21},"end":{"line":24,"column":26}}],"line":24},"3":{"loc":{"start":{"line":28,"column":8},"end":{"line":31,"column":9}},"type":"if","locations":[{"start":{"line":28,"column":8},"end":{"line":31,"column":9}},{"start":{},"end":{}}],"line":28}},"s":{"0":0,"1":0,"2":0,"3":0,"4":0,"5":0,"6":0,"7":0,"8":0,"9":0,"10":0,"11":0,"12":0,"13":0,"14":0,"15":0,"16":0,"17":0,"18":0,"19":0,"20":0,"21":0,"22":0,"23":0,"24":0,"25":0,"26":0,"27":0,"28":0,"29":0},"f":{"0":0,"1":0,"2":0},"b":{"0":[0],"1":[0,0],"2":[0,0],"3":[0,0]}}
}
