TN:
SF:src/api/versionRouter.js
FN:11,(anonymous_0)
FN:12,(anonymous_1)
FN:105,(anonymous_2)
FNF:3
FNH:2
FNDA:9,(anonymous_0)
FNDA:26,(anonymous_1)
FNDA:0,(anonymous_2)
DA:1,3
DA:2,3
DA:3,3
DA:11,3
DA:12,9
DA:14,26
DA:15,26
DA:18,26
DA:19,0
DA:20,0
DA:21,0
DA:24,0
DA:28,26
DA:30,26
DA:35,3
DA:36,3
DA:39,3
DA:45,3
DA:50,3
DA:105,3
DA:106,0
DA:119,3
LF:22
LH:17
BRDA:11,0,0,0
BRDA:18,1,0,0
BRDA:18,1,1,26
BRDA:19,2,0,0
BRDA:19,2,1,0
BRF:5
BRH:1
end_of_record
TN:
SF:src/api/v1/routes/auth.routes.js
FNF:0
FNH:0
DA:1,3
DA:2,3
DA:3,3
DA:4,3
DA:5,3
DA:6,3
DA:7,3
DA:11,3
DA:55,3
DA:103,3
DA:130,3
DA:147,3
DA:171,3
DA:201,3
DA:222,3
DA:224,3
LF:16
LH:16
BRF:0
BRH:0
end_of_record
TN:
SF:src/api/v1/routes/cache.routes.js
FN:56,(anonymous_0)
FN:81,(anonymous_1)
FN:106,(anonymous_2)
FNF:3
FNH:0
FNDA:0,(anonymous_0)
FNDA:0,(anonymous_1)
FNDA:0,(anonymous_2)
DA:2,3
DA:3,3
DA:4,3
DA:5,3
DA:56,3
DA:57,0
DA:58,0
DA:59,0
DA:65,0
DA:66,0
DA:68,0
DA:81,3
DA:82,0
DA:83,0
DA:84,0
DA:90,0
DA:91,0
DA:95,0
DA:106,3
DA:107,0
DA:108,0
DA:109,0
DA:115,0
DA:116,0
DA:117,0
DA:123,0
DA:124,0
DA:128,0
DA:132,3
LF:29
LH:8
BRDA:58,0,0,0
BRDA:58,0,1,0
BRDA:83,1,0,0
BRDA:83,1,1,0
BRDA:108,2,0,0
BRDA:108,2,1,0
BRDA:116,3,0,0
BRDA:116,3,1,0
BRF:8
BRH:0
end_of_record
TN:
SF:src/api/v1/routes/certificates.js
FN:91,(anonymous_0)
FN:124,generateCertificateId
FN:228,(anonymous_2)
FN:331,(anonymous_3)
FN:333,(anonymous_4)
FN:458,(anonymous_5)
FN:549,(anonymous_6)
FN:550,(anonymous_7)
FN:551,(anonymous_8)
FN:608,(anonymous_9)
FN:717,(anonymous_10)
FN:846,(anonymous_11)
FN:851,(anonymous_12)
FN:950,(anonymous_13)
FN:1036,(anonymous_14)
FN:1041,(anonymous_15)
FN:1140,(anonymous_16)
FN:1151,(anonymous_17)
FN:1231,(anonymous_18)
FN:1233,(anonymous_19)
FN:1278,(anonymous_20)
FN:1415,(anonymous_21)
FNF:22
FNH:3
FNDA:0,(anonymous_0)
FNDA:0,generateCertificateId
FNDA:0,(anonymous_2)
FNDA:0,(anonymous_3)
FNDA:0,(anonymous_4)
FNDA:0,(anonymous_5)
FNDA:0,(anonymous_6)
FNDA:0,(anonymous_7)
FNDA:0,(anonymous_8)
FNDA:4,(anonymous_9)
FNDA:0,(anonymous_10)
FNDA:0,(anonymous_11)
FNDA:0,(anonymous_12)
FNDA:1,(anonymous_13)
FNDA:1,(anonymous_14)
FNDA:0,(anonymous_15)
FNDA:0,(anonymous_16)
FNDA:0,(anonymous_17)
FNDA:0,(anonymous_18)
FNDA:0,(anonymous_19)
FNDA:0,(anonymous_20)
FNDA:0,(anonymous_21)
DA:2,3
DA:3,3
DA:4,3
DA:5,3
DA:6,3
DA:7,3
DA:8,3
DA:9,3
DA:10,3
DA:11,3
DA:12,3
DA:13,3
DA:14,3
DA:15,3
DA:16,3
DA:17,3
DA:18,3
DA:88,3
DA:91,3
DA:92,0
DA:94,0
DA:95,0
DA:102,0
DA:103,0
DA:104,0
DA:105,0
DA:113,0
DA:114,0
DA:120,0
DA:125,0
DA:127,0
DA:128,0
DA:134,0
DA:135,0
DA:136,0
DA:138,0
DA:139,0
DA:140,0
DA:146,0
DA:147,0
DA:150,0
DA:151,0
DA:152,0
DA:155,0
DA:156,0
DA:158,0
DA:160,0
DA:222,3
DA:229,0
DA:231,0
DA:243,0
DA:245,0
DA:246,0
DA:249,0
DA:250,0
DA:253,0
DA:254,0
DA:255,0
DA:259,0
DA:262,0
DA:268,0
DA:269,0
DA:273,0
DA:295,0
DA:312,0
DA:315,0
DA:327,0
DA:330,0
DA:331,0
DA:332,0
DA:333,0
DA:337,0
DA:345,0
DA:455,3
DA:459,0
DA:461,0
DA:472,0
DA:474,0
DA:477,0
DA:494,0
DA:496,0
DA:497,0
DA:499,0
DA:500,0
DA:502,0
DA:507,0
DA:508,0
DA:511,0
DA:512,0
DA:515,0
DA:516,0
DA:517,0
DA:526,0
DA:527,0
DA:530,0
DA:531,0
DA:535,0
DA:536,0
DA:537,0
DA:540,0
DA:544,0
DA:547,0
DA:549,0
DA:550,0
DA:551,0
DA:554,0
DA:568,0
DA:569,0
DA:608,3
DA:609,4
DA:611,4
DA:612,4
DA:613,3
DA:614,3
DA:621,1
DA:636,1
DA:637,1
DA:638,1
DA:643,0
DA:647,0
DA:649,0
DA:650,0
DA:655,0
DA:656,0
DA:714,3
DA:718,0
DA:720,0
DA:721,0
DA:722,0
DA:729,0
DA:741,0
DA:742,0
DA:749,0
DA:750,0
DA:757,0
DA:758,0
DA:770,0
DA:784,0
DA:790,0
DA:801,0
DA:802,0
DA:804,0
DA:805,0
DA:809,0
DA:824,0
DA:825,0
DA:830,0
DA:845,0
DA:846,0
DA:847,0
DA:851,0
DA:855,0
DA:867,0
DA:870,0
DA:882,0
DA:950,3
DA:951,1
DA:952,1
DA:966,1
DA:967,0
DA:975,1
DA:983,1
DA:991,1
DA:996,1
DA:1010,1
DA:1016,1
DA:1017,1
DA:1018,1
DA:1019,1
DA:1026,0
DA:1027,0
DA:1035,1
DA:1036,1
DA:1037,1
DA:1041,0
DA:1045,1
DA:1082,0
DA:1083,0
DA:1136,3
DA:1141,0
DA:1142,0
DA:1143,0
DA:1146,0
DA:1151,0
DA:1154,0
DA:1160,0
DA:1161,0
DA:1168,0
DA:1169,0
DA:1176,0
DA:1177,0
DA:1178,0
DA:1186,0
DA:1187,0
DA:1189,0
DA:1190,0
DA:1192,0
DA:1193,0
DA:1197,0
DA:1212,0
DA:1215,0
DA:1227,0
DA:1230,0
DA:1231,0
DA:1232,0
DA:1233,0
DA:1237,0
DA:1243,0
DA:1244,0
DA:1278,3
DA:1279,0
DA:1280,0
DA:1283,0
DA:1284,0
DA:1291,0
DA:1297,0
DA:1298,0
DA:1305,0
DA:1306,0
DA:1313,0
DA:1319,0
DA:1324,0
DA:1327,0
DA:1338,0
DA:1343,0
DA:1344,0
DA:1415,3
DA:1416,0
DA:1418,0
DA:1419,0
DA:1425,0
DA:1427,0
DA:1428,0
DA:1434,0
DA:1435,0
DA:1441,0
DA:1442,0
DA:1444,0
DA:1445,0
DA:1447,0
DA:1455,0
DA:1457,0
DA:1458,0
DA:1464,0
DA:1471,0
DA:1479,0
DA:1486,0
DA:1487,0
DA:1494,3
LF:249
LH:53
BRDA:94,0,0,0
BRDA:94,0,1,0
BRDA:94,1,0,0
BRDA:94,1,1,0
BRDA:102,2,0,0
BRDA:102,2,1,0
BRDA:104,3,0,0
BRDA:104,3,1,0
BRDA:113,4,0,0
BRDA:113,4,1,0
BRDA:113,5,0,0
BRDA:113,5,1,0
BRDA:113,5,2,0
BRDA:127,6,0,0
BRDA:127,6,1,0
BRDA:134,7,0,0
BRDA:134,7,1,0
BRDA:134,8,0,0
BRDA:134,8,1,0
BRDA:136,9,0,0
BRDA:136,9,1,0
BRDA:136,10,0,0
BRDA:136,10,1,0
BRDA:139,11,0,0
BRDA:139,11,1,0
BRDA:249,12,0,0
BRDA:249,12,1,0
BRDA:249,13,0,0
BRDA:249,13,1,0
BRDA:254,14,0,0
BRDA:254,14,1,0
BRDA:268,15,0,0
BRDA:268,15,1,0
BRDA:275,16,0,0
BRDA:275,16,1,0
BRDA:277,17,0,0
BRDA:277,17,1,0
BRDA:278,18,0,0
BRDA:278,18,1,0
BRDA:280,19,0,0
BRDA:280,19,1,0
BRDA:281,20,0,0
BRDA:281,20,1,0
BRDA:283,21,0,0
BRDA:283,21,1,0
BRDA:284,22,0,0
BRDA:284,22,1,0
BRDA:285,23,0,0
BRDA:285,23,1,0
BRDA:287,24,0,0
BRDA:287,24,1,0
BRDA:290,25,0,0
BRDA:290,25,1,0
BRDA:330,26,0,0
BRDA:330,26,1,0
BRDA:330,27,0,0
BRDA:330,27,1,0
BRDA:332,28,0,0
BRDA:332,28,1,0
BRDA:339,29,0,0
BRDA:339,29,1,0
BRDA:461,30,0,0
BRDA:461,30,1,0
BRDA:463,31,0,0
BRDA:464,32,0,0
BRDA:470,33,0,0
BRDA:471,34,0,0
BRDA:494,35,0,0
BRDA:494,35,1,0
BRDA:497,36,0,0
BRDA:497,36,1,0
BRDA:499,37,0,0
BRDA:499,37,1,0
BRDA:507,38,0,0
BRDA:507,38,1,0
BRDA:511,39,0,0
BRDA:511,39,1,0
BRDA:511,40,0,0
BRDA:511,40,1,0
BRDA:515,41,0,0
BRDA:515,41,1,0
BRDA:526,42,0,0
BRDA:526,42,1,0
BRDA:530,43,0,0
BRDA:530,43,1,0
BRDA:536,44,0,0
BRDA:536,44,1,0
BRDA:544,45,0,0
BRDA:544,45,1,0
BRDA:549,46,0,0
BRDA:549,46,1,0
BRDA:550,47,0,0
BRDA:550,47,1,0
BRDA:551,48,0,0
BRDA:551,48,1,0
BRDA:571,49,0,0
BRDA:571,49,1,0
BRDA:612,50,0,3
BRDA:612,50,1,1
BRDA:636,51,0,1
BRDA:636,51,1,0
BRDA:637,52,0,1
BRDA:637,52,1,0
BRDA:658,53,0,0
BRDA:658,53,1,0
BRDA:721,54,0,0
BRDA:721,54,1,0
BRDA:741,55,0,0
BRDA:741,55,1,0
BRDA:741,56,0,0
BRDA:741,56,1,0
BRDA:749,57,0,0
BRDA:749,57,1,0
BRDA:749,58,0,0
BRDA:749,58,1,0
BRDA:757,59,0,0
BRDA:757,59,1,0
BRDA:793,60,0,0
BRDA:793,60,1,0
BRDA:794,61,0,0
BRDA:794,61,1,0
BRDA:804,62,0,0
BRDA:804,62,1,0
BRDA:804,63,0,0
BRDA:804,63,1,0
BRDA:813,64,0,0
BRDA:813,64,1,0
BRDA:824,65,0,0
BRDA:824,65,1,0
BRDA:845,66,0,0
BRDA:845,66,1,0
BRDA:845,67,0,0
BRDA:845,67,1,0
BRDA:884,68,0,0
BRDA:884,68,1,0
BRDA:966,69,0,0
BRDA:966,69,1,1
BRDA:966,70,0,1
BRDA:966,70,1,1
BRDA:978,71,0,1
BRDA:978,71,1,0
BRDA:985,72,0,1
BRDA:985,72,1,0
BRDA:987,73,0,1
BRDA:987,73,1,1
BRDA:1017,74,0,1
BRDA:1017,74,1,0
BRDA:1035,75,0,1
BRDA:1035,75,1,0
BRDA:1035,76,0,1
BRDA:1035,76,1,1
BRDA:1067,77,0,1
BRDA:1067,77,1,0
BRDA:1085,78,0,0
BRDA:1085,78,1,0
BRDA:1160,79,0,0
BRDA:1160,79,1,0
BRDA:1168,80,0,0
BRDA:1168,80,1,0
BRDA:1176,81,0,0
BRDA:1176,81,1,0
BRDA:1177,82,0,0
BRDA:1177,82,1,0
BRDA:1186,83,0,0
BRDA:1186,83,1,0
BRDA:1189,84,0,0
BRDA:1189,84,1,0
BRDA:1192,85,0,0
BRDA:1192,85,1,0
BRDA:1212,86,0,0
BRDA:1212,86,1,0
BRDA:1230,87,0,0
BRDA:1230,87,1,0
BRDA:1230,88,0,0
BRDA:1230,88,1,0
BRDA:1246,89,0,0
BRDA:1246,89,1,0
BRDA:1283,90,0,0
BRDA:1283,90,1,0
BRDA:1297,91,0,0
BRDA:1297,91,1,0
BRDA:1305,92,0,0
BRDA:1305,92,1,0
BRDA:1324,93,0,0
BRDA:1324,93,1,0
BRDA:1346,94,0,0
BRDA:1346,94,1,0
BRDA:1418,95,0,0
BRDA:1418,95,1,0
BRDA:1427,96,0,0
BRDA:1427,96,1,0
BRDA:1427,97,0,0
BRDA:1427,97,1,0
BRDA:1434,98,0,0
BRDA:1434,98,1,0
BRDA:1447,99,0,0
BRDA:1447,99,1,0
BRDA:1457,100,0,0
BRDA:1457,100,1,0
BRDA:1489,101,0,0
BRDA:1489,101,1,0
BRF:201
BRH:16
end_of_record
TN:
SF:src/api/v1/routes/diagnostics.routes.js
FN:9,(anonymous_0)
FN:34,(anonymous_1)
FN:50,(anonymous_2)
FN:87,(anonymous_3)
FN:108,(anonymous_4)
FN:131,(anonymous_5)
FN:149,(anonymous_6)
FN:167,(anonymous_7)
FNF:8
FNH:0
FNDA:0,(anonymous_0)
FNDA:0,(anonymous_1)
FNDA:0,(anonymous_2)
FNDA:0,(anonymous_3)
FNDA:0,(anonymous_4)
FNDA:0,(anonymous_5)
FNDA:0,(anonymous_6)
FNDA:0,(anonymous_7)
DA:1,3
DA:2,3
DA:3,3
DA:4,3
DA:5,3
DA:6,3
DA:9,3
DA:10,0
DA:12,0
DA:17,0
DA:25,0
DA:34,3
DA:35,0
DA:50,3
DA:51,0
DA:52,0
DA:56,0
DA:60,0
DA:64,0
DA:76,0
DA:87,3
DA:88,0
DA:89,0
DA:90,0
DA:92,0
DA:97,0
DA:108,3
DA:109,0
DA:110,0
DA:112,0
DA:124,0
DA:131,3
DA:133,0
DA:134,0
DA:140,0
DA:141,0
DA:149,3
DA:150,0
DA:151,0
DA:157,0
DA:158,0
DA:160,0
DA:167,3
DA:168,0
DA:169,0
DA:175,0
DA:177,0
DA:183,3
LF:48
LH:15
BRDA:21,0,0,0
BRDA:21,0,1,0
BRDA:69,1,0,0
BRDA:69,1,1,0
BRDA:70,2,0,0
BRDA:70,2,1,0
BRDA:71,3,0,0
BRDA:71,3,1,0
BRDA:133,4,0,0
BRDA:133,4,1,0
BRDA:133,5,0,0
BRDA:133,5,1,0
BRDA:150,6,0,0
BRDA:150,6,1,0
BRDA:162,7,0,0
BRDA:162,7,1,0
BRDA:168,8,0,0
BRDA:168,8,1,0
BRF:18
BRH:0
end_of_record
TN:
SF:src/api/v1/routes/errors.routes.js
FN:63,(anonymous_0)
FN:98,(anonymous_1)
FNF:2
FNH:0
FNDA:0,(anonymous_0)
FNDA:0,(anonymous_1)
DA:1,3
DA:2,3
DA:3,3
DA:63,3
DA:64,0
DA:65,0
DA:67,0
DA:98,3
DA:99,0
DA:100,0
DA:102,0
DA:104,0
DA:111,3
LF:13
LH:6
BRDA:99,0,0,0
BRF:1
BRH:0
end_of_record
TN:
SF:src/api/v1/routes/index.js
FNF:0
FNH:0
DA:1,3
DA:2,3
DA:5,3
DA:6,3
DA:7,3
DA:8,3
DA:9,3
DA:10,3
DA:11,3
DA:12,3
DA:13,3
DA:16,3
DA:18,3
LF:13
LH:13
BRF:0
BRH:0
end_of_record
TN:
SF:src/api/v1/routes/metrics.routes.js
FNF:0
FNH:0
DA:1,3
DA:2,3
DA:3,3
DA:15,3
DA:27,3
DA:39,3
DA:51,3
DA:53,3
LF:8
LH:8
BRF:0
BRH:0
end_of_record
TN:
SF:src/api/v1/routes/monitoring.routes.js
FN:22,(anonymous_0)
FN:42,(anonymous_1)
FN:62,(anonymous_2)
FN:80,(anonymous_3)
FNF:4
FNH:2
FNDA:1,(anonymous_0)
FNDA:2,(anonymous_1)
FNDA:0,(anonymous_2)
FNDA:0,(anonymous_3)
DA:1,3
DA:2,3
DA:3,3
DA:22,3
DA:23,1
DA:24,1
DA:26,0
DA:42,3
DA:43,2
DA:44,2
DA:46,0
DA:62,3
DA:63,0
DA:64,0
DA:66,0
DA:80,3
DA:81,0
DA:82,0
DA:84,0
DA:88,3
LF:20
LH:12
BRF:0
BRH:0
end_of_record
TN:
SF:src/api/v1/routes/organizations.routes.js
FN:41,(anonymous_0)
FNF:1
FNH:0
FNDA:0,(anonymous_0)
DA:1,3
DA:2,3
DA:41,3
DA:42,0
DA:43,0
DA:48,0
DA:49,0
DA:50,0
DA:53,0
DA:59,0
DA:60,0
DA:67,3
LF:12
LH:4
BRDA:48,0,0,0
BRDA:48,0,1,0
BRDA:55,1,0,0
BRDA:55,1,1,0
BRDA:62,2,0,0
BRDA:62,2,1,0
BRF:6
BRH:0
end_of_record
TN:
SF:src/api/v1/routes/queues.routes.js
FN:112,(anonymous_0)
FN:184,(anonymous_1)
FN:216,(anonymous_2)
FN:276,(anonymous_3)
FN:289,(anonymous_4)
FN:324,(anonymous_5)
FN:365,(anonymous_6)
FN:413,(anonymous_7)
FNF:8
FNH:0
FNDA:0,(anonymous_0)
FNDA:0,(anonymous_1)
FNDA:0,(anonymous_2)
FNDA:0,(anonymous_3)
FNDA:0,(anonymous_4)
FNDA:0,(anonymous_5)
FNDA:0,(anonymous_6)
FNDA:0,(anonymous_7)
DA:1,3
DA:2,3
DA:3,3
DA:4,3
DA:112,3
DA:113,0
DA:115,0
DA:116,0
DA:122,0
DA:124,0
DA:126,0
DA:184,3
DA:185,0
DA:186,0
DA:187,0
DA:193,0
DA:194,0
DA:196,0
DA:199,0
DA:201,0
DA:202,0
DA:204,0
DA:205,0
DA:207,0
DA:208,0
DA:210,0
DA:211,0
DA:213,0
DA:216,0
DA:226,0
DA:233,0
DA:276,3
DA:277,0
DA:278,0
DA:279,0
DA:285,0
DA:286,0
DA:288,0
DA:289,0
DA:290,0
DA:292,0
DA:297,0
DA:324,3
DA:325,0
DA:326,0
DA:327,0
DA:333,0
DA:334,0
DA:336,0
DA:338,0
DA:365,3
DA:366,0
DA:367,0
DA:368,0
DA:374,0
DA:375,0
DA:377,0
DA:379,0
DA:413,3
DA:414,0
DA:415,0
DA:416,0
DA:422,0
DA:423,0
DA:425,0
DA:427,0
DA:429,0
DA:433,3
LF:68
LH:11
BRDA:115,0,0,0
BRDA:115,0,1,0
BRDA:186,1,0,0
BRDA:186,1,1,0
BRDA:194,2,0,0
BRDA:194,3,0,0
BRDA:199,4,0,0
BRDA:199,4,1,0
BRDA:199,4,2,0
BRDA:199,4,3,0
BRDA:199,4,4,0
BRDA:222,5,0,0
BRDA:222,5,1,0
BRDA:278,6,0,0
BRDA:278,6,1,0
BRDA:326,7,0,0
BRDA:326,7,1,0
BRDA:367,8,0,0
BRDA:367,8,1,0
BRDA:415,9,0,0
BRDA:415,9,1,0
BRDA:423,10,0,0
BRF:22
BRH:0
end_of_record
TN:
SF:src/api/v1/routes/twoFactor.routes.js
FN:113,(anonymous_0)
FN:217,(anonymous_1)
FN:322,(anonymous_2)
FNF:3
FNH:0
FNDA:0,(anonymous_0)
FNDA:0,(anonymous_1)
FNDA:0,(anonymous_2)
DA:2,3
DA:3,3
DA:4,3
DA:5,3
DA:6,3
DA:7,3
DA:113,3
DA:114,0
DA:115,0
DA:116,0
DA:119,0
DA:122,0
DA:125,0
DA:128,0
DA:129,0
DA:135,0
DA:142,0
DA:217,3
DA:218,0
DA:219,0
DA:220,0
DA:222,0
DA:223,0
DA:229,0
DA:230,0
DA:232,0
DA:233,0
DA:236,0
DA:239,0
DA:241,0
DA:242,0
DA:246,0
DA:256,0
DA:257,0
DA:258,0
DA:262,0
DA:264,0
DA:266,0
DA:272,0
DA:322,3
DA:323,0
DA:324,0
DA:325,0
DA:329,0
DA:338,0
DA:340,0
DA:344,3
LF:47
LH:10
BRDA:222,0,0,0
BRDA:222,0,1,0
BRDA:232,1,0,0
BRDA:232,1,1,0
BRDA:241,2,0,0
BRDA:241,2,1,0
BRDA:256,3,0,0
BRDA:256,3,1,0
BRF:8
BRH:0
end_of_record
TN:
SF:src/api/v2/controllers/authController.js
FN:11,(anonymous_0)
FN:68,(anonymous_1)
FN:113,(anonymous_2)
FN:141,(anonymous_3)
FN:176,(anonymous_4)
FN:203,(anonymous_5)
FN:232,(anonymous_6)
FNF:7
FNH:0
FNDA:0,(anonymous_0)
FNDA:0,(anonymous_1)
FNDA:0,(anonymous_2)
FNDA:0,(anonymous_3)
FNDA:0,(anonymous_4)
FNDA:0,(anonymous_5)
FNDA:0,(anonymous_6)
DA:1,0
DA:2,0
DA:3,0
DA:4,0
DA:5,0
DA:6,0
DA:7,0
DA:10,0
DA:12,0
DA:13,0
DA:16,0
DA:26,0
DA:27,0
DA:28,0
DA:33,0
DA:37,0
DA:46,0
DA:53,0
DA:64,0
DA:69,0
DA:70,0
DA:73,0
DA:78,0
DA:79,0
DA:83,0
DA:85,0
DA:86,0
DA:90,0
DA:97,0
DA:109,0
DA:114,0
DA:116,0
DA:117,0
DA:118,0
DA:120,0
DA:121,0
DA:123,0
DA:125,0
DA:128,0
DA:133,0
DA:135,0
DA:137,0
DA:142,0
DA:143,0
DA:145,0
DA:146,0
DA:153,0
DA:154,0
DA:156,0
DA:163,0
DA:164,0
DA:168,0
DA:169,0
DA:171,0
DA:177,0
DA:178,0
DA:180,0
DA:181,0
DA:188,0
DA:194,0
DA:197,0
DA:199,0
DA:204,0
DA:205,0
DA:207,0
DA:208,0
DA:209,0
DA:210,0
DA:211,0
DA:215,0
DA:219,0
DA:220,0
DA:221,0
DA:223,0
DA:226,0
DA:228,0
DA:233,0
DA:234,0
DA:236,0
DA:237,0
DA:244,0
DA:249,0
DA:250,0
DA:251,0
DA:253,0
DA:256,0
DA:258,0
DA:263,0
LF:88
LH:0
BRDA:26,0,0,0
BRDA:26,0,1,0
BRDA:27,1,0,0
BRDA:27,1,1,0
BRDA:78,2,0,0
BRDA:78,2,1,0
BRDA:85,3,0,0
BRDA:85,3,1,0
BRDA:117,4,0,0
BRDA:117,4,1,0
BRDA:117,5,0,0
BRDA:117,5,1,0
BRDA:145,6,0,0
BRDA:145,6,1,0
BRDA:168,7,0,0
BRDA:168,7,1,0
BRDA:168,8,0,0
BRDA:168,8,1,0
BRDA:180,9,0,0
BRDA:180,9,1,0
BRDA:189,10,0,0
BRDA:189,10,1,0
BRDA:194,11,0,0
BRDA:194,11,1,0
BRDA:207,12,0,0
BRDA:207,12,1,0
BRDA:207,13,0,0
BRDA:207,13,1,0
BRDA:209,14,0,0
BRDA:209,14,1,0
BRDA:210,15,0,0
BRDA:210,15,1,0
BRDA:219,16,0,0
BRDA:219,16,1,0
BRDA:220,17,0,0
BRDA:220,17,1,0
BRDA:236,18,0,0
BRDA:236,18,1,0
BRDA:249,19,0,0
BRDA:249,19,1,0
BRDA:250,20,0,0
BRDA:250,20,1,0
BRF:42
BRH:0
end_of_record
TN:
SF:src/api/v2/controllers/healthController.js
FN:8,(anonymous_0)
FN:13,(anonymous_1)
FN:21,(anonymous_2)
FN:65,(anonymous_3)
FN:83,(anonymous_4)
FN:116,(anonymous_5)
FN:134,(anonymous_6)
FN:214,(anonymous_7)
FNF:8
FNH:0
FNDA:0,(anonymous_0)
FNDA:0,(anonymous_1)
FNDA:0,(anonymous_2)
FNDA:0,(anonymous_3)
FNDA:0,(anonymous_4)
FNDA:0,(anonymous_5)
FNDA:0,(anonymous_6)
FNDA:0,(anonymous_7)
DA:1,0
DA:2,0
DA:3,0
DA:4,0
DA:5,0
DA:9,0
DA:14,0
DA:22,0
DA:28,0
DA:31,0
DA:32,0
DA:37,0
DA:38,0
DA:40,0
DA:41,0
DA:45,0
DA:46,0
DA:47,0
DA:48,0
DA:50,0
DA:51,0
DA:55,0
DA:56,0
DA:59,0
DA:60,0
DA:63,0
DA:64,0
DA:65,0
DA:67,0
DA:68,0
DA:70,0
DA:71,0
DA:74,0
DA:75,0
DA:84,0
DA:108,0
DA:115,0
DA:116,0
DA:119,0
DA:124,0
DA:126,0
DA:135,0
DA:145,0
DA:146,0
DA:147,0
DA:151,0
DA:158,0
DA:165,0
DA:166,0
DA:167,0
DA:168,0
DA:170,0
DA:177,0
DA:184,0
DA:185,0
DA:188,0
DA:189,0
DA:192,0
DA:194,0
DA:199,0
DA:206,0
DA:213,0
DA:214,0
DA:217,0
DA:219,0
DA:223,0
LF:66
LH:0
BRDA:37,0,0,0
BRDA:37,0,1,0
BRDA:38,1,0,0
BRDA:38,1,1,0
BRDA:47,2,0,0
BRDA:47,2,1,0
BRDA:48,3,0,0
BRDA:48,3,1,0
BRDA:59,4,0,0
BRDA:59,4,1,0
BRDA:64,5,0,0
BRDA:64,5,1,0
BRDA:67,6,0,0
BRDA:67,6,1,0
BRDA:68,7,0,0
BRDA:68,7,1,0
BRDA:74,8,0,0
BRDA:74,8,1,0
BRDA:76,9,0,0
BRDA:76,9,1,0
BRDA:85,10,0,0
BRDA:85,10,1,0
BRDA:124,11,0,0
BRDA:124,11,1,0
BRDA:127,12,0,0
BRDA:127,12,1,0
BRDA:152,13,0,0
BRDA:152,13,1,0
BRDA:154,14,0,0
BRDA:154,14,1,0
BRDA:188,15,0,0
BRDA:188,15,1,0
BRDA:217,16,0,0
BRDA:217,16,1,0
BRF:34
BRH:0
end_of_record
TN:
SF:src/api/v2/controllers/metricsController.js
FN:4,(anonymous_0)
FN:52,(anonymous_1)
FN:63,(anonymous_2)
FN:96,(anonymous_3)
FN:102,(anonymous_4)
FN:114,(anonymous_5)
FN:127,(anonymous_6)
FN:135,(anonymous_7)
FN:145,(anonymous_8)
FN:157,(anonymous_9)
FNF:10
FNH:0
FNDA:0,(anonymous_0)
FNDA:0,(anonymous_1)
FNDA:0,(anonymous_2)
FNDA:0,(anonymous_3)
FNDA:0,(anonymous_4)
FNDA:0,(anonymous_5)
FNDA:0,(anonymous_6)
FNDA:0,(anonymous_7)
FNDA:0,(anonymous_8)
FNDA:0,(anonymous_9)
DA:1,0
DA:3,0
DA:5,0
DA:7,0
DA:10,0
DA:15,0
DA:21,0
DA:44,0
DA:45,0
DA:53,0
DA:54,0
DA:57,0
DA:62,0
DA:63,0
DA:64,0
DA:65,0
DA:67,0
DA:68,0
DA:71,0
DA:72,0
DA:73,0
DA:75,0
DA:79,0
DA:88,0
DA:89,0
DA:97,0
DA:98,0
DA:102,0
DA:110,0
DA:114,0
DA:119,0
DA:120,0
DA:128,0
DA:129,0
DA:134,0
DA:135,0
DA:136,0
DA:137,0
DA:138,0
DA:140,0
DA:144,0
DA:145,0
DA:146,0
DA:147,0
DA:148,0
DA:153,0
DA:156,0
DA:157,0
DA:160,0
DA:170,0
DA:171,0
DA:179,0
LF:52
LH:0
BRDA:31,0,0,0
BRDA:31,0,1,0
BRDA:35,1,0,0
BRDA:35,1,1,0
BRDA:38,2,0,0
BRDA:38,2,1,0
BRDA:39,3,0,0
BRDA:39,3,1,0
BRDA:67,4,0,0
BRDA:67,4,1,0
BRDA:72,5,0,0
BRDA:72,5,1,0
BRDA:105,6,0,0
BRDA:105,6,1,0
BRDA:106,7,0,0
BRDA:106,7,1,0
BRDA:113,8,0,0
BRDA:113,8,1,0
BRDA:114,9,0,0
BRDA:114,9,1,0
BRDA:115,10,0,0
BRDA:115,10,1,0
BRDA:137,11,0,0
BRDA:137,11,1,0
BRDA:147,12,0,0
BRDA:147,12,1,0
BRDA:163,13,0,0
BRDA:163,13,1,0
BRDA:166,14,0,0
BRDA:166,14,1,0
BRF:30
BRH:0
end_of_record
TN:
SF:src/api/v2/controllers/organizationsController.js
FN:7,(anonymous_0)
FN:86,(anonymous_1)
FN:137,(anonymous_2)
FN:169,(anonymous_3)
FN:170,(anonymous_4)
FN:191,(anonymous_5)
FN:246,(anonymous_6)
FN:297,(anonymous_7)
FN:338,(anonymous_8)
FN:381,(anonymous_9)
FN:382,(anonymous_10)
FN:383,(anonymous_11)
FN:387,(anonymous_12)
FN:407,generateTimeline
FN:412,(anonymous_14)
FN:434,(anonymous_15)
FN:437,(anonymous_16)
FN:440,getWeekNumber
FNF:18
FNH:0
FNDA:0,(anonymous_0)
FNDA:0,(anonymous_1)
FNDA:0,(anonymous_2)
FNDA:0,(anonymous_3)
FNDA:0,(anonymous_4)
FNDA:0,(anonymous_5)
FNDA:0,(anonymous_6)
FNDA:0,(anonymous_7)
FNDA:0,(anonymous_8)
FNDA:0,(anonymous_9)
FNDA:0,(anonymous_10)
FNDA:0,(anonymous_11)
FNDA:0,(anonymous_12)
FNDA:0,generateTimeline
FNDA:0,(anonymous_14)
FNDA:0,(anonymous_15)
FNDA:0,(anonymous_16)
FNDA:0,getWeekNumber
DA:1,0
DA:2,0
DA:3,0
DA:5,0
DA:8,0
DA:18,0
DA:21,0
DA:22,0
DA:29,0
DA:32,0
DA:55,0
DA:58,0
DA:59,0
DA:68,0
DA:77,0
DA:78,0
DA:87,0
DA:93,0
DA:95,0
DA:97,0
DA:102,0
DA:103,0
DA:106,0
DA:107,0
DA:111,0
DA:115,0
DA:117,0
DA:128,0
DA:129,0
DA:138,0
DA:139,0
DA:141,0
DA:151,0
DA:152,0
DA:153,0
DA:158,0
DA:162,0
DA:167,0
DA:169,0
DA:170,0
DA:173,0
DA:182,0
DA:183,0
DA:192,0
DA:193,0
DA:194,0
DA:197,0
DA:198,0
DA:199,0
DA:202,0
DA:203,0
DA:205,0
DA:206,0
DA:212,0
DA:222,0
DA:223,0
DA:224,0
DA:229,0
DA:232,0
DA:237,0
DA:238,0
DA:247,0
DA:248,0
DA:251,0
DA:252,0
DA:259,0
DA:265,0
DA:266,0
DA:273,0
DA:281,0
DA:283,0
DA:288,0
DA:289,0
DA:298,0
DA:299,0
DA:302,0
DA:303,0
DA:309,0
DA:311,0
DA:321,0
DA:323,0
DA:329,0
DA:330,0
DA:339,0
DA:340,0
DA:341,0
DA:344,0
DA:345,0
DA:347,0
DA:349,0
DA:350,0
DA:352,0
DA:353,0
DA:355,0
DA:356,0
DA:358,0
DA:359,0
DA:363,0
DA:370,0
DA:377,0
DA:381,0
DA:382,0
DA:383,0
DA:387,0
DA:392,0
DA:397,0
DA:398,0
DA:408,0
DA:410,0
DA:412,0
DA:413,0
DA:416,0
DA:417,0
DA:418,0
DA:419,0
DA:421,0
DA:424,0
DA:425,0
DA:428,0
DA:429,0
DA:430,0
DA:434,0
DA:437,0
DA:441,0
DA:442,0
DA:443,0
DA:446,0
LF:127
LH:0
BRDA:21,0,0,0
BRDA:21,0,1,0
BRDA:21,1,0,0
BRDA:21,1,1,0
BRDA:55,2,0,0
BRDA:55,2,1,0
BRDA:58,3,0,0
BRDA:58,3,1,0
BRDA:89,4,0,0
BRDA:90,5,0,0
BRDA:102,6,0,0
BRDA:102,6,1,0
BRDA:106,7,0,0
BRDA:106,7,1,0
BRDA:115,8,0,0
BRDA:115,8,1,0
BRDA:151,9,0,0
BRDA:151,9,1,0
BRDA:152,10,0,0
BRDA:152,10,1,0
BRDA:168,11,0,0
BRDA:168,11,1,0
BRDA:169,12,0,0
BRDA:169,12,1,0
BRDA:170,13,0,0
BRDA:170,13,1,0
BRDA:205,14,0,0
BRDA:205,14,1,0
BRDA:205,15,0,0
BRDA:205,15,1,0
BRDA:222,16,0,0
BRDA:222,16,1,0
BRDA:223,17,0,0
BRDA:223,17,1,0
BRDA:251,18,0,0
BRDA:251,18,1,0
BRDA:265,19,0,0
BRDA:265,19,1,0
BRDA:265,20,0,0
BRDA:265,20,1,0
BRDA:281,21,0,0
BRDA:281,21,1,0
BRDA:302,22,0,0
BRDA:302,22,1,0
BRDA:302,23,0,0
BRDA:302,23,1,0
BRDA:321,24,0,0
BRDA:321,24,1,0
BRDA:341,25,0,0
BRDA:347,26,0,0
BRDA:347,26,1,0
BRDA:347,26,2,0
BRDA:347,26,3,0
BRDA:380,27,0,0
BRDA:380,27,1,0
BRDA:381,28,0,0
BRDA:381,28,1,0
BRDA:382,29,0,0
BRDA:382,29,1,0
BRDA:383,30,0,0
BRDA:383,30,1,0
BRDA:386,31,0,0
BRDA:386,31,1,0
BRDA:387,32,0,0
BRDA:387,32,1,0
BRDA:408,33,0,0
BRDA:408,33,1,0
BRDA:408,34,0,0
BRDA:408,34,1,0
BRDA:416,35,0,0
BRDA:416,35,1,0
BRDA:416,36,0,0
BRDA:416,36,1,0
BRDA:418,37,0,0
BRDA:418,37,1,0
BRDA:424,38,0,0
BRDA:424,38,1,0
BRDA:429,39,0,0
BRDA:429,39,1,0
BRF:79
BRH:0
end_of_record
TN:
SF:src/api/v2/routes/auth.routes.js
FNF:0
FNH:0
DA:1,3
DA:2,3
DA:3,3
DA:4,3
DA:5,3
DA:6,3
DA:7,3
DA:11,3
DA:55,3
DA:103,3
DA:130,3
DA:147,3
DA:171,3
DA:201,3
DA:222,3
DA:224,3
LF:16
LH:16
BRF:0
BRH:0
end_of_record
TN:
SF:src/api/v2/routes/cache.routes.js
FN:16,(anonymous_0)
FN:41,(anonymous_1)
FN:66,(anonymous_2)
FNF:3
FNH:0
FNDA:0,(anonymous_0)
FNDA:0,(anonymous_1)
FNDA:0,(anonymous_2)
DA:2,3
DA:3,3
DA:4,3
DA:5,3
DA:16,3
DA:17,0
DA:18,0
DA:19,0
DA:25,0
DA:26,0
DA:28,0
DA:41,3
DA:42,0
DA:43,0
DA:44,0
DA:50,0
DA:51,0
DA:55,0
DA:66,3
DA:67,0
DA:68,0
DA:69,0
DA:75,0
DA:76,0
DA:77,0
DA:83,0
DA:84,0
DA:88,0
DA:92,3
LF:29
LH:8
BRDA:18,0,0,0
BRDA:18,0,1,0
BRDA:43,1,0,0
BRDA:43,1,1,0
BRDA:68,2,0,0
BRDA:68,2,1,0
BRDA:76,3,0,0
BRDA:76,3,1,0
BRF:8
BRH:0
end_of_record
TN:
SF:src/api/v2/routes/certificates.js
FN:13,(anonymous_0)
FN:16,(anonymous_1)
FN:26,(anonymous_2)
FNF:3
FNH:0
FNDA:0,(anonymous_0)
FNDA:0,(anonymous_1)
FNDA:0,(anonymous_2)
DA:1,3
DA:2,3
DA:3,3
DA:13,3
DA:15,0
DA:16,0
DA:17,0
DA:22,0
DA:26,3
DA:27,0
DA:33,3
LF:11
LH:6
BRDA:15,0,0,0
BRDA:15,0,1,0
BRDA:15,1,0,0
BRDA:15,1,1,0
BRF:4
BRH:0
end_of_record
TN:
SF:src/api/v2/routes/diagnostics.routes.js
FN:9,(anonymous_0)
FN:34,(anonymous_1)
FN:50,(anonymous_2)
FN:87,(anonymous_3)
FN:108,(anonymous_4)
FN:131,(anonymous_5)
FN:149,(anonymous_6)
FN:167,(anonymous_7)
FNF:8
FNH:0
FNDA:0,(anonymous_0)
FNDA:0,(anonymous_1)
FNDA:0,(anonymous_2)
FNDA:0,(anonymous_3)
FNDA:0,(anonymous_4)
FNDA:0,(anonymous_5)
FNDA:0,(anonymous_6)
FNDA:0,(anonymous_7)
DA:1,3
DA:2,3
DA:3,3
DA:4,3
DA:5,3
DA:6,3
DA:9,3
DA:10,0
DA:12,0
DA:17,0
DA:25,0
DA:34,3
DA:35,0
DA:50,3
DA:51,0
DA:52,0
DA:56,0
DA:60,0
DA:64,0
DA:76,0
DA:87,3
DA:88,0
DA:89,0
DA:90,0
DA:92,0
DA:97,0
DA:108,3
DA:109,0
DA:110,0
DA:112,0
DA:124,0
DA:131,3
DA:133,0
DA:134,0
DA:140,0
DA:141,0
DA:149,3
DA:150,0
DA:151,0
DA:157,0
DA:158,0
DA:160,0
DA:167,3
DA:168,0
DA:169,0
DA:175,0
DA:177,0
DA:183,3
LF:48
LH:15
BRDA:21,0,0,0
BRDA:21,0,1,0
BRDA:69,1,0,0
BRDA:69,1,1,0
BRDA:70,2,0,0
BRDA:70,2,1,0
BRDA:71,3,0,0
BRDA:71,3,1,0
BRDA:133,4,0,0
BRDA:133,4,1,0
BRDA:133,5,0,0
BRDA:133,5,1,0
BRDA:150,6,0,0
BRDA:150,6,1,0
BRDA:162,7,0,0
BRDA:162,7,1,0
BRDA:168,8,0,0
BRDA:168,8,1,0
BRF:18
BRH:0
end_of_record
TN:
SF:src/api/v2/routes/errors.routes.js
FN:63,(anonymous_0)
FN:98,(anonymous_1)
FNF:2
FNH:0
FNDA:0,(anonymous_0)
FNDA:0,(anonymous_1)
DA:1,3
DA:2,3
DA:3,3
DA:63,3
DA:64,0
DA:65,0
DA:67,0
DA:98,3
DA:99,0
DA:100,0
DA:102,0
DA:104,0
DA:111,3
LF:13
LH:6
BRDA:99,0,0,0
BRF:1
BRH:0
end_of_record
TN:
SF:src/api/v2/routes/index.js
FNF:0
FNH:0
DA:1,3
DA:2,3
DA:5,3
DA:6,3
DA:7,3
DA:8,3
DA:9,3
DA:10,3
DA:11,3
DA:12,3
DA:13,3
DA:14,3
DA:17,3
DA:21,3
LF:14
LH:14
BRF:0
BRH:0
end_of_record
TN:
SF:src/api/v2/routes/metrics.routes.js
FNF:0
FNH:0
DA:1,3
DA:2,3
DA:3,3
DA:15,3
DA:27,3
DA:39,3
DA:51,3
DA:53,3
LF:8
LH:8
BRF:0
BRH:0
end_of_record
TN:
SF:src/api/v2/routes/monitoring.routes.js
FN:22,(anonymous_0)
FN:42,(anonymous_1)
FN:62,(anonymous_2)
FN:80,(anonymous_3)
FNF:4
FNH:0
FNDA:0,(anonymous_0)
FNDA:0,(anonymous_1)
FNDA:0,(anonymous_2)
FNDA:0,(anonymous_3)
DA:1,3
DA:2,3
DA:3,3
DA:22,3
DA:23,0
DA:24,0
DA:26,0
DA:42,3
DA:43,0
DA:44,0
DA:46,0
DA:62,3
DA:63,0
DA:64,0
DA:66,0
DA:80,3
DA:81,0
DA:82,0
DA:84,0
DA:88,3
LF:20
LH:8
BRF:0
BRH:0
end_of_record
TN:
SF:src/api/v2/routes/organizations.routes.js
FN:41,(anonymous_0)
FNF:1
FNH:0
FNDA:0,(anonymous_0)
DA:1,3
DA:2,3
DA:41,3
DA:42,0
DA:43,0
DA:48,0
DA:49,0
DA:50,0
DA:53,0
DA:59,0
DA:60,0
DA:67,3
LF:12
LH:4
BRDA:48,0,0,0
BRDA:48,0,1,0
BRDA:55,1,0,0
BRDA:55,1,1,0
BRDA:62,2,0,0
BRDA:62,2,1,0
BRF:6
BRH:0
end_of_record
TN:
SF:src/api/v2/routes/queues.routes.js
FN:112,(anonymous_0)
FN:184,(anonymous_1)
FN:216,(anonymous_2)
FN:276,(anonymous_3)
FN:289,(anonymous_4)
FN:324,(anonymous_5)
FN:365,(anonymous_6)
FN:413,(anonymous_7)
FNF:8
FNH:0
FNDA:0,(anonymous_0)
FNDA:0,(anonymous_1)
FNDA:0,(anonymous_2)
FNDA:0,(anonymous_3)
FNDA:0,(anonymous_4)
FNDA:0,(anonymous_5)
FNDA:0,(anonymous_6)
FNDA:0,(anonymous_7)
DA:1,3
DA:2,3
DA:3,3
DA:4,3
DA:112,3
DA:113,0
DA:115,0
DA:116,0
DA:122,0
DA:124,0
DA:126,0
DA:184,3
DA:185,0
DA:186,0
DA:187,0
DA:193,0
DA:194,0
DA:196,0
DA:199,0
DA:201,0
DA:202,0
DA:204,0
DA:205,0
DA:207,0
DA:208,0
DA:210,0
DA:211,0
DA:213,0
DA:216,0
DA:226,0
DA:233,0
DA:276,3
DA:277,0
DA:278,0
DA:279,0
DA:285,0
DA:286,0
DA:288,0
DA:289,0
DA:290,0
DA:292,0
DA:297,0
DA:324,3
DA:325,0
DA:326,0
DA:327,0
DA:333,0
DA:334,0
DA:336,0
DA:338,0
DA:365,3
DA:366,0
DA:367,0
DA:368,0
DA:374,0
DA:375,0
DA:377,0
DA:379,0
DA:413,3
DA:414,0
DA:415,0
DA:416,0
DA:422,0
DA:423,0
DA:425,0
DA:427,0
DA:429,0
DA:433,3
LF:68
LH:11
BRDA:115,0,0,0
BRDA:115,0,1,0
BRDA:186,1,0,0
BRDA:186,1,1,0
BRDA:194,2,0,0
BRDA:194,3,0,0
BRDA:199,4,0,0
BRDA:199,4,1,0
BRDA:199,4,2,0
BRDA:199,4,3,0
BRDA:199,4,4,0
BRDA:222,5,0,0
BRDA:222,5,1,0
BRDA:278,6,0,0
BRDA:278,6,1,0
BRDA:326,7,0,0
BRDA:326,7,1,0
BRDA:367,8,0,0
BRDA:367,8,1,0
BRDA:415,9,0,0
BRDA:415,9,1,0
BRDA:423,10,0,0
BRF:22
BRH:0
end_of_record
TN:
SF:src/api/v2/routes/twoFactor.routes.js
FN:113,(anonymous_0)
FN:217,(anonymous_1)
FN:322,(anonymous_2)
FNF:3
FNH:0
FNDA:0,(anonymous_0)
FNDA:0,(anonymous_1)
FNDA:0,(anonymous_2)
DA:2,3
DA:3,3
DA:4,3
DA:5,3
DA:6,3
DA:7,3
DA:113,3
DA:114,0
DA:115,0
DA:116,0
DA:119,0
DA:122,0
DA:125,0
DA:128,0
DA:129,0
DA:135,0
DA:142,0
DA:217,3
DA:218,0
DA:219,0
DA:220,0
DA:222,0
DA:223,0
DA:229,0
DA:230,0
DA:232,0
DA:233,0
DA:236,0
DA:239,0
DA:241,0
DA:242,0
DA:246,0
DA:256,0
DA:257,0
DA:258,0
DA:262,0
DA:264,0
DA:266,0
DA:272,0
DA:322,3
DA:323,0
DA:324,0
DA:325,0
DA:329,0
DA:338,0
DA:340,0
DA:344,3
LF:47
LH:10
BRDA:222,0,0,0
BRDA:222,0,1,0
BRDA:232,1,0,0
BRDA:232,1,1,0
BRDA:241,2,0,0
BRDA:241,2,1,0
BRDA:256,3,0,0
BRDA:256,3,1,0
BRF:8
BRH:0
end_of_record
TN:
SF:src/api/v2/routes/webhooks.routes.js
FN:25,(anonymous_0)
FN:62,(anonymous_1)
FN:99,(anonymous_2)
FN:130,(anonymous_3)
FNF:4
FNH:0
FNDA:0,(anonymous_0)
FNDA:0,(anonymous_1)
FNDA:0,(anonymous_2)
FNDA:0,(anonymous_3)
DA:1,3
DA:2,3
DA:3,3
DA:4,3
DA:25,3
DA:26,0
DA:27,0
DA:28,0
DA:30,0
DA:62,3
DA:63,0
DA:64,0
DA:67,0
DA:70,0
DA:82,0
DA:84,0
DA:86,0
DA:99,3
DA:100,0
DA:101,0
DA:103,0
DA:104,0
DA:107,0
DA:115,0
DA:117,0
DA:130,3
DA:131,0
DA:132,0
DA:139,0
DA:141,0
DA:143,0
DA:147,3
LF:32
LH:9
BRDA:64,0,0,0
BRDA:82,1,0,0
BRDA:82,1,1,0
BRDA:103,2,0,0
BRDA:103,2,1,0
BRDA:139,3,0,0
BRDA:139,3,1,0
BRF:7
BRH:0
end_of_record
TN:
SF:src/config/redis.js
FN:4,createRedisClient
FN:11,(anonymous_1)
FN:27,(anonymous_2)
FN:39,(anonymous_3)
FN:43,(anonymous_4)
FN:47,(anonymous_5)
FN:51,(anonymous_6)
FNF:7
FNH:3
FNDA:3,createRedisClient
FNDA:0,(anonymous_1)
FNDA:0,(anonymous_2)
FNDA:3,(anonymous_3)
FNDA:3,(anonymous_4)
FNDA:0,(anonymous_5)
FNDA:0,(anonymous_6)
DA:1,3
DA:2,3
DA:5,3
DA:7,3
DA:8,0
DA:9,0
DA:12,0
DA:13,0
DA:14,0
DA:21,3
DA:28,0
DA:29,0
DA:33,3
DA:34,3
DA:37,3
DA:39,3
DA:40,3
DA:43,3
DA:44,3
DA:47,3
DA:48,0
DA:51,3
DA:52,0
DA:55,3
LF:24
LH:15
BRDA:7,0,0,0
BRDA:7,0,1,3
BRDA:12,1,0,0
BRDA:12,1,1,0
BRDA:22,2,0,3
BRDA:22,2,1,3
BRDA:23,3,0,3
BRDA:23,3,1,3
BRDA:24,4,0,3
BRDA:24,4,1,3
BRDA:25,5,0,3
BRDA:25,5,1,3
BRDA:28,6,0,0
BRDA:28,6,1,0
BRF:14
BRH:9
end_of_record
TN:
SF:src/config/security.js
FN:39,(anonymous_0)
FNF:1
FNH:1
FNDA:23,(anonymous_0)
DA:2,3
DA:4,3
DA:40,23
DA:46,23
DA:48,0
DA:49,0
DA:51,0
DA:75,3
LF:8
LH:5
BRDA:40,0,0,23
BRDA:40,0,1,23
BRDA:46,1,0,23
BRDA:46,1,1,0
BRDA:48,2,0,0
BRDA:48,2,1,0
BRF:6
BRH:3
end_of_record
TN:
SF:src/controllers/authController.js
FN:11,(anonymous_0)
FN:68,(anonymous_1)
FN:113,(anonymous_2)
FN:141,(anonymous_3)
FN:176,(anonymous_4)
FN:203,(anonymous_5)
FN:232,(anonymous_6)
FNF:7
FNH:3
FNDA:0,(anonymous_0)
FNDA:3,(anonymous_1)
FNDA:1,(anonymous_2)
FNDA:2,(anonymous_3)
FNDA:0,(anonymous_4)
FNDA:0,(anonymous_5)
FNDA:0,(anonymous_6)
DA:1,3
DA:2,3
DA:3,3
DA:4,3
DA:5,3
DA:6,3
DA:7,3
DA:10,3
DA:12,0
DA:13,0
DA:16,0
DA:26,0
DA:27,0
DA:28,0
DA:33,0
DA:37,0
DA:46,0
DA:53,0
DA:64,0
DA:69,3
DA:70,3
DA:73,3
DA:78,3
DA:79,1
DA:83,2
DA:85,2
DA:86,0
DA:90,2
DA:97,2
DA:109,1
DA:114,1
DA:116,1
DA:117,1
DA:118,1
DA:120,1
DA:121,1
DA:123,1
DA:125,1
DA:128,0
DA:133,1
DA:135,1
DA:137,0
DA:142,2
DA:143,2
DA:145,2
DA:146,0
DA:153,2
DA:154,2
DA:156,1
DA:163,1
DA:164,1
DA:168,1
DA:169,1
DA:171,0
DA:177,0
DA:178,0
DA:180,0
DA:181,0
DA:188,0
DA:194,0
DA:197,0
DA:199,0
DA:204,0
DA:205,0
DA:207,0
DA:208,0
DA:209,0
DA:210,0
DA:211,0
DA:215,0
DA:219,0
DA:220,0
DA:221,0
DA:223,0
DA:226,0
DA:228,0
DA:233,0
DA:234,0
DA:236,0
DA:237,0
DA:244,0
DA:249,0
DA:250,0
DA:251,0
DA:253,0
DA:256,0
DA:258,0
DA:263,3
LF:88
LH:39
BRDA:26,0,0,0
BRDA:26,0,1,0
BRDA:27,1,0,0
BRDA:27,1,1,0
BRDA:78,2,0,1
BRDA:78,2,1,2
BRDA:85,3,0,0
BRDA:85,3,1,2
BRDA:117,4,0,1
BRDA:117,4,1,0
BRDA:117,5,0,1
BRDA:117,5,1,1
BRDA:145,6,0,0
BRDA:145,6,1,2
BRDA:168,7,0,1
BRDA:168,7,1,0
BRDA:168,8,0,1
BRDA:168,8,1,0
BRDA:180,9,0,0
BRDA:180,9,1,0
BRDA:189,10,0,0
BRDA:189,10,1,0
BRDA:194,11,0,0
BRDA:194,11,1,0
BRDA:207,12,0,0
BRDA:207,12,1,0
BRDA:207,13,0,0
BRDA:207,13,1,0
BRDA:209,14,0,0
BRDA:209,14,1,0
BRDA:210,15,0,0
BRDA:210,15,1,0
BRDA:219,16,0,0
BRDA:219,16,1,0
BRDA:220,17,0,0
BRDA:220,17,1,0
BRDA:236,18,0,0
BRDA:236,18,1,0
BRDA:249,19,0,0
BRDA:249,19,1,0
BRDA:250,20,0,0
BRDA:250,20,1,0
BRF:42
BRH:9
end_of_record
TN:
SF:src/controllers/certificatesController.js
FN:15,(anonymous_0)
FN:59,(anonymous_1)
FN:76,(anonymous_2)
FN:120,(anonymous_3)
FN:146,(anonymous_4)
FN:165,(anonymous_5)
FN:181,(anonymous_6)
FN:204,(anonymous_7)
FN:232,(anonymous_8)
FNF:9
FNH:0
FNDA:0,(anonymous_0)
FNDA:0,(anonymous_1)
FNDA:0,(anonymous_2)
FNDA:0,(anonymous_3)
FNDA:0,(anonymous_4)
FNDA:0,(anonymous_5)
FNDA:0,(anonymous_6)
FNDA:0,(anonymous_7)
FNDA:0,(anonymous_8)
DA:1,0
DA:2,0
DA:3,0
DA:4,0
DA:5,0
DA:6,0
DA:16,0
DA:18,0
DA:19,0
DA:20,0
DA:24,0
DA:34,0
DA:37,0
DA:38,0
DA:39,0
DA:42,0
DA:49,0
DA:51,0
DA:57,0
DA:58,0
DA:59,0
DA:63,0
DA:69,0
DA:77,0
DA:78,0
DA:79,0
DA:81,0
DA:86,0
DA:87,0
DA:91,0
DA:92,0
DA:96,0
DA:100,0
DA:102,0
DA:113,0
DA:121,0
DA:122,0
DA:124,0
DA:130,0
DA:131,0
DA:134,0
DA:139,0
DA:147,0
DA:148,0
DA:149,0
DA:151,0
DA:158,0
DA:159,0
DA:163,0
DA:164,0
DA:165,0
DA:168,0
DA:174,0
DA:182,0
DA:183,0
DA:185,0
DA:190,0
DA:192,0
DA:197,0
DA:205,0
DA:206,0
DA:208,0
DA:214,0
DA:215,0
DA:219,0
DA:220,0
DA:221,0
DA:228,0
DA:229,0
DA:232,0
DA:235,0
DA:247,0
DA:252,0
LF:73
LH:0
BRDA:19,0,0,0
BRDA:19,0,1,0
BRDA:34,1,0,0
BRDA:34,1,1,0
BRDA:37,2,0,0
BRDA:37,2,1,0
BRDA:57,3,0,0
BRDA:57,3,1,0
BRDA:57,4,0,0
BRDA:57,4,1,0
BRDA:78,5,0,0
BRDA:78,6,0,0
BRDA:86,7,0,0
BRDA:86,7,1,0
BRDA:91,8,0,0
BRDA:91,8,1,0
BRDA:100,9,0,0
BRDA:100,9,1,0
BRDA:130,10,0,0
BRDA:130,10,1,0
BRDA:130,11,0,0
BRDA:130,11,1,0
BRDA:158,12,0,0
BRDA:158,12,1,0
BRDA:158,13,0,0
BRDA:158,13,1,0
BRDA:163,14,0,0
BRDA:163,14,1,0
BRDA:163,15,0,0
BRDA:163,15,1,0
BRDA:190,16,0,0
BRDA:190,16,1,0
BRDA:214,17,0,0
BRDA:214,17,1,0
BRDA:214,18,0,0
BRDA:214,18,1,0
BRDA:220,19,0,0
BRDA:220,19,1,0
BRDA:228,20,0,0
BRDA:228,20,1,0
BRDA:228,21,0,0
BRDA:228,21,1,0
BRF:42
BRH:0
end_of_record
TN:
SF:src/controllers/healthController.js
FN:8,(anonymous_0)
FN:13,(anonymous_1)
FN:21,(anonymous_2)
FN:65,(anonymous_3)
FN:83,(anonymous_4)
FN:116,(anonymous_5)
FN:134,(anonymous_6)
FN:214,(anonymous_7)
FNF:8
FNH:4
FNDA:3,(anonymous_0)
FNDA:1,(anonymous_1)
FNDA:2,(anonymous_2)
FNDA:10,(anonymous_3)
FNDA:0,(anonymous_4)
FNDA:0,(anonymous_5)
FNDA:0,(anonymous_6)
FNDA:0,(anonymous_7)
DA:1,3
DA:2,3
DA:3,3
DA:4,3
DA:5,3
DA:9,3
DA:14,1
DA:22,2
DA:28,2
DA:31,2
DA:32,2
DA:37,2
DA:38,2
DA:40,0
DA:41,0
DA:45,2
DA:46,2
DA:47,2
DA:48,2
DA:50,0
DA:51,0
DA:55,2
DA:56,2
DA:59,2
DA:60,1
DA:63,2
DA:64,2
DA:65,10
DA:67,2
DA:68,2
DA:70,0
DA:71,0
DA:74,2
DA:75,2
DA:84,0
DA:108,0
DA:115,0
DA:116,0
DA:119,0
DA:124,0
DA:126,0
DA:135,0
DA:145,0
DA:146,0
DA:147,0
DA:151,0
DA:158,0
DA:165,0
DA:166,0
DA:167,0
DA:168,0
DA:170,0
DA:177,0
DA:184,0
DA:185,0
DA:188,0
DA:189,0
DA:192,0
DA:194,0
DA:199,0
DA:206,0
DA:213,0
DA:214,0
DA:217,0
DA:219,0
DA:223,3
LF:66
LH:29
BRDA:37,0,0,2
BRDA:37,0,1,0
BRDA:38,1,0,2
BRDA:38,1,1,0
BRDA:47,2,0,2
BRDA:47,2,1,0
BRDA:48,3,0,0
BRDA:48,3,1,2
BRDA:59,4,0,1
BRDA:59,4,1,1
BRDA:64,5,0,2
BRDA:64,5,1,0
BRDA:67,6,0,2
BRDA:67,6,1,0
BRDA:68,7,0,0
BRDA:68,7,1,2
BRDA:74,8,0,0
BRDA:74,8,1,2
BRDA:76,9,0,0
BRDA:76,9,1,2
BRDA:85,10,0,0
BRDA:85,10,1,0
BRDA:124,11,0,0
BRDA:124,11,1,0
BRDA:127,12,0,0
BRDA:127,12,1,0
BRDA:152,13,0,0
BRDA:152,13,1,0
BRDA:154,14,0,0
BRDA:154,14,1,0
BRDA:188,15,0,0
BRDA:188,15,1,0
BRDA:217,16,0,0
BRDA:217,16,1,0
BRF:34
BRH:11
end_of_record
TN:
SF:src/controllers/metricsController.js
FN:4,(anonymous_0)
FN:52,(anonymous_1)
FN:63,(anonymous_2)
FN:96,(anonymous_3)
FN:102,(anonymous_4)
FN:114,(anonymous_5)
FN:127,(anonymous_6)
FN:135,(anonymous_7)
FN:145,(anonymous_8)
FN:157,(anonymous_9)
FNF:10
FNH:0
FNDA:0,(anonymous_0)
FNDA:0,(anonymous_1)
FNDA:0,(anonymous_2)
FNDA:0,(anonymous_3)
FNDA:0,(anonymous_4)
FNDA:0,(anonymous_5)
FNDA:0,(anonymous_6)
FNDA:0,(anonymous_7)
FNDA:0,(anonymous_8)
FNDA:0,(anonymous_9)
DA:1,3
DA:3,3
DA:5,0
DA:7,0
DA:10,0
DA:15,0
DA:21,0
DA:44,0
DA:45,0
DA:53,0
DA:54,0
DA:57,0
DA:62,0
DA:63,0
DA:64,0
DA:65,0
DA:67,0
DA:68,0
DA:71,0
DA:72,0
DA:73,0
DA:75,0
DA:79,0
DA:88,0
DA:89,0
DA:97,0
DA:98,0
DA:102,0
DA:110,0
DA:114,0
DA:119,0
DA:120,0
DA:128,0
DA:129,0
DA:134,0
DA:135,0
DA:136,0
DA:137,0
DA:138,0
DA:140,0
DA:144,0
DA:145,0
DA:146,0
DA:147,0
DA:148,0
DA:153,0
DA:156,0
DA:157,0
DA:160,0
DA:170,0
DA:171,0
DA:179,3
LF:52
LH:3
BRDA:31,0,0,0
BRDA:31,0,1,0
BRDA:35,1,0,0
BRDA:35,1,1,0
BRDA:38,2,0,0
BRDA:38,2,1,0
BRDA:39,3,0,0
BRDA:39,3,1,0
BRDA:67,4,0,0
BRDA:67,4,1,0
BRDA:72,5,0,0
BRDA:72,5,1,0
BRDA:105,6,0,0
BRDA:105,6,1,0
BRDA:106,7,0,0
BRDA:106,7,1,0
BRDA:113,8,0,0
BRDA:113,8,1,0
BRDA:114,9,0,0
BRDA:114,9,1,0
BRDA:115,10,0,0
BRDA:115,10,1,0
BRDA:137,11,0,0
BRDA:137,11,1,0
BRDA:147,12,0,0
BRDA:147,12,1,0
BRDA:163,13,0,0
BRDA:163,13,1,0
BRDA:166,14,0,0
BRDA:166,14,1,0
BRF:30
BRH:0
end_of_record
TN:
SF:src/controllers/organizationsController.js
FN:7,(anonymous_0)
FN:86,(anonymous_1)
FN:137,(anonymous_2)
FN:169,(anonymous_3)
FN:170,(anonymous_4)
FN:191,(anonymous_5)
FN:246,(anonymous_6)
FN:297,(anonymous_7)
FN:338,(anonymous_8)
FN:381,(anonymous_9)
FN:382,(anonymous_10)
FN:383,(anonymous_11)
FN:387,(anonymous_12)
FN:407,generateTimeline
FN:412,(anonymous_14)
FN:434,(anonymous_15)
FN:437,(anonymous_16)
FN:440,getWeekNumber
FNF:18
FNH:0
FNDA:0,(anonymous_0)
FNDA:0,(anonymous_1)
FNDA:0,(anonymous_2)
FNDA:0,(anonymous_3)
FNDA:0,(anonymous_4)
FNDA:0,(anonymous_5)
FNDA:0,(anonymous_6)
FNDA:0,(anonymous_7)
FNDA:0,(anonymous_8)
FNDA:0,(anonymous_9)
FNDA:0,(anonymous_10)
FNDA:0,(anonymous_11)
FNDA:0,(anonymous_12)
FNDA:0,generateTimeline
FNDA:0,(anonymous_14)
FNDA:0,(anonymous_15)
FNDA:0,(anonymous_16)
FNDA:0,getWeekNumber
DA:1,0
DA:2,0
DA:3,0
DA:5,0
DA:8,0
DA:18,0
DA:21,0
DA:22,0
DA:29,0
DA:32,0
DA:55,0
DA:58,0
DA:59,0
DA:68,0
DA:77,0
DA:78,0
DA:87,0
DA:93,0
DA:95,0
DA:97,0
DA:102,0
DA:103,0
DA:106,0
DA:107,0
DA:111,0
DA:115,0
DA:117,0
DA:128,0
DA:129,0
DA:138,0
DA:139,0
DA:141,0
DA:151,0
DA:152,0
DA:153,0
DA:158,0
DA:162,0
DA:167,0
DA:169,0
DA:170,0
DA:173,0
DA:182,0
DA:183,0
DA:192,0
DA:193,0
DA:194,0
DA:197,0
DA:198,0
DA:199,0
DA:202,0
DA:203,0
DA:205,0
DA:206,0
DA:212,0
DA:222,0
DA:223,0
DA:224,0
DA:229,0
DA:232,0
DA:237,0
DA:238,0
DA:247,0
DA:248,0
DA:251,0
DA:252,0
DA:259,0
DA:265,0
DA:266,0
DA:273,0
DA:281,0
DA:283,0
DA:288,0
DA:289,0
DA:298,0
DA:299,0
DA:302,0
DA:303,0
DA:309,0
DA:311,0
DA:321,0
DA:323,0
DA:329,0
DA:330,0
DA:339,0
DA:340,0
DA:341,0
DA:344,0
DA:345,0
DA:347,0
DA:349,0
DA:350,0
DA:352,0
DA:353,0
DA:355,0
DA:356,0
DA:358,0
DA:359,0
DA:363,0
DA:370,0
DA:377,0
DA:381,0
DA:382,0
DA:383,0
DA:387,0
DA:392,0
DA:397,0
DA:398,0
DA:408,0
DA:410,0
DA:412,0
DA:413,0
DA:416,0
DA:417,0
DA:418,0
DA:419,0
DA:421,0
DA:424,0
DA:425,0
DA:428,0
DA:429,0
DA:430,0
DA:434,0
DA:437,0
DA:441,0
DA:442,0
DA:443,0
DA:446,0
LF:127
LH:0
BRDA:21,0,0,0
BRDA:21,0,1,0
BRDA:21,1,0,0
BRDA:21,1,1,0
BRDA:55,2,0,0
BRDA:55,2,1,0
BRDA:58,3,0,0
BRDA:58,3,1,0
BRDA:89,4,0,0
BRDA:90,5,0,0
BRDA:102,6,0,0
BRDA:102,6,1,0
BRDA:106,7,0,0
BRDA:106,7,1,0
BRDA:115,8,0,0
BRDA:115,8,1,0
BRDA:151,9,0,0
BRDA:151,9,1,0
BRDA:152,10,0,0
BRDA:152,10,1,0
BRDA:168,11,0,0
BRDA:168,11,1,0
BRDA:169,12,0,0
BRDA:169,12,1,0
BRDA:170,13,0,0
BRDA:170,13,1,0
BRDA:205,14,0,0
BRDA:205,14,1,0
BRDA:205,15,0,0
BRDA:205,15,1,0
BRDA:222,16,0,0
BRDA:222,16,1,0
BRDA:223,17,0,0
BRDA:223,17,1,0
BRDA:251,18,0,0
BRDA:251,18,1,0
BRDA:265,19,0,0
BRDA:265,19,1,0
BRDA:265,20,0,0
BRDA:265,20,1,0
BRDA:281,21,0,0
BRDA:281,21,1,0
BRDA:302,22,0,0
BRDA:302,22,1,0
BRDA:302,23,0,0
BRDA:302,23,1,0
BRDA:321,24,0,0
BRDA:321,24,1,0
BRDA:341,25,0,0
BRDA:347,26,0,0
BRDA:347,26,1,0
BRDA:347,26,2,0
BRDA:347,26,3,0
BRDA:380,27,0,0
BRDA:380,27,1,0
BRDA:381,28,0,0
BRDA:381,28,1,0
BRDA:382,29,0,0
BRDA:382,29,1,0
BRDA:383,30,0,0
BRDA:383,30,1,0
BRDA:386,31,0,0
BRDA:386,31,1,0
BRDA:387,32,0,0
BRDA:387,32,1,0
BRDA:408,33,0,0
BRDA:408,33,1,0
BRDA:408,34,0,0
BRDA:408,34,1,0
BRDA:416,35,0,0
BRDA:416,35,1,0
BRDA:416,36,0,0
BRDA:416,36,1,0
BRDA:418,37,0,0
BRDA:418,37,1,0
BRDA:424,38,0,0
BRDA:424,38,1,0
BRDA:429,39,0,0
BRDA:429,39,1,0
BRF:79
BRH:0
end_of_record
TN:
SF:src/errors/AppError.js
FN:2,(anonymous_0)
FNF:1
FNH:1
FNDA:2,(anonymous_0)
DA:3,2
DA:4,2
DA:5,2
DA:6,2
DA:7,2
DA:9,2
DA:13,3
LF:7
LH:7
BRDA:2,0,0,0
BRDA:2,1,0,2
BRF:2
BRH:1
end_of_record
TN:
SF:src/errors/AuthenticationError.js
FN:4,(anonymous_0)
FNF:1
FNH:1
FNDA:2,(anonymous_0)
DA:1,3
DA:5,2
DA:9,3
LF:3
LH:3
BRDA:4,0,0,0
BRF:1
BRH:0
end_of_record
TN:
SF:src/errors/AuthorizationError.js
FN:4,(anonymous_0)
FNF:1
FNH:0
FNDA:0,(anonymous_0)
DA:1,3
DA:5,0
DA:9,3
LF:3
LH:2
BRDA:4,0,0,0
BRF:1
BRH:0
end_of_record
TN:
SF:src/errors/BlockchainError.js
FN:4,(anonymous_0)
FNF:1
FNH:0
FNDA:0,(anonymous_0)
DA:1,3
DA:5,0
DA:9,3
LF:3
LH:2
BRDA:4,0,0,0
BRF:1
BRH:0
end_of_record
TN:
SF:src/errors/NotFoundError.js
FN:4,(anonymous_0)
FNF:1
FNH:0
FNDA:0,(anonymous_0)
DA:1,3
DA:5,0
DA:9,3
LF:3
LH:2
BRDA:4,0,0,0
BRF:1
BRH:0
end_of_record
TN:
SF:src/errors/ValidationError.js
FN:4,(anonymous_0)
FNF:1
FNH:0
FNDA:0,(anonymous_0)
DA:1,3
DA:5,0
DA:9,3
LF:3
LH:2
BRF:0
BRH:0
end_of_record
TN:
SF:src/errors/index.js
FNF:0
FNH:0
DA:1,3
LF:1
LH:1
BRF:0
BRH:0
end_of_record
TN:
SF:src/middleware/auth.js
FN:6,(anonymous_0)
FN:82,(anonymous_1)
FN:83,(anonymous_2)
FN:106,(anonymous_3)
FNF:4
FNH:1
FNDA:3,(anonymous_0)
FNDA:0,(anonymous_1)
FNDA:0,(anonymous_2)
FNDA:0,(anonymous_3)
DA:1,3
DA:2,3
DA:3,3
DA:4,3
DA:6,3
DA:7,3
DA:9,3
DA:11,3
DA:12,2
DA:18,1
DA:21,1
DA:22,1
DA:23,0
DA:24,0
DA:32,1
DA:33,1
DA:35,0
DA:36,0
DA:41,0
DA:42,0
DA:48,0
DA:52,1
DA:53,0
DA:61,1
DA:69,1
DA:71,1
DA:73,0
DA:74,0
DA:82,3
DA:83,0
DA:84,0
DA:85,0
DA:91,0
DA:92,0
DA:93,0
DA:101,0
DA:106,3
DA:107,0
DA:108,0
DA:113,0
DA:116,3
LF:41
LH:21
BRDA:11,0,0,2
BRDA:11,0,1,1
BRDA:11,1,0,3
BRDA:11,1,1,1
BRDA:22,2,0,0
BRDA:22,2,1,1
BRDA:35,3,0,0
BRDA:35,3,1,0
BRDA:41,4,0,0
BRDA:41,4,1,0
BRDA:52,5,0,0
BRDA:52,5,1,1
BRDA:84,6,0,0
BRDA:84,6,1,0
BRDA:91,7,0,0
BRDA:91,7,1,0
BRDA:107,8,0,0
BRDA:107,8,1,0
BRF:18
BRH:6
end_of_record
TN:
SF:src/middleware/authMiddleware.js
FN:4,(anonymous_0)
FNF:1
FNH:0
FNDA:0,(anonymous_0)
DA:1,3
DA:2,3
DA:4,3
DA:5,0
DA:7,0
DA:9,0
DA:10,0
DA:20,0
DA:21,0
DA:22,0
DA:24,0
DA:26,0
DA:28,0
DA:29,0
DA:38,0
DA:48,3
LF:16
LH:4
BRDA:9,0,0,0
BRDA:9,0,1,0
BRDA:28,1,0,0
BRDA:28,1,1,0
BRF:4
BRH:0
end_of_record
TN:
SF:src/middleware/cache.js
FN:8,(anonymous_0)
FN:9,(anonymous_1)
FN:38,(anonymous_2)
FN:45,(anonymous_3)
FN:59,parseDuration
FNF:5
FNH:0
FNDA:0,(anonymous_0)
FNDA:0,(anonymous_1)
FNDA:0,(anonymous_2)
FNDA:0,(anonymous_3)
FNDA:0,parseDuration
DA:1,3
DA:2,3
DA:8,3
DA:9,0
DA:11,0
DA:12,0
DA:16,0
DA:19,0
DA:21,0
DA:23,0
DA:25,0
DA:26,0
DA:27,0
DA:28,0
DA:29,0
DA:32,0
DA:37,0
DA:38,0
DA:39,0
DA:40,0
DA:43,0
DA:44,0
DA:45,0
DA:49,0
DA:52,0
DA:60,0
DA:71,0
DA:73,0
DA:74,0
DA:75,0
DA:76,0
DA:80,0
DA:83,3
LF:33
LH:4
BRDA:8,0,0,0
BRDA:11,1,0,0
BRDA:11,1,1,0
BRDA:19,2,0,0
BRDA:19,2,1,0
BRDA:25,3,0,0
BRDA:25,3,1,0
BRDA:43,4,0,0
BRDA:43,4,1,0
BRDA:43,5,0,0
BRDA:43,5,1,0
BRDA:73,6,0,0
BRDA:73,6,1,0
BRF:13
BRH:0
end_of_record
TN:
SF:src/middleware/circuitBreaker.js
FN:19,(anonymous_0)
FN:30,(anonymous_1)
FN:34,(anonymous_2)
FN:38,(anonymous_3)
FN:42,(anonymous_4)
FN:46,(anonymous_5)
FN:50,(anonymous_6)
FN:63,(anonymous_7)
FN:74,(anonymous_8)
FN:85,(anonymous_9)
FN:96,(anonymous_10)
FN:99,(anonymous_11)
FN:116,(anonymous_12)
FN:128,(anonymous_13)
FN:129,(anonymous_14)
FN:135,(anonymous_15)
FN:136,(anonymous_16)
FN:137,(anonymous_17)
FN:138,(anonymous_18)
FN:142,(anonymous_19)
FN:147,(anonymous_20)
FN:153,(anonymous_21)
FN:158,(anonymous_22)
FNF:23
FNH:0
FNDA:0,(anonymous_0)
FNDA:0,(anonymous_1)
FNDA:0,(anonymous_2)
FNDA:0,(anonymous_3)
FNDA:0,(anonymous_4)
FNDA:0,(anonymous_5)
FNDA:0,(anonymous_6)
FNDA:0,(anonymous_7)
FNDA:0,(anonymous_8)
FNDA:0,(anonymous_9)
FNDA:0,(anonymous_10)
FNDA:0,(anonymous_11)
FNDA:0,(anonymous_12)
FNDA:0,(anonymous_13)
FNDA:0,(anonymous_14)
FNDA:0,(anonymous_15)
FNDA:0,(anonymous_16)
FNDA:0,(anonymous_17)
FNDA:0,(anonymous_18)
FNDA:0,(anonymous_19)
FNDA:0,(anonymous_20)
FNDA:0,(anonymous_21)
FNDA:0,(anonymous_22)
DA:1,3
DA:2,3
DA:5,3
DA:7,3
DA:20,0
DA:21,0
DA:27,0
DA:30,0
DA:31,0
DA:34,0
DA:35,0
DA:38,0
DA:39,0
DA:42,0
DA:43,0
DA:46,0
DA:47,0
DA:50,0
DA:51,0
DA:54,0
DA:57,0
DA:64,0
DA:75,0
DA:86,0
DA:97,0
DA:99,0
DA:100,0
DA:110,0
DA:117,0
DA:118,0
DA:119,0
DA:120,0
DA:122,0
DA:129,0
DA:136,0
DA:137,0
DA:138,0
DA:139,0
DA:140,0
DA:142,0
DA:143,0
DA:144,0
DA:147,0
DA:148,0
DA:149,0
DA:153,0
DA:154,0
DA:158,0
DA:160,0
DA:164,0
DA:165,0
DA:167,0
DA:170,0
DA:171,0
DA:175,0
DA:188,3
LF:56
LH:5
BRDA:19,0,0,0
BRDA:20,1,0,0
BRDA:20,1,1,0
BRDA:118,2,0,0
BRDA:118,2,1,0
BRDA:135,3,0,0
BRDA:155,4,0,0
BRDA:155,4,1,0
BRDA:170,5,0,0
BRDA:170,5,1,0
BRF:10
BRH:0
end_of_record
TN:
SF:src/middleware/correlationId.js
FN:8,correlationIdMiddleware
FN:20,(anonymous_1)
FN:23,(anonymous_2)
FN:26,(anonymous_3)
FN:29,(anonymous_4)
FN:44,(anonymous_5)
FNF:6
FNH:3
FNDA:23,correlationIdMiddleware
FNDA:46,(anonymous_1)
FNDA:0,(anonymous_2)
FNDA:0,(anonymous_3)
FNDA:0,(anonymous_4)
FNDA:23,(anonymous_5)
DA:1,3
DA:2,3
DA:10,23
DA:15,23
DA:16,23
DA:19,23
DA:21,46
DA:24,0
DA:27,0
DA:30,0
DA:35,23
DA:43,23
DA:44,23
DA:46,23
DA:51,23
DA:55,23
DA:57,23
DA:60,3
LF:18
LH:15
BRDA:10,0,0,23
BRDA:10,0,1,23
BRDA:10,0,2,23
BRDA:20,1,0,0
BRDA:23,2,0,0
BRDA:26,3,0,0
BRDA:29,4,0,0
BRF:7
BRH:3
end_of_record
TN:
SF:src/middleware/errorHandler.js
FN:5,(anonymous_0)
FN:83,(anonymous_1)
FNF:2
FNH:2
FNDA:2,(anonymous_0)
FNDA:3,(anonymous_1)
DA:1,3
DA:2,3
DA:3,3
DA:5,3
DA:6,2
DA:7,2
DA:10,2
DA:13,2
DA:23,2
DA:26,2
DA:45,2
DA:47,0
DA:50,2
DA:52,0
DA:56,2
DA:57,0
DA:60,2
DA:61,0
DA:65,2
DA:67,2
DA:83,3
DA:84,3
DA:94,3
LF:23
LH:19
BRDA:45,0,0,0
BRDA:45,0,1,2
BRDA:50,1,0,0
BRDA:50,1,1,2
BRDA:56,2,0,0
BRDA:56,2,1,2
BRDA:60,3,0,0
BRDA:60,3,1,2
BRDA:67,4,0,2
BRDA:67,4,1,0
BRDA:71,5,0,2
BRDA:71,5,1,0
BRDA:72,6,0,2
BRDA:72,6,1,0
BRDA:73,7,0,2
BRDA:73,7,1,2
BRDA:74,8,0,0
BRDA:74,8,1,2
BRDA:75,9,0,0
BRDA:75,9,1,2
BRDA:76,10,0,2
BRDA:76,10,1,0
BRDA:78,11,0,2
BRDA:78,11,1,0
BRF:24
BRH:13
end_of_record
TN:
SF:src/middleware/idempotency.js
FN:6,(anonymous_0)
FN:84,(anonymous_1)
FN:127,(anonymous_2)
FN:131,(anonymous_3)
FN:142,(anonymous_4)
FN:143,(anonymous_5)
FN:163,(anonymous_6)
FN:168,(anonymous_7)
FN:179,(anonymous_8)
FN:190,(anonymous_9)
FN:194,(anonymous_10)
FN:210,(anonymous_11)
FN:219,(anonymous_12)
FNF:13
FNH:0
FNDA:0,(anonymous_0)
FNDA:0,(anonymous_1)
FNDA:0,(anonymous_2)
FNDA:0,(anonymous_3)
FNDA:0,(anonymous_4)
FNDA:0,(anonymous_5)
FNDA:0,(anonymous_6)
FNDA:0,(anonymous_7)
FNDA:0,(anonymous_8)
FNDA:0,(anonymous_9)
FNDA:0,(anonymous_10)
FNDA:0,(anonymous_11)
FNDA:0,(anonymous_12)
DA:1,3
DA:2,3
DA:3,3
DA:8,0
DA:9,0
DA:12,0
DA:14,0
DA:15,0
DA:16,0
DA:20,0
DA:21,0
DA:30,0
DA:31,0
DA:32,0
DA:33,0
DA:35,0
DA:36,0
DA:38,0
DA:39,0
DA:41,0
DA:42,0
DA:44,0
DA:45,0
DA:46,0
DA:47,0
DA:50,0
DA:51,0
DA:62,0
DA:63,0
DA:64,0
DA:65,0
DA:67,0
DA:70,0
DA:79,0
DA:81,0
DA:83,0
DA:84,0
DA:85,0
DA:86,0
DA:88,0
DA:89,0
DA:91,0
DA:103,0
DA:105,0
DA:106,0
DA:109,0
DA:112,0
DA:113,0
DA:115,0
DA:118,0
DA:121,0
DA:122,0
DA:123,0
DA:128,0
DA:132,0
DA:133,0
DA:134,0
DA:137,0
DA:142,0
DA:143,0
DA:144,0
DA:145,0
DA:146,0
DA:147,0
DA:148,0
DA:149,0
DA:150,0
DA:152,0
DA:153,0
DA:157,0
DA:163,0
DA:164,0
DA:165,0
DA:168,0
DA:169,0
DA:170,0
DA:174,0
DA:175,0
DA:180,0
DA:181,0
DA:182,0
DA:185,0
DA:190,0
DA:191,0
DA:192,0
DA:194,0
DA:195,0
DA:196,0
DA:197,0
DA:198,0
DA:199,0
DA:200,0
DA:201,0
DA:202,0
DA:210,0
DA:211,0
DA:219,0
DA:220,0
DA:230,0
DA:231,0
DA:242,3
LF:101
LH:4
BRDA:8,0,0,0
BRDA:8,0,1,0
BRDA:14,1,0,0
BRDA:14,1,1,0
BRDA:20,2,0,0
BRDA:20,2,1,0
BRDA:30,3,0,0
BRDA:30,3,1,0
BRDA:32,4,0,0
BRDA:32,4,1,0
BRDA:38,5,0,0
BRDA:38,5,1,0
BRDA:41,6,0,0
BRDA:41,6,1,0
BRDA:44,7,0,0
BRDA:44,7,1,0
BRDA:88,8,0,0
BRDA:88,8,1,0
BRDA:89,9,0,0
BRDA:89,9,1,0
BRDA:144,10,0,0
BRDA:144,10,1,0
BRDA:148,11,0,0
BRDA:148,11,1,0
BRDA:150,12,0,0
BRDA:150,12,1,0
BRDA:150,13,0,0
BRDA:150,13,1,0
BRDA:199,14,0,0
BRDA:199,14,1,0
BRDA:201,15,0,0
BRDA:201,15,1,0
BRDA:202,16,0,0
BRDA:202,16,1,0
BRF:34
BRH:0
end_of_record
TN:
SF:src/middleware/metrics.js
FN:3,metricsMiddleware
FN:9,(anonymous_1)
FNF:2
FNH:2
FNDA:23,metricsMiddleware
FNDA:23,(anonymous_1)
DA:1,3
DA:4,23
DA:5,23
DA:8,23
DA:9,23
DA:11,23
DA:14,23
DA:15,23
DA:21,23
DA:29,23
DA:32,23
DA:35,3
LF:12
LH:12
BRDA:14,0,0,20
BRDA:14,0,1,3
BRF:2
BRH:2
end_of_record
TN:
SF:src/middleware/rateLimiter.js
FN:10,(anonymous_0)
FN:28,(anonymous_1)
FN:44,(anonymous_2)
FN:59,(anonymous_3)
FNF:4
FNH:0
FNDA:0,(anonymous_0)
FNDA:0,(anonymous_1)
FNDA:0,(anonymous_2)
FNDA:0,(anonymous_3)
DA:1,3
DA:4,3
DA:11,0
DA:23,3
DA:29,0
DA:40,3
DA:45,0
DA:56,3
DA:60,0
DA:70,3
LF:10
LH:6
BRF:0
BRH:0
end_of_record
TN:
SF:src/middleware/responseFormatter.js
FN:8,(anonymous_0)
FN:34,(anonymous_1)
FN:63,(anonymous_2)
FN:70,(anonymous_3)
FN:77,(anonymous_4)
FN:90,(anonymous_5)
FN:102,(anonymous_6)
FN:114,(anonymous_7)
FN:126,(anonymous_8)
FN:127,(anonymous_9)
FN:137,(anonymous_10)
FN:138,(anonymous_11)
FNF:12
FNH:3
FNDA:4,(anonymous_0)
FNDA:0,(anonymous_1)
FNDA:0,(anonymous_2)
FNDA:0,(anonymous_3)
FNDA:0,(anonymous_4)
FNDA:0,(anonymous_5)
FNDA:0,(anonymous_6)
FNDA:0,(anonymous_7)
FNDA:3,(anonymous_8)
FNDA:23,(anonymous_9)
FNDA:0,(anonymous_10)
FNDA:0,(anonymous_11)
DA:1,3
DA:2,3
DA:9,4
DA:15,4
DA:16,4
DA:19,4
DA:20,0
DA:24,4
DA:25,0
DA:28,4
DA:35,0
DA:46,0
DA:47,0
DA:51,0
DA:57,0
DA:64,0
DA:71,0
DA:78,0
DA:91,0
DA:103,0
DA:115,0
DA:127,3
DA:128,23
DA:129,23
DA:130,23
DA:138,0
DA:139,0
DA:144,3
LF:28
LH:13
BRDA:8,0,0,0
BRDA:8,1,0,0
BRDA:8,2,0,4
BRDA:12,3,0,4
BRDA:12,3,1,0
BRDA:15,4,0,4
BRDA:15,4,1,0
BRDA:16,5,0,3
BRDA:16,5,1,1
BRDA:19,6,0,0
BRDA:19,6,1,4
BRDA:24,7,0,0
BRDA:24,7,1,4
BRDA:34,8,0,0
BRDA:34,9,0,0
BRDA:34,10,0,0
BRDA:38,11,0,0
BRDA:38,11,1,0
BRDA:46,12,0,0
BRDA:46,12,1,0
BRDA:63,13,0,0
BRDA:90,14,0,0
BRDA:102,15,0,0
BRDA:114,16,0,0
BRDA:128,17,0,23
BRDA:128,17,1,23
BRF:26
BRH:9
end_of_record
TN:
SF:src/middleware/sanitizer.js
FN:9,(anonymous_0)
FN:10,(anonymous_1)
FN:48,(anonymous_2)
FN:49,(anonymous_3)
FN:58,(anonymous_4)
FN:59,(anonymous_5)
FNF:6
FNH:0
FNDA:0,(anonymous_0)
FNDA:0,(anonymous_1)
FNDA:0,(anonymous_2)
FNDA:0,(anonymous_3)
FNDA:0,(anonymous_4)
FNDA:0,(anonymous_5)
DA:2,3
DA:3,3
DA:10,0
DA:11,0
DA:13,0
DA:14,0
DA:15,0
DA:16,0
DA:17,0
DA:21,0
DA:22,0
DA:23,0
DA:24,0
DA:25,0
DA:29,0
DA:30,0
DA:31,0
DA:32,0
DA:33,0
DA:37,0
DA:39,0
DA:40,0
DA:49,0
DA:51,0
DA:59,0
DA:60,0
DA:65,3
LF:27
LH:3
BRDA:13,0,0,0
BRDA:13,0,1,0
BRDA:16,1,0,0
BRDA:16,1,1,0
BRDA:21,2,0,0
BRDA:21,2,1,0
BRDA:24,3,0,0
BRDA:24,3,1,0
BRDA:29,4,0,0
BRDA:29,4,1,0
BRDA:32,5,0,0
BRDA:32,5,1,0
BRF:12
BRH:0
end_of_record
TN:
SF:src/middleware/validation.js
FN:3,(anonymous_0)
FNF:1
FNH:0
FNDA:0,(anonymous_0)
DA:1,0
DA:3,0
DA:4,0
DA:10,0
DA:11,0
DA:12,0
DA:15,0
LF:7
LH:0
BRDA:11,0,0,0
BRDA:11,0,1,0
BRF:2
BRH:0
end_of_record
TN:
SF:src/middleware/validation/validator.js
FN:8,(anonymous_0)
FN:9,(anonymous_1)
FN:25,(anonymous_2)
FN:48,(anonymous_3)
FN:49,(anonymous_4)
FN:62,(anonymous_5)
FN:85,(anonymous_6)
FN:86,(anonymous_7)
FN:102,(anonymous_8)
FN:117,(anonymous_9)
FN:130,(anonymous_10)
FN:147,(anonymous_11)
FN:148,(anonymous_12)
FN:160,(anonymous_13)
FN:161,(anonymous_14)
FN:181,(anonymous_15)
FN:182,(anonymous_16)
FNF:17
FNH:8
FNDA:36,(anonymous_0)
FNDA:9,(anonymous_1)
FNDA:9,(anonymous_2)
FNDA:3,(anonymous_3)
FNDA:0,(anonymous_4)
FNDA:0,(anonymous_5)
FNDA:0,(anonymous_6)
FNDA:0,(anonymous_7)
FNDA:0,(anonymous_8)
FNDA:18,(anonymous_9)
FNDA:0,(anonymous_10)
FNDA:9,(anonymous_11)
FNDA:19,(anonymous_12)
FNDA:3,(anonymous_13)
FNDA:0,(anonymous_14)
FNDA:0,(anonymous_15)
FNDA:0,(anonymous_16)
DA:2,3
DA:9,36
DA:10,9
DA:12,9
DA:15,9
DA:21,5
DA:22,5
DA:24,4
DA:25,9
DA:31,4
DA:40,0
DA:49,3
DA:50,0
DA:51,0
DA:58,0
DA:59,0
DA:61,0
DA:62,0
DA:68,0
DA:77,0
DA:86,0
DA:87,0
DA:88,0
DA:93,0
DA:94,0
DA:96,0
DA:97,0
DA:102,0
DA:109,0
DA:118,18
DA:120,18
DA:122,18
DA:123,38
DA:124,38
DA:126,38
DA:128,36
DA:129,2
DA:130,0
DA:131,0
DA:133,2
DA:134,0
DA:136,2
DA:141,18
DA:148,9
DA:150,19
DA:151,9
DA:153,19
DA:161,3
DA:162,0
DA:164,0
DA:165,0
DA:174,0
DA:182,0
DA:183,0
DA:184,0
DA:186,0
DA:187,0
DA:196,0
DA:201,3
LF:59
LH:28
BRDA:24,0,0,4
BRDA:24,0,1,0
BRDA:61,1,0,0
BRDA:61,1,1,0
BRDA:96,2,0,0
BRDA:96,2,1,0
BRDA:118,3,0,0
BRDA:118,3,1,18
BRDA:118,4,0,18
BRDA:118,4,1,18
BRDA:123,5,0,38
BRDA:123,5,1,0
BRDA:126,6,0,36
BRDA:126,6,1,2
BRDA:129,7,0,0
BRDA:129,7,1,2
BRDA:131,8,0,0
BRDA:131,8,1,0
BRDA:133,9,0,0
BRDA:133,9,1,2
BRDA:133,10,0,2
BRDA:133,10,1,0
BRDA:150,11,0,9
BRDA:150,11,1,10
BRDA:164,12,0,0
BRDA:164,12,1,0
BRDA:164,13,0,0
BRDA:164,13,1,0
BRDA:186,14,0,0
BRDA:186,14,1,0
BRF:30
BRH:12
end_of_record
TN:
SF:src/middleware/validation/schemas/auth.schema.js
FNF:0
FNH:0
DA:1,3
DA:3,3
DA:105,3
LF:3
LH:3
BRF:0
BRH:0
end_of_record
TN:
SF:src/middleware/validation/schemas/certificates.schema.js
FNF:0
FNH:0
DA:1,3
DA:3,3
DA:213,3
LF:3
LH:3
BRF:0
BRH:0
end_of_record
TN:
SF:src/models/schemas.js
FNF:0
FNH:0
DA:2,0
DA:12,0
DA:19,0
LF:3
LH:0
BRF:0
BRH:0
end_of_record
TN:
SF:src/queues/queueConfig.js
FN:6,(anonymous_0)
FN:12,(anonymous_1)
FN:24,(anonymous_2)
FN:32,(anonymous_3)
FN:147,(anonymous_4)
FN:148,(anonymous_5)
FN:152,(anonymous_6)
FN:156,(anonymous_7)
FN:163,(anonymous_8)
FN:170,(anonymous_9)
FN:178,(anonymous_10)
FN:182,(anonymous_11)
FN:187,(anonymous_12)
FN:202,(anonymous_13)
FN:238,(anonymous_14)
FN:294,(anonymous_15)
FN:301,(anonymous_16)
FN:315,(anonymous_17)
FN:343,(anonymous_18)
FN:367,(anonymous_19)
FN:379,(anonymous_20)
FN:405,(anonymous_21)
FN:426,(anonymous_22)
FN:433,(anonymous_23)
FN:440,(anonymous_24)
FN:458,(anonymous_25)
FN:491,(anonymous_26)
FN:498,(anonymous_27)
FN:507,(anonymous_28)
FNF:29
FNH:11
FNDA:3,(anonymous_0)
FNDA:1,(anonymous_1)
FNDA:0,(anonymous_2)
FNDA:1,(anonymous_3)
FNDA:5,(anonymous_4)
FNDA:0,(anonymous_5)
FNDA:0,(anonymous_6)
FNDA:0,(anonymous_7)
FNDA:0,(anonymous_8)
FNDA:0,(anonymous_9)
FNDA:0,(anonymous_10)
FNDA:0,(anonymous_11)
FNDA:10,(anonymous_12)
FNDA:0,(anonymous_13)
FNDA:10,(anonymous_14)
FNDA:10,(anonymous_15)
FNDA:10,(anonymous_16)
FNDA:2,(anonymous_17)
FNDA:0,(anonymous_18)
FNDA:0,(anonymous_19)
FNDA:0,(anonymous_20)
FNDA:0,(anonymous_21)
FNDA:0,(anonymous_22)
FNDA:0,(anonymous_23)
FNDA:1,(anonymous_24)
FNDA:0,(anonymous_25)
FNDA:0,(anonymous_26)
FNDA:0,(anonymous_27)
FNDA:5,(anonymous_28)
DA:2,3
DA:3,3
DA:7,3
DA:8,3
DA:9,3
DA:14,1
DA:15,0
DA:16,0
DA:20,1
DA:25,0
DA:26,0
DA:27,0
DA:33,1
DA:34,0
DA:35,0
DA:38,1
DA:40,1
DA:43,1
DA:114,1
DA:115,5
DA:116,5
DA:118,5
DA:121,5
DA:124,5
DA:126,5
DA:127,5
DA:130,0
DA:135,1
DA:136,1
DA:138,1
DA:139,1
DA:140,1
DA:141,1
DA:143,0
DA:148,5
DA:149,0
DA:152,5
DA:153,0
DA:156,5
DA:157,0
DA:163,5
DA:164,0
DA:170,5
DA:171,0
DA:178,5
DA:179,0
DA:182,5
DA:183,0
DA:188,10
DA:189,0
DA:192,10
DA:193,0
DA:194,0
DA:199,10
DA:203,0
DA:204,0
DA:207,0
DA:215,0
DA:220,0
DA:225,0
DA:233,0
DA:234,0
DA:239,10
DA:240,10
DA:249,10
DA:258,10
DA:259,10
DA:260,10
DA:264,10
DA:285,0
DA:286,0
DA:295,10
DA:296,0
DA:297,0
DA:298,0
DA:302,10
DA:303,10
DA:306,0
DA:308,0
DA:309,0
DA:310,0
DA:312,0
DA:316,2
DA:317,0
DA:320,2
DA:321,2
DA:323,2
DA:324,10
DA:325,10
DA:328,10
DA:329,0
DA:330,10
DA:331,0
DA:335,2
DA:344,0
DA:347,0
DA:349,0
DA:350,0
DA:352,0
DA:353,0
DA:355,0
DA:356,0
DA:358,0
DA:359,0
DA:361,0
DA:362,0
DA:364,0
DA:367,0
DA:380,0
DA:381,0
DA:383,0
DA:389,0
DA:390,0
DA:391,0
DA:392,0
DA:394,0
DA:401,0
DA:402,0
DA:406,0
DA:408,0
DA:409,0
DA:410,0
DA:413,0
DA:414,0
DA:415,0
DA:416,0
DA:417,0
DA:419,0
DA:420,0
DA:423,0
DA:427,0
DA:428,0
DA:429,0
DA:430,0
DA:434,0
DA:435,0
DA:436,0
DA:437,0
DA:441,1
DA:443,1
DA:444,5
DA:445,5
DA:446,5
DA:448,0
DA:452,1
DA:453,1
DA:454,1
DA:455,1
DA:459,0
DA:465,0
DA:466,0
DA:467,0
DA:470,0
DA:472,0
DA:473,0
DA:474,0
DA:475,0
DA:477,0
DA:478,0
DA:482,0
DA:483,0
DA:488,3
DA:491,3
DA:492,0
DA:493,0
DA:494,0
DA:498,3
DA:499,0
DA:500,0
DA:501,0
DA:506,3
DA:508,5
DA:509,3
DA:511,5
LF:174
LH:70
BRDA:14,0,0,0
BRDA:14,0,1,1
BRDA:21,1,0,1
BRDA:21,1,1,1
BRDA:22,2,0,1
BRDA:22,2,1,1
BRDA:23,3,0,1
BRDA:23,3,1,1
BRDA:33,4,0,0
BRDA:33,4,1,1
BRDA:138,5,0,1
BRDA:138,5,1,0
BRDA:166,6,0,0
BRDA:166,6,1,0
BRDA:188,7,0,0
BRDA:188,7,1,10
BRDA:192,8,0,0
BRDA:192,8,1,10
BRDA:195,9,0,0
BRDA:195,9,1,0
BRDA:202,10,0,0
BRDA:260,11,0,0
BRDA:260,11,1,10
BRDA:266,12,0,0
BRDA:266,12,1,10
BRDA:278,13,0,0
BRDA:278,13,1,10
BRDA:295,14,0,10
BRDA:295,14,1,0
BRDA:297,15,0,0
BRDA:297,15,1,0
BRDA:302,16,0,10
BRDA:302,16,1,0
BRDA:302,17,0,10
BRDA:302,17,1,10
BRDA:303,18,0,0
BRDA:303,18,1,10
BRDA:308,19,0,0
BRDA:308,19,1,0
BRDA:309,20,0,0
BRDA:309,20,1,0
BRDA:310,21,0,0
BRDA:310,21,1,0
BRDA:316,22,0,0
BRDA:316,22,1,2
BRDA:328,23,0,0
BRDA:328,23,1,10
BRDA:328,24,0,10
BRDA:328,24,1,10
BRDA:330,25,0,0
BRDA:330,25,1,10
BRDA:330,26,0,10
BRDA:330,26,1,0
BRDA:343,27,0,0
BRDA:343,28,0,0
BRDA:343,29,0,0
BRDA:347,30,0,0
BRDA:347,30,1,0
BRDA:347,30,2,0
BRDA:347,30,3,0
BRDA:347,30,4,0
BRDA:347,30,5,0
BRDA:374,31,0,0
BRDA:374,31,1,0
BRDA:375,32,0,0
BRDA:375,32,1,0
BRDA:379,33,0,0
BRDA:405,34,0,0
BRDA:409,35,0,0
BRDA:409,35,1,0
BRDA:413,36,0,0
BRDA:413,36,1,0
BRDA:465,37,0,0
BRDA:465,37,1,0
BRDA:482,38,0,0
BRDA:482,38,1,0
BRDA:492,39,0,0
BRDA:492,39,1,0
BRDA:499,40,0,0
BRDA:499,40,1,0
BRDA:508,41,0,3
BRDA:508,41,1,2
BRF:82
BRH:27
end_of_record
TN:
SF:src/services/cacheService.js
FN:6,(anonymous_0)
FN:19,(anonymous_1)
FN:38,(anonymous_2)
FN:54,(anonymous_3)
FN:65,(anonymous_4)
FN:79,(anonymous_5)
FN:94,(anonymous_6)
FN:99,(anonymous_7)
FN:104,(anonymous_8)
FN:109,(anonymous_9)
FN:114,(anonymous_10)
FN:119,(anonymous_11)
FN:125,(anonymous_12)
FN:130,(anonymous_13)
FN:136,(anonymous_14)
FN:141,(anonymous_15)
FN:147,(anonymous_16)
FN:161,(anonymous_17)
FN:191,(anonymous_18)
FN:191,(anonymous_19)
FN:192,(anonymous_20)
FN:209,(anonymous_21)
FN:231,(anonymous_22)
FNF:23
FNH:3
FNDA:3,(anonymous_0)
FNDA:4,(anonymous_1)
FNDA:0,(anonymous_2)
FNDA:0,(anonymous_3)
FNDA:0,(anonymous_4)
FNDA:0,(anonymous_5)
FNDA:4,(anonymous_6)
FNDA:0,(anonymous_7)
FNDA:0,(anonymous_8)
FNDA:0,(anonymous_9)
FNDA:0,(anonymous_10)
FNDA:0,(anonymous_11)
FNDA:0,(anonymous_12)
FNDA:0,(anonymous_13)
FNDA:0,(anonymous_14)
FNDA:0,(anonymous_15)
FNDA:0,(anonymous_16)
FNDA:0,(anonymous_17)
FNDA:0,(anonymous_18)
FNDA:0,(anonymous_19)
FNDA:0,(anonymous_20)
FNDA:0,(anonymous_21)
FNDA:0,(anonymous_22)
DA:2,3
DA:3,3
DA:7,3
DA:8,3
DA:9,3
DA:20,4
DA:21,4
DA:22,4
DA:24,4
DA:25,3
DA:26,3
DA:27,3
DA:30,1
DA:31,1
DA:33,0
DA:34,0
DA:39,0
DA:40,0
DA:41,0
DA:46,0
DA:47,0
DA:49,0
DA:50,0
DA:55,0
DA:56,0
DA:57,0
DA:58,0
DA:60,0
DA:61,0
DA:66,0
DA:67,0
DA:68,0
DA:69,0
DA:70,0
DA:72,0
DA:74,0
DA:75,0
DA:80,0
DA:81,0
DA:82,0
DA:83,0
DA:84,0
DA:86,0
DA:88,0
DA:89,0
DA:95,4
DA:96,4
DA:100,0
DA:101,0
DA:105,0
DA:106,0
DA:110,0
DA:115,0
DA:116,0
DA:120,0
DA:121,0
DA:126,0
DA:127,0
DA:131,0
DA:132,0
DA:137,0
DA:138,0
DA:142,0
DA:143,0
DA:148,0
DA:149,0
DA:154,0
DA:156,0
DA:162,0
DA:163,0
DA:164,0
DA:170,0
DA:171,0
DA:172,0
DA:173,0
DA:177,0
DA:178,0
DA:179,0
DA:180,0
DA:183,0
DA:185,0
DA:186,0
DA:191,0
DA:192,0
DA:194,0
DA:195,0
DA:198,0
DA:199,0
DA:201,0
DA:202,0
DA:203,0
DA:204,0
DA:208,0
DA:209,0
DA:210,0
DA:211,0
DA:214,0
DA:215,0
DA:218,0
DA:221,0
DA:227,3
DA:230,3
DA:231,0
DA:232,0
DA:236,3
LF:105
LH:19
BRDA:24,0,0,3
BRDA:24,0,1,1
BRDA:38,1,0,0
BRDA:68,2,0,0
BRDA:68,2,1,0
BRDA:82,3,0,0
BRDA:82,3,1,0
BRDA:125,4,0,0
BRDA:179,5,0,0
BRDA:179,5,1,0
BRDA:191,6,0,0
BRDA:191,7,0,0
BRDA:194,8,0,0
BRDA:194,8,1,0
BRDA:201,9,0,0
BRDA:201,9,1,0
BRDA:214,10,0,0
BRDA:214,10,1,0
BRDA:214,11,0,0
BRDA:214,11,1,0
BRDA:230,12,0,0
BRDA:230,12,1,3
BRF:22
BRH:3
end_of_record
TN:
SF:src/services/errorTracker.js
FN:22,(anonymous_0)
FN:31,(anonymous_1)
FN:70,(anonymous_2)
FN:83,(anonymous_3)
FN:99,(anonymous_4)
FN:174,(anonymous_5)
FN:194,(anonymous_6)
FN:202,(anonymous_7)
FN:211,(anonymous_8)
FN:223,(anonymous_9)
FN:233,(anonymous_10)
FNF:11
FNH:9
FNDA:2,(anonymous_0)
FNDA:9,(anonymous_1)
FNDA:9,(anonymous_2)
FNDA:18,(anonymous_3)
FNDA:5,(anonymous_4)
FNDA:2,(anonymous_5)
FNDA:3,(anonymous_6)
FNDA:1,(anonymous_7)
FNDA:0,(anonymous_8)
FNDA:0,(anonymous_9)
FNDA:10,(anonymous_10)
DA:1,4
DA:2,4
DA:7,4
DA:23,2
DA:24,2
DA:25,2
DA:32,9
DA:33,9
DA:35,9
DA:36,3
DA:38,6
DA:39,1
DA:41,5
DA:42,0
DA:44,5
DA:45,1
DA:47,4
DA:48,0
DA:50,4
DA:51,0
DA:53,4
DA:54,0
DA:56,4
DA:57,0
DA:59,4
DA:60,0
DA:63,4
DA:71,9
DA:81,9
DA:82,9
DA:83,9
DA:84,18
DA:88,9
DA:93,9
DA:100,5
DA:101,5
DA:102,5
DA:105,5
DA:120,5
DA:121,4
DA:131,5
DA:132,5
DA:133,5
DA:134,5
DA:137,5
DA:138,0
DA:142,5
DA:143,5
DA:144,0
DA:148,5
DA:157,5
DA:158,0
DA:164,5
DA:175,2
DA:183,2
DA:184,3
DA:186,3
DA:187,2
DA:189,3
DA:193,2
DA:194,3
DA:202,1
DA:205,2
DA:212,0
DA:215,0
DA:216,0
DA:217,0
DA:222,0
DA:223,0
DA:229,4
DA:231,4
DA:234,10
DA:235,2
DA:237,10
LF:74
LH:59
BRDA:32,0,0,9
BRDA:32,0,1,0
BRDA:33,1,0,9
BRDA:33,1,1,0
BRDA:35,2,0,3
BRDA:35,2,1,6
BRDA:35,3,0,9
BRDA:35,3,1,8
BRDA:38,4,0,1
BRDA:38,4,1,5
BRDA:38,5,0,6
BRDA:38,5,1,6
BRDA:41,6,0,0
BRDA:41,6,1,5
BRDA:41,7,0,5
BRDA:41,7,1,5
BRDA:44,8,0,1
BRDA:44,8,1,4
BRDA:44,9,0,5
BRDA:44,9,1,4
BRDA:44,9,2,4
BRDA:47,10,0,0
BRDA:47,10,1,4
BRDA:47,11,0,4
BRDA:47,11,1,4
BRDA:50,12,0,0
BRDA:50,12,1,4
BRDA:50,13,0,4
BRDA:50,13,1,4
BRDA:53,14,0,0
BRDA:53,14,1,4
BRDA:53,15,0,4
BRDA:53,15,1,4
BRDA:56,16,0,0
BRDA:56,16,1,4
BRDA:56,17,0,4
BRDA:56,17,1,4
BRDA:59,18,0,0
BRDA:59,18,1,4
BRDA:59,19,0,4
BRDA:59,19,1,4
BRDA:73,20,0,9
BRDA:73,20,1,0
BRDA:81,21,0,9
BRDA:81,21,1,0
BRDA:99,22,0,0
BRDA:109,23,0,5
BRDA:109,23,1,0
BRDA:120,24,0,4
BRDA:120,24,1,1
BRDA:137,25,0,0
BRDA:137,25,1,5
BRDA:143,26,0,0
BRDA:143,26,1,5
BRDA:157,27,0,0
BRDA:157,27,1,5
BRDA:157,28,0,5
BRDA:157,28,1,0
BRDA:186,29,0,2
BRDA:186,29,1,1
BRDA:211,30,0,0
BRDA:216,31,0,0
BRDA:216,31,1,0
BRDA:234,32,0,2
BRDA:234,32,1,8
BRF:65
BRH:46
end_of_record
TN:
SF:src/services/metricsService.js
FN:4,(anonymous_0)
FN:95,(anonymous_1)
FN:100,(anonymous_2)
FN:112,(anonymous_3)
FN:116,(anonymous_4)
FN:120,(anonymous_5)
FN:127,(anonymous_6)
FN:131,(anonymous_7)
FN:135,(anonymous_8)
FN:139,(anonymous_9)
FN:148,(anonymous_10)
FNF:11
FNH:3
FNDA:3,(anonymous_0)
FNDA:0,(anonymous_1)
FNDA:23,(anonymous_2)
FNDA:0,(anonymous_3)
FNDA:0,(anonymous_4)
FNDA:0,(anonymous_5)
FNDA:0,(anonymous_6)
FNDA:0,(anonymous_7)
FNDA:0,(anonymous_8)
FNDA:0,(anonymous_9)
FNDA:26,(anonymous_10)
DA:1,3
DA:6,3
DA:9,3
DA:15,3
DA:22,3
DA:29,3
DA:35,3
DA:42,3
DA:48,3
DA:56,3
DA:64,3
DA:71,3
DA:76,3
DA:82,3
DA:83,3
DA:84,3
DA:85,3
DA:86,3
DA:87,3
DA:88,3
DA:89,3
DA:90,3
DA:91,3
DA:96,0
DA:101,23
DA:105,23
DA:113,0
DA:117,0
DA:121,0
DA:122,0
DA:123,0
DA:128,0
DA:132,0
DA:136,0
DA:140,0
DA:145,3
DA:147,3
DA:149,26
DA:150,3
DA:152,26
LF:40
LH:30
BRDA:120,0,0,0
BRDA:122,1,0,0
BRDA:122,1,1,0
BRDA:149,2,0,3
BRDA:149,2,1,23
BRF:5
BRH:2
end_of_record
TN:
SF:src/services/qrService.js
FN:3,(anonymous_0)
FNF:1
FNH:0
FNDA:0,(anonymous_0)
DA:1,0
DA:3,0
DA:4,0
DA:5,0
DA:7,0
DA:8,0
DA:12,0
LF:7
LH:0
BRF:0
BRH:0
end_of_record
TN:
SF:src/services/supabaseAdmin.js
FN:18,(anonymous_0)
FN:23,(anonymous_1)
FN:39,(anonymous_2)
FNF:3
FNH:2
FNDA:3,(anonymous_0)
FNDA:0,(anonymous_1)
FNDA:2,(anonymous_2)
DA:1,3
DA:2,3
DA:6,3
DA:19,3
DA:24,0
DA:30,0
DA:31,0
DA:32,0
DA:35,0
DA:40,2
DA:46,2
DA:47,2
DA:51,3
LF:13
LH:8
BRDA:30,0,0,0
BRDA:30,0,1,0
BRDA:46,1,0,0
BRDA:46,1,1,2
BRF:4
BRH:1
end_of_record
TN:
SF:src/services/supabaseService.js
FN:11,(anonymous_0)
FNF:1
FNH:1
FNDA:3,(anonymous_0)
DA:1,3
DA:2,3
DA:5,3
DA:12,3
DA:18,3
LF:5
LH:5
BRF:0
BRH:0
end_of_record
TN:
SF:src/services/tokenService.js
FN:22,(anonymous_0)
FN:50,(anonymous_1)
FN:63,(anonymous_2)
FN:102,(anonymous_3)
FN:113,(anonymous_4)
FN:128,(anonymous_5)
FN:136,(anonymous_6)
FN:144,(anonymous_7)
FNF:8
FNH:6
FNDA:3,(anonymous_0)
FNDA:3,(anonymous_1)
FNDA:2,(anonymous_2)
FNDA:0,(anonymous_3)
FNDA:1,(anonymous_4)
FNDA:1,(anonymous_5)
FNDA:1,(anonymous_6)
FNDA:0,(anonymous_7)
DA:2,3
DA:3,3
DA:4,3
DA:5,3
DA:8,3
DA:13,3
DA:23,3
DA:25,3
DA:31,3
DA:42,3
DA:44,3
DA:51,3
DA:52,3
DA:55,3
DA:57,3
DA:64,2
DA:65,2
DA:70,1
DA:71,1
DA:74,1
DA:76,0
DA:77,0
DA:81,1
DA:89,1
DA:91,1
DA:92,1
DA:94,1
DA:95,1
DA:103,0
DA:104,0
DA:105,0
DA:107,0
DA:114,1
DA:116,1
DA:117,3
DA:120,1
DA:122,1
DA:129,1
DA:130,1
DA:137,1
DA:138,1
DA:146,0
DA:150,3
LF:43
LH:36
BRDA:37,0,0,3
BRDA:37,0,1,3
BRDA:67,1,0,2
BRDA:67,1,1,2
BRDA:74,2,0,0
BRDA:74,2,1,1
BRDA:74,3,0,1
BRDA:74,3,1,1
BRDA:136,4,0,1
BRF:9
BRH:8
end_of_record
TN:
SF:src/services/twoFactorService.js
FN:10,(anonymous_0)
FN:26,(anonymous_1)
FN:39,(anonymous_2)
FN:51,(anonymous_3)
FN:64,(anonymous_4)
FN:65,(anonymous_5)
FNF:6
FNH:0
FNDA:0,(anonymous_0)
FNDA:0,(anonymous_1)
FNDA:0,(anonymous_2)
FNDA:0,(anonymous_3)
FNDA:0,(anonymous_4)
FNDA:0,(anonymous_5)
DA:2,3
DA:3,3
DA:4,3
DA:11,0
DA:17,0
DA:27,0
DA:28,0
DA:29,0
DA:31,0
DA:32,0
DA:40,0
DA:52,0
DA:53,0
DA:54,0
DA:58,0
DA:65,0
DA:66,0
DA:68,0
DA:69,0
DA:71,0
DA:75,3
LF:21
LH:4
BRDA:51,0,0,0
BRDA:66,1,0,0
BRDA:66,1,1,0
BRF:3
BRH:0
end_of_record
TN:
SF:src/services/webhookService.js
FN:7,(anonymous_0)
FN:15,(anonymous_1)
FN:25,(anonymous_2)
FN:73,(anonymous_3)
FN:94,(anonymous_4)
FN:110,(anonymous_5)
FN:129,(anonymous_6)
FNF:7
FNH:3
FNDA:3,(anonymous_0)
FNDA:0,(anonymous_1)
FNDA:0,(anonymous_2)
FNDA:0,(anonymous_3)
FNDA:0,(anonymous_4)
FNDA:1,(anonymous_5)
FNDA:1,(anonymous_6)
DA:1,3
DA:2,3
DA:3,3
DA:4,3
DA:8,3
DA:9,3
DA:16,0
DA:26,0
DA:33,0
DA:39,0
DA:40,0
DA:43,0
DA:44,0
DA:46,0
DA:47,0
DA:48,0
DA:54,0
DA:63,0
DA:64,0
DA:67,0
DA:68,0
DA:70,0
DA:72,0
DA:73,0
DA:79,0
DA:88,0
DA:95,0
DA:96,0
DA:103,0
DA:111,1
DA:118,0
DA:119,0
DA:120,0
DA:123,0
DA:130,1
DA:131,1
DA:133,0
DA:134,0
DA:137,0
DA:145,0
DA:150,3
LF:41
LH:10
BRDA:25,0,0,0
BRDA:25,1,0,0
BRDA:39,2,0,0
BRDA:39,2,1,0
BRDA:72,3,0,0
BRDA:72,3,1,0
BRDA:118,4,0,0
BRDA:118,4,1,0
BRDA:133,5,0,0
BRDA:133,5,1,0
BRDA:133,6,0,0
BRDA:133,6,1,0
BRF:12
BRH:0
end_of_record
TN:
SF:src/services/blockchain/PaseoService.js
FN:9,(anonymous_0)
FN:17,(anonymous_1)
FN:46,(anonymous_2)
FN:49,(anonymous_3)
FN:53,(anonymous_4)
FN:84,(anonymous_5)
FN:117,(anonymous_6)
FN:118,(anonymous_7)
FN:150,(anonymous_8)
FN:153,(anonymous_9)
FN:156,(anonymous_10)
FN:168,(anonymous_11)
FN:180,(anonymous_12)
FN:193,(anonymous_13)
FN:209,(anonymous_14)
FNF:15
FNH:2
FNDA:3,(anonymous_0)
FNDA:3,(anonymous_1)
FNDA:0,(anonymous_2)
FNDA:0,(anonymous_3)
FNDA:0,(anonymous_4)
FNDA:0,(anonymous_5)
FNDA:0,(anonymous_6)
FNDA:0,(anonymous_7)
FNDA:0,(anonymous_8)
FNDA:0,(anonymous_9)
FNDA:0,(anonymous_10)
FNDA:0,(anonymous_11)
FNDA:0,(anonymous_12)
FNDA:0,(anonymous_13)
FNDA:0,(anonymous_14)
DA:2,3
DA:3,3
DA:4,3
DA:5,3
DA:6,3
DA:10,3
DA:11,3
DA:12,3
DA:13,3
DA:14,3
DA:18,3
DA:19,3
DA:21,3
DA:24,3
DA:25,3
DA:28,0
DA:29,0
DA:31,0
DA:32,0
DA:34,0
DA:35,0
DA:36,0
DA:38,0
DA:41,0
DA:42,0
DA:48,0
DA:49,0
DA:53,0
DA:54,0
DA:55,0
DA:66,0
DA:67,0
DA:69,0
DA:71,0
DA:85,0
DA:86,0
DA:89,0
DA:90,0
DA:94,0
DA:95,0
DA:98,0
DA:111,0
DA:114,0
DA:117,0
DA:118,0
DA:121,0
DA:123,0
DA:126,0
DA:127,0
DA:128,0
DA:129,0
DA:131,0
DA:134,0
DA:145,0
DA:146,0
DA:152,0
DA:153,0
DA:156,0
DA:157,0
DA:158,0
DA:161,0
DA:162,0
DA:164,0
DA:169,0
DA:171,0
DA:172,0
DA:173,0
DA:175,0
DA:176,0
DA:181,0
DA:182,0
DA:185,0
DA:186,0
DA:187,0
DA:189,0
DA:194,0
DA:195,0
DA:197,0
DA:210,0
DA:211,0
DA:212,0
DA:213,0
DA:214,0
DA:219,3
LF:84
LH:16
BRDA:85,0,0,0
BRDA:85,0,1,0
BRDA:89,1,0,0
BRDA:89,1,1,0
BRDA:102,2,0,0
BRDA:102,2,1,0
BRDA:169,3,0,0
BRDA:169,3,1,0
BRDA:181,4,0,0
BRDA:181,4,1,0
BRDA:195,5,0,0
BRDA:195,5,1,0
BRDA:202,6,0,0
BRDA:202,6,1,0
BRDA:203,7,0,0
BRDA:203,7,1,0
BRDA:210,8,0,0
BRDA:210,8,1,0
BRF:18
BRH:0
end_of_record
TN:
SF:src/utils/constants.js
FNF:0
FNH:0
DA:1,0
LF:1
LH:0
BRF:0
BRH:0
end_of_record
TN:
SF:src/utils/helpers.js
FN:3,(anonymous_0)
FN:9,(anonymous_1)
FNF:2
FNH:0
FNDA:0,(anonymous_0)
FNDA:0,(anonymous_1)
DA:1,0
DA:3,0
DA:4,0
DA:5,0
DA:6,0
DA:9,0
DA:10,0
DA:13,0
LF:8
LH:0
BRF:0
BRH:0
end_of_record
TN:
SF:src/utils/database/transactions.js
FN:4,(anonymous_0)
FN:11,(anonymous_1)
FN:22,(anonymous_2)
FN:67,(anonymous_3)
FN:78,(anonymous_4)
FN:88,(anonymous_5)
FN:106,(anonymous_6)
FN:125,(anonymous_7)
FNF:8
FNH:0
FNDA:0,(anonymous_0)
FNDA:0,(anonymous_1)
FNDA:0,(anonymous_2)
FNDA:0,(anonymous_3)
FNDA:0,(anonymous_4)
FNDA:0,(anonymous_5)
FNDA:0,(anonymous_6)
FNDA:0,(anonymous_7)
DA:1,3
DA:5,0
DA:6,0
DA:7,0
DA:8,0
DA:12,0
DA:19,0
DA:23,0
DA:24,0
DA:26,0
DA:28,0
DA:29,0
DA:30,0
DA:31,0
DA:33,0
DA:35,0
DA:36,0
DA:39,0
DA:40,0
DA:47,0
DA:48,0
DA:55,0
DA:57,0
DA:58,0
DA:59,0
DA:61,0
DA:62,0
DA:70,0
DA:72,0
DA:73,0
DA:76,0
DA:77,0
DA:78,0
DA:79,0
DA:82,0
DA:83,0
DA:86,0
DA:87,0
DA:88,0
DA:89,0
DA:92,0
DA:93,0
DA:96,0
DA:97,0
DA:100,0
DA:103,0
DA:107,0
DA:110,0
DA:111,0
DA:112,0
DA:114,0
DA:115,0
DA:117,0
DA:118,0
DA:122,0
DA:126,0
DA:129,0
DA:130,0
DA:135,0
DA:139,0
DA:140,0
DA:144,0
DA:145,0
DA:149,0
DA:153,0
DA:154,0
DA:159,3
LF:67
LH:2
BRDA:11,0,0,0
BRDA:35,1,0,0
BRDA:35,1,1,0
BRDA:70,2,0,0
BRDA:70,2,1,0
BRDA:70,2,2,0
BRDA:70,2,3,0
BRDA:70,2,4,0
BRDA:77,3,0,0
BRDA:77,3,1,0
BRDA:87,4,0,0
BRDA:87,4,1,0
BRDA:126,5,0,0
BRDA:126,5,1,0
BRDA:126,5,2,0
BRDA:126,5,3,0
BRDA:129,6,0,0
BRDA:129,6,1,0
BRDA:129,7,0,0
BRDA:129,7,1,0
BRDA:144,8,0,0
BRDA:144,8,1,0
BRDA:144,9,0,0
BRDA:144,9,1,0
BRF:24
BRH:0
end_of_record
TN:
SF:src/utils/logger/index.js
FN:19,(anonymous_0)
FN:67,(anonymous_1)
FNF:2
FNH:1
FNDA:129,(anonymous_0)
FNDA:0,(anonymous_1)
DA:1,4
DA:2,4
DA:3,4
DA:5,4
DA:8,4
DA:16,4
DA:20,129
DA:21,129
DA:26,4
DA:48,4
DA:49,4
DA:58,4
DA:66,4
DA:68,0
DA:72,4
LF:15
LH:14
BRDA:20,0,0,56
BRDA:20,0,1,73
BRDA:48,1,0,4
BRDA:48,1,1,0
BRDA:59,2,0,4
BRDA:59,2,1,4
BRF:6
BRH:5
end_of_record
TN:
SF:src/vallidators/certificateValidator.js
FN:16,(anonymous_0)
FNF:1
FNH:0
FNDA:0,(anonymous_0)
DA:1,0
DA:3,0
DA:16,0
DA:17,0
DA:23,0
LF:5
LH:0
BRF:0
BRH:0
end_of_record
TN:
SF:src/workers/blockchainWorker.js
FN:7,(anonymous_0)
FN:11,(anonymous_1)
FN:92,(anonymous_2)
FNF:3
FNH:0
FNDA:0,(anonymous_0)
FNDA:0,(anonymous_1)
FNDA:0,(anonymous_2)
DA:1,0
DA:2,0
DA:3,0
DA:4,0
DA:8,0
DA:9,0
DA:11,0
DA:12,0
DA:14,0
DA:15,0
DA:18,0
DA:24,0
DA:25,0
DA:28,0
DA:29,0
DA:30,0
DA:34,0
DA:37,0
DA:51,0
DA:54,0
DA:61,0
DA:69,0
DA:72,0
DA:85,0
DA:89,0
DA:93,0
DA:94,0
DA:95,0
DA:96,0
DA:100,0
LF:30
LH:0
BRDA:12,0,0,0
BRDA:24,1,0,0
BRDA:24,1,1,0
BRDA:24,2,0,0
BRDA:24,2,1,0
BRDA:28,3,0,0
BRDA:28,3,1,0
BRF:7
BRH:0
end_of_record
